#
# A fatal error has been detected by the Java Runtime Environment:
#
#  EXCEPTION_ACCESS_VIOLATION (0xc0000005) at pc=0x00007ffc68b50955, pid=16208, tid=3080
#
# JRE version: OpenJDK Runtime Environment Corretto-17.0.4.9.1 (17.0.4.1+9) (build 17.0.4.1+9-LTS)
# Java VM: OpenJDK 64-Bit Server VM Corretto-17.0.4.9.1 (17.0.4.1+9-LTS, mixed mode, sharing, tiered, compressed oops, compressed class ptrs, g1 gc, windows-amd64)
# Problematic frame:
# C  [atio6axx.dll+0x1ac0955]
#
# No core dump will be written. Minidumps are not enabled by default on client versions of Windows
#
# If you would like to submit a bug report, please visit:
#   https://github.com/corretto/corretto-17/issues/
# The crash happened outside the Java Virtual Machine in native code.
# See problematic frame for where to report the bug.
#

---------------  S U M M A R Y ------------

Command Line: -Dfile.encoding=windows-1250 -Duser.country=PL -Duser.language=pl -Duser.variant org.example.HelloWorld

Host: AMD Ryzen 5 4500U with Radeon Graphics         , 6 cores, 15G,  Windows 10 , 64 bit Build 19041 (10.0.19041.2364)
Time: Mon Jan  9 23:02:32 2023  Windows 10 , 64 bit Build 19041 (10.0.19041.2364) elapsed time: 1.580467 seconds (0d 0h 0m 1s)

---------------  T H R E A D  ---------------

Current thread (0x0000026ccd12c8e0):  JavaThread "main" [_thread_in_native, id=3080, stack(0x0000008484300000,0x0000008484400000)]

Stack: [0x0000008484300000,0x0000008484400000],  sp=0x00000084843fe668,  free space=1017k
Native frames: (J=compiled Java code, j=interpreted, Vv=VM code, C=native code)
C  [atio6axx.dll+0x1ac0955]

Java frames: (J=compiled Java code, j=interpreted, Vv=VM code)
j  org.lwjgl.opengl.GL11C.nglTexImage2D(IIIIIIIIJ)V+0
j  org.lwjgl.opengl.GL11C.glTexImage2D(IIIIIIIILjava/nio/ByteBuffer;)V+17
j  org.lwjgl.opengl.GL11.glTexImage2D(IIIIIIIILjava/nio/ByteBuffer;)V+14
j  org.example.models.Model.loadTexture(Ljava/lang/String;)I+157
j  org.example.models.Model.loadTextureFromFile(Ljava/lang/String;Ljava/lang/String;)I+50
j  org.example.models.Model.loadMaterialTextures(Lorg/lwjgl/assimp/AIMaterial;ILjava/lang/String;)Ljava/util/List;+56
j  org.example.models.Model.processMesh(Lorg/lwjgl/assimp/AIMesh;Lorg/lwjgl/assimp/AIScene;)Lorg/example/models/Mesh;+316
j  org.example.models.Model.processNode(Lorg/lwjgl/assimp/AINode;Lorg/lwjgl/assimp/AIScene;)V+63
j  org.example.models.Model.processNode(Lorg/lwjgl/assimp/AINode;Lorg/lwjgl/assimp/AIScene;)V+119
j  org.example.models.Model.processNode(Lorg/lwjgl/assimp/AINode;Lorg/lwjgl/assimp/AIScene;)V+119
j  org.example.models.Model.loadModel(Ljava/lang/String;)V+94
j  org.example.models.Model.<init>(Ljava/lang/String;)V+17
j  org.example.HelloWorld.main([Ljava/lang/String;)V+469
v  ~StubRoutines::call_stub

siginfo: EXCEPTION_ACCESS_VIOLATION (0xc0000005), reading address 0x0000026c9e08bff0


Register to memory mapping:

RIP=0x00007ffc68b50955 atio6axx.dll
RAX=0x0000026c9e870040 points into unknown readable memory: 0x0000000000000000 | 00 00 00 00 00 00 00 00
RBX=0x0000026c957ab210 points into unknown readable memory: 0x0000080000000001 | 01 00 00 00 00 08 00 00
RCX=0x0000026c9e4a7fb0 points into unknown readable memory: 0x0000000000000000 | 00 00 00 00 00 00 00 00
RDX=0xffffffffffbe4000 is an unknown value
RSP=0x00000084843fe668 is pointing into the stack for thread: 0x0000026ccd12c8e0
RBP=0x0000026cf5edd188 points into unknown readable memory: 0x00000000067fffe8 | e8 ff 7f 06 00 00 00 00
RSI=0x0000026cf5edd188 points into unknown readable memory: 0x00000000067fffe8 | e8 ff 7f 06 00 00 00 00
RDI=0x0000000000c00000 is an unknown value
R8 =0x0000000000bffff0 is an unknown value
R9 =0x000000000000837f is an unknown value
R10=0x0000026c9dc70040 points into unknown readable memory: 0x2121212121212121 | 21 21 21 21 21 21 21 21
R11=0x0000026c9e08c040 points into unknown readable memory: 0x0000000000000000 | 00 00 00 00 00 00 00 00
R12=0x00000084843fe7e0 is pointing into the stack for thread: 0x0000026ccd12c8e0
R13=0x0000026c9dc70040 points into unknown readable memory: 0x2121212121212121 | 21 21 21 21 21 21 21 21
R14=0x0000000000001800 is an unknown value
R15=0x0000000000001800 is an unknown value


Registers:
RAX=0x0000026c9e870040, RBX=0x0000026c957ab210, RCX=0x0000026c9e4a7fb0, RDX=0xffffffffffbe4000
RSP=0x00000084843fe668, RBP=0x0000026cf5edd188, RSI=0x0000026cf5edd188, RDI=0x0000000000c00000
R8 =0x0000000000bffff0, R9 =0x000000000000837f, R10=0x0000026c9dc70040, R11=0x0000026c9e08c040
R12=0x00000084843fe7e0, R13=0x0000026c9dc70040, R14=0x0000000000001800, R15=0x0000000000001800
RIP=0x00007ffc68b50955, EFLAGS=0x0000000000010202

Top of Stack: (sp=0x00000084843fe668)
0x00000084843fe668:   00007ffc683daae1 0000000200000000
0x00000084843fe678:   0000026cccf64e00 2222222222222222
0x00000084843fe688:   0000026cccf60000 00007ffc69ac9454
0x00000084843fe698:   000000000000057c 0000026cf262e2b0
0x00000084843fe6a8:   0000026cccf60d80 0000026cf25ec7c0
0x00000084843fe6b8:   0000026cf5d0d670 0000000000000000
0x00000084843fe6c8:   0000000000000800 0000026cf25ec7c0
0x00000084843fe6d8:   00000084843fe9a0 00000084843fe870
0x00000084843fe6e8:   00007ffc683dac92 0000000000000001
0x00000084843fe6f8:   0000026cf5d0d670 00000084843fe970
0x00000084843fe708:   2222222200000004 0000026c00000001
0x00000084843fe718:   0000026c00000000 0000026c0000002d
0x00000084843fe728:   0000000000000000 0000026c9dc70040
0x00000084843fe738:   0000026c00000001 00000084843fe900
0x00000084843fe748:   0000000000000000 0000000000001800
0x00000084843fe758:   0000000000000000 2222222200000000 

Instructions: (pc=0x00007ffc68b50955)
0x00007ffc68b50855:   10 04 11 48 83 c1 10 49 ff c9 75 ef 49 83 e0 0f
0x00007ffc68b50865:   74 0d 4a 8d 04 01 0f 10 4c 10 f0 0f 11 48 f0 0f
0x00007ffc68b50875:   11 41 f0 49 8b c3 c3 0f 1f 40 00 0f 2b 41 e0 0f
0x00007ffc68b50885:   2b 49 f0 0f 18 84 11 00 02 00 00 0f 10 04 11 0f
0x00007ffc68b50895:   10 4c 11 10 48 81 c1 80 00 00 00 0f 2b 41 80 0f
0x00007ffc68b508a5:   2b 49 90 0f 10 44 11 a0 0f 10 4c 11 b0 49 ff c9
0x00007ffc68b508b5:   0f 2b 41 a0 0f 2b 49 b0 0f 10 44 11 c0 0f 10 4c
0x00007ffc68b508c5:   11 d0 0f 18 84 11 40 02 00 00 0f 2b 41 c0 0f 2b
0x00007ffc68b508d5:   49 d0 0f 10 44 11 e0 0f 10 4c 11 f0 75 9d 0f ae
0x00007ffc68b508e5:   f8 e9 38 ff ff ff 0f 1f 44 00 00 49 03 c8 0f 10
0x00007ffc68b508f5:   44 11 f0 48 83 e9 10 49 83 e8 10 f6 c1 0f 74 17
0x00007ffc68b50905:   48 8b c1 48 83 e1 f0 0f 10 c8 0f 10 04 11 0f 11
0x00007ffc68b50915:   08 4c 8b c1 4d 2b c3 4d 8b c8 49 c1 e9 07 74 68
0x00007ffc68b50925:   0f 29 01 eb 0d 66 0f 1f 44 00 00 0f 29 41 10 0f
0x00007ffc68b50935:   29 09 0f 10 44 11 f0 0f 10 4c 11 e0 48 81 e9 80
0x00007ffc68b50945:   00 00 00 0f 29 41 70 0f 29 49 60 0f 10 44 11 50
0x00007ffc68b50955:   0f 10 4c 11 40 49 ff c9 0f 29 41 50 0f 29 49 40
0x00007ffc68b50965:   0f 10 44 11 30 0f 10 4c 11 20 0f 29 41 30 0f 29
0x00007ffc68b50975:   49 20 0f 10 44 11 10 0f 10 0c 11 75 ae 0f 29 41
0x00007ffc68b50985:   10 49 83 e0 7f 0f 28 c1 4d 8b c8 49 c1 e9 04 74
0x00007ffc68b50995:   1a 66 66 0f 1f 84 00 00 00 00 00 0f 11 01 48 83
0x00007ffc68b509a5:   e9 10 0f 10 04 11 49 ff c9 75 f0 49 83 e0 0f 74
0x00007ffc68b509b5:   08 41 0f 10 0a 41 0f 11 0b 0f 11 01 49 8b c3 c3
0x00007ffc68b509c5:   cc cc cc 48 89 5c 24 10 48 89 7c 24 18 55 48 8b
0x00007ffc68b509d5:   ec 48 83 ec 60 0f 28 05 ef 33 1a 00 48 8b da 0f
0x00007ffc68b509e5:   28 0d f5 33 1a 00 48 8b f9 0f 29 45 c0 0f 28 05
0x00007ffc68b509f5:   f7 33 1a 00 0f 29 4d d0 0f 28 0d fc 33 1a 00 0f
0x00007ffc68b50a05:   29 45 e0 0f 29 4d f0 48 85 d2 74 1d f6 02 10 74
0x00007ffc68b50a15:   18 48 8b 09 48 83 e9 08 48 8b 01 48 8b 58 30 48
0x00007ffc68b50a25:   8b 40 40 ff 15 ba 0e 19 00 48 8d 55 10 48 89 7d
0x00007ffc68b50a35:   e8 48 8b cb 48 89 5d f0 ff 15 f5 0b 19 00 48 89
0x00007ffc68b50a45:   45 10 48 89 45 f8 48 85 db 74 11 f6 03 08 75 05 


Stack slot to memory mapping:
stack at sp + 0 slots: 0x00007ffc683daae1 atio6axx.dll
stack at sp + 1 slots: 0x0000000200000000 is an unknown value
stack at sp + 2 slots: 0x0000026cccf64e00 points into unknown readable memory: 0x0000026cccf60d80 | 80 0d f6 cc 6c 02 00 00
stack at sp + 3 slots: 0x2222222222222222 is an unknown value
stack at sp + 4 slots: 0x0000026cccf60000 points into unknown readable memory: 0x0000000000000000 | 00 00 00 00 00 00 00 00
stack at sp + 5 slots: 0x00007ffc69ac9454 atio6axx.dll
stack at sp + 6 slots: 0x000000000000057c is an unknown value
stack at sp + 7 slots: 0x0000026cf262e2b0 points into unknown readable memory: 0x0000026cf295f500 | 00 f5 95 f2 6c 02 00 00


---------------  P R O C E S S  ---------------

Threads class SMR info:
_java_thread_list=0x0000026cf675fc80, length=12, elements={
0x0000026ccd12c8e0, 0x0000026cf1752a60, 0x0000026cf1754960, 0x0000026cf1769810,
0x0000026cf176a0d0, 0x0000026cf176aa80, 0x0000026cf176b430, 0x0000026cf176c7d0,
0x0000026cf176e280, 0x0000026cf211e6a0, 0x0000026cf224e400, 0x0000026cf225e380
}

Java Threads: ( => current thread )
=>0x0000026ccd12c8e0 JavaThread "main" [_thread_in_native, id=3080, stack(0x0000008484300000,0x0000008484400000)]
  0x0000026cf1752a60 JavaThread "Reference Handler" daemon [_thread_blocked, id=2724, stack(0x0000008484a00000,0x0000008484b00000)]
  0x0000026cf1754960 JavaThread "Finalizer" daemon [_thread_blocked, id=10920, stack(0x0000008484b00000,0x0000008484c00000)]
  0x0000026cf1769810 JavaThread "Signal Dispatcher" daemon [_thread_blocked, id=8348, stack(0x0000008484c00000,0x0000008484d00000)]
  0x0000026cf176a0d0 JavaThread "Attach Listener" daemon [_thread_blocked, id=15472, stack(0x0000008484d00000,0x0000008484e00000)]
  0x0000026cf176aa80 JavaThread "Service Thread" daemon [_thread_blocked, id=5564, stack(0x0000008484e00000,0x0000008484f00000)]
  0x0000026cf176b430 JavaThread "Monitor Deflation Thread" daemon [_thread_blocked, id=12160, stack(0x0000008484f00000,0x0000008485000000)]
  0x0000026cf176c7d0 JavaThread "C2 CompilerThread0" daemon [_thread_in_native, id=1812, stack(0x0000008485000000,0x0000008485100000)]
  0x0000026cf176e280 JavaThread "C1 CompilerThread0" daemon [_thread_blocked, id=532, stack(0x0000008485100000,0x0000008485200000)]
  0x0000026cf211e6a0 JavaThread "Sweeper thread" daemon [_thread_blocked, id=5468, stack(0x0000008485200000,0x0000008485300000)]
  0x0000026cf224e400 JavaThread "Notification Thread" daemon [_thread_blocked, id=3144, stack(0x0000008485300000,0x0000008485400000)]
  0x0000026cf225e380 JavaThread "Common-Cleaner" daemon [_thread_blocked, id=8900, stack(0x0000008485500000,0x0000008485600000)]

Other Threads:
  0x0000026cf174d2a0 VMThread "VM Thread" [stack: 0x0000008484900000,0x0000008484a00000] [id=10172]
  0x0000026cf22508e0 WatcherThread [stack: 0x0000008485400000,0x0000008485500000] [id=17352]
  0x0000026ccd197410 GCTaskThread "GC Thread#0" [stack: 0x0000008484400000,0x0000008484500000] [id=6772]
  0x0000026cf674d5d0 GCTaskThread "GC Thread#1" [stack: 0x0000008485a00000,0x0000008485b00000] [id=9564]
  0x0000026cf67d0280 GCTaskThread "GC Thread#2" [stack: 0x0000008485b00000,0x0000008485c00000] [id=10760]
  0x0000026cf67439b0 GCTaskThread "GC Thread#3" [stack: 0x0000008485c00000,0x0000008485d00000] [id=15656]
  0x0000026cf6809380 GCTaskThread "GC Thread#4" [stack: 0x0000008485d00000,0x0000008485e00000] [id=1820]
  0x0000026cf67cd7a0 GCTaskThread "GC Thread#5" [stack: 0x0000008485e00000,0x0000008485f00000] [id=5176]
  0x0000026ccd1a7950 ConcurrentGCThread "G1 Main Marker" [stack: 0x0000008484500000,0x0000008484600000] [id=9980]
  0x0000026ccd1aa270 ConcurrentGCThread "G1 Conc#0" [stack: 0x0000008484600000,0x0000008484700000] [id=10428]
  0x0000026ccd20eb80 ConcurrentGCThread "G1 Refine#0" [stack: 0x0000008484700000,0x0000008484800000] [id=936]
  0x0000026cf1607a60 ConcurrentGCThread "G1 Service" [stack: 0x0000008484800000,0x0000008484900000] [id=8076]

Threads with active compile tasks:
C2 CompilerThread0     1615  840       4       org.example.models.Model::processMesh (374 bytes)

VM state: not at safepoint (normal execution)

VM Mutex/Monitor currently owned by a thread: None

Heap address: 0x000000070a000000, size: 3936 MB, Compressed Oops mode: Zero based, Oop shift amount: 3

CDS archive(s) mapped at: [0x0000000800000000-0x0000000800bc0000-0x0000000800bc0000), size 12320768, SharedBaseAddress: 0x0000000800000000, ArchiveRelocationMode: 0.
Compressed class space mapped at: 0x0000000800c00000-0x0000000840c00000, reserved size: 1073741824
Narrow klass base: 0x0000000800000000, Narrow klass shift: 0, Narrow klass range: 0x100000000

GC Precious Log:
 CPUs: 6 total, 6 available
 Memory: 15741M
 Large Page Support: Disabled
 NUMA Support: Disabled
 Compressed Oops: Enabled (Zero based)
 Heap Region Size: 2M
 Heap Min Capacity: 8M
 Heap Initial Capacity: 246M
 Heap Max Capacity: 3936M
 Pre-touch: Disabled
 Parallel Workers: 6
 Concurrent Workers: 2
 Concurrent Refinement Workers: 6
 Periodic GC: Disabled

Heap:
 garbage-first heap   total 251904K, used 113870K [0x000000070a000000, 0x0000000800000000)
  region size 2048K, 45 young (92160K), 6 survivors (12288K)
 Metaspace       used 4239K, committed 4480K, reserved 1056768K
  class space    used 215K, committed 320K, reserved 1048576K

Heap Regions: E=young(eden), S=young(survivor), O=old, HS=humongous(starts), HC=humongous(continues), CS=collection set, F=free, OA=open archive, CA=closed archive, TAMS=top-at-mark-start (previous, next)
|   0|0x000000070a000000, 0x000000070a200000, 0x000000070a200000|100%| O|  |TAMS 0x000000070a000000, 0x000000070a000000| Untracked 
|   1|0x000000070a200000, 0x000000070a400000, 0x000000070a400000|100%| O|  |TAMS 0x000000070a200000, 0x000000070a200000| Untracked 
|   2|0x000000070a400000, 0x000000070a600000, 0x000000070a600000|100%| O|  |TAMS 0x000000070a400000, 0x000000070a400000| Untracked 
|   3|0x000000070a600000, 0x000000070a800000, 0x000000070a800000|100%| O|  |TAMS 0x000000070a600000, 0x000000070a600000| Untracked 
|   4|0x000000070a800000, 0x000000070aa00000, 0x000000070aa00000|100%| O|  |TAMS 0x000000070a800000, 0x000000070a800000| Untracked 
|   5|0x000000070aa00000, 0x000000070ac00000, 0x000000070ac00000|100%| O|  |TAMS 0x000000070aa00000, 0x000000070aa00000| Untracked 
|   6|0x000000070ac00000, 0x000000070ae00000, 0x000000070ae00000|100%| O|  |TAMS 0x000000070ac00000, 0x000000070ac00000| Untracked 
|   7|0x000000070ae00000, 0x000000070b000000, 0x000000070b000000|100%| O|  |TAMS 0x000000070ae00000, 0x000000070ae00000| Untracked 
|   8|0x000000070b000000, 0x000000070b200000, 0x000000070b200000|100%| O|  |TAMS 0x000000070b000000, 0x000000070b000000| Untracked 
|   9|0x000000070b200000, 0x000000070b400000, 0x000000070b400000|100%| O|  |TAMS 0x000000070b200000, 0x000000070b200000| Untracked 
|  10|0x000000070b400000, 0x000000070b600000, 0x000000070b600000|100%| O|  |TAMS 0x000000070b400000, 0x000000070b400000| Untracked 
|  11|0x000000070b600000, 0x000000070b733a00, 0x000000070b800000| 60%| O|  |TAMS 0x000000070b600000, 0x000000070b600000| Untracked 
|  12|0x000000070b800000, 0x000000070b800000, 0x000000070ba00000|  0%| F|  |TAMS 0x000000070b800000, 0x000000070b800000| Untracked 
|  13|0x000000070ba00000, 0x000000070ba00000, 0x000000070bc00000|  0%| F|  |TAMS 0x000000070ba00000, 0x000000070ba00000| Untracked 
|  14|0x000000070bc00000, 0x000000070bc00000, 0x000000070be00000|  0%| F|  |TAMS 0x000000070bc00000, 0x000000070bc00000| Untracked 
|  15|0x000000070be00000, 0x000000070be00000, 0x000000070c000000|  0%| F|  |TAMS 0x000000070be00000, 0x000000070be00000| Untracked 
|  16|0x000000070c000000, 0x000000070c000000, 0x000000070c200000|  0%| F|  |TAMS 0x000000070c000000, 0x000000070c000000| Untracked 
|  17|0x000000070c200000, 0x000000070c200000, 0x000000070c400000|  0%| F|  |TAMS 0x000000070c200000, 0x000000070c200000| Untracked 
|  18|0x000000070c400000, 0x000000070c400000, 0x000000070c600000|  0%| F|  |TAMS 0x000000070c400000, 0x000000070c400000| Untracked 
|  19|0x000000070c600000, 0x000000070c600000, 0x000000070c800000|  0%| F|  |TAMS 0x000000070c600000, 0x000000070c600000| Untracked 
|  20|0x000000070c800000, 0x000000070c800000, 0x000000070ca00000|  0%| F|  |TAMS 0x000000070c800000, 0x000000070c800000| Untracked 
|  21|0x000000070ca00000, 0x000000070ca00000, 0x000000070cc00000|  0%| F|  |TAMS 0x000000070ca00000, 0x000000070ca00000| Untracked 
|  22|0x000000070cc00000, 0x000000070cc00000, 0x000000070ce00000|  0%| F|  |TAMS 0x000000070cc00000, 0x000000070cc00000| Untracked 
|  23|0x000000070ce00000, 0x000000070ce00000, 0x000000070d000000|  0%| F|  |TAMS 0x000000070ce00000, 0x000000070ce00000| Untracked 
|  24|0x000000070d000000, 0x000000070d000000, 0x000000070d200000|  0%| F|  |TAMS 0x000000070d000000, 0x000000070d000000| Untracked 
|  25|0x000000070d200000, 0x000000070d200000, 0x000000070d400000|  0%| F|  |TAMS 0x000000070d200000, 0x000000070d200000| Untracked 
|  26|0x000000070d400000, 0x000000070d400000, 0x000000070d600000|  0%| F|  |TAMS 0x000000070d400000, 0x000000070d400000| Untracked 
|  27|0x000000070d600000, 0x000000070d600000, 0x000000070d800000|  0%| F|  |TAMS 0x000000070d600000, 0x000000070d600000| Untracked 
|  28|0x000000070d800000, 0x000000070d800000, 0x000000070da00000|  0%| F|  |TAMS 0x000000070d800000, 0x000000070d800000| Untracked 
|  29|0x000000070da00000, 0x000000070da00000, 0x000000070dc00000|  0%| F|  |TAMS 0x000000070da00000, 0x000000070da00000| Untracked 
|  30|0x000000070dc00000, 0x000000070dc00000, 0x000000070de00000|  0%| F|  |TAMS 0x000000070dc00000, 0x000000070dc00000| Untracked 
|  31|0x000000070de00000, 0x000000070de00000, 0x000000070e000000|  0%| F|  |TAMS 0x000000070de00000, 0x000000070de00000| Untracked 
|  32|0x000000070e000000, 0x000000070e000000, 0x000000070e200000|  0%| F|  |TAMS 0x000000070e000000, 0x000000070e000000| Untracked 
|  33|0x000000070e200000, 0x000000070e200000, 0x000000070e400000|  0%| F|  |TAMS 0x000000070e200000, 0x000000070e200000| Untracked 
|  34|0x000000070e400000, 0x000000070e400000, 0x000000070e600000|  0%| F|  |TAMS 0x000000070e400000, 0x000000070e400000| Untracked 
|  35|0x000000070e600000, 0x000000070e600000, 0x000000070e800000|  0%| F|  |TAMS 0x000000070e600000, 0x000000070e600000| Untracked 
|  36|0x000000070e800000, 0x000000070e800000, 0x000000070ea00000|  0%| F|  |TAMS 0x000000070e800000, 0x000000070e800000| Untracked 
|  37|0x000000070ea00000, 0x000000070ea00000, 0x000000070ec00000|  0%| F|  |TAMS 0x000000070ea00000, 0x000000070ea00000| Untracked 
|  38|0x000000070ec00000, 0x000000070ec00000, 0x000000070ee00000|  0%| F|  |TAMS 0x000000070ec00000, 0x000000070ec00000| Untracked 
|  39|0x000000070ee00000, 0x000000070ee00000, 0x000000070f000000|  0%| F|  |TAMS 0x000000070ee00000, 0x000000070ee00000| Untracked 
|  40|0x000000070f000000, 0x000000070f000000, 0x000000070f200000|  0%| F|  |TAMS 0x000000070f000000, 0x000000070f000000| Untracked 
|  41|0x000000070f200000, 0x000000070f200000, 0x000000070f400000|  0%| F|  |TAMS 0x000000070f200000, 0x000000070f200000| Untracked 
|  42|0x000000070f400000, 0x000000070f400000, 0x000000070f600000|  0%| F|  |TAMS 0x000000070f400000, 0x000000070f400000| Untracked 
|  43|0x000000070f600000, 0x000000070f600000, 0x000000070f800000|  0%| F|  |TAMS 0x000000070f600000, 0x000000070f600000| Untracked 
|  44|0x000000070f800000, 0x000000070f800000, 0x000000070fa00000|  0%| F|  |TAMS 0x000000070f800000, 0x000000070f800000| Untracked 
|  45|0x000000070fa00000, 0x000000070fa00000, 0x000000070fc00000|  0%| F|  |TAMS 0x000000070fa00000, 0x000000070fa00000| Untracked 
|  46|0x000000070fc00000, 0x000000070fc00000, 0x000000070fe00000|  0%| F|  |TAMS 0x000000070fc00000, 0x000000070fc00000| Untracked 
|  47|0x000000070fe00000, 0x000000070fe00000, 0x0000000710000000|  0%| F|  |TAMS 0x000000070fe00000, 0x000000070fe00000| Untracked 
|  48|0x0000000710000000, 0x0000000710000000, 0x0000000710200000|  0%| F|  |TAMS 0x0000000710000000, 0x0000000710000000| Untracked 
|  49|0x0000000710200000, 0x0000000710200000, 0x0000000710400000|  0%| F|  |TAMS 0x0000000710200000, 0x0000000710200000| Untracked 
|  50|0x0000000710400000, 0x0000000710400000, 0x0000000710600000|  0%| F|  |TAMS 0x0000000710400000, 0x0000000710400000| Untracked 
|  51|0x0000000710600000, 0x0000000710600000, 0x0000000710800000|  0%| F|  |TAMS 0x0000000710600000, 0x0000000710600000| Untracked 
|  52|0x0000000710800000, 0x0000000710800000, 0x0000000710a00000|  0%| F|  |TAMS 0x0000000710800000, 0x0000000710800000| Untracked 
|  53|0x0000000710a00000, 0x0000000710a00000, 0x0000000710c00000|  0%| F|  |TAMS 0x0000000710a00000, 0x0000000710a00000| Untracked 
|  54|0x0000000710c00000, 0x0000000710c00000, 0x0000000710e00000|  0%| F|  |TAMS 0x0000000710c00000, 0x0000000710c00000| Untracked 
|  55|0x0000000710e00000, 0x0000000710e00000, 0x0000000711000000|  0%| F|  |TAMS 0x0000000710e00000, 0x0000000710e00000| Untracked 
|  56|0x0000000711000000, 0x0000000711000000, 0x0000000711200000|  0%| F|  |TAMS 0x0000000711000000, 0x0000000711000000| Untracked 
|  57|0x0000000711200000, 0x0000000711200000, 0x0000000711400000|  0%| F|  |TAMS 0x0000000711200000, 0x0000000711200000| Untracked 
|  58|0x0000000711400000, 0x0000000711400000, 0x0000000711600000|  0%| F|  |TAMS 0x0000000711400000, 0x0000000711400000| Untracked 
|  59|0x0000000711600000, 0x0000000711600000, 0x0000000711800000|  0%| F|  |TAMS 0x0000000711600000, 0x0000000711600000| Untracked 
|  60|0x0000000711800000, 0x0000000711800000, 0x0000000711a00000|  0%| F|  |TAMS 0x0000000711800000, 0x0000000711800000| Untracked 
|  61|0x0000000711a00000, 0x0000000711a00000, 0x0000000711c00000|  0%| F|  |TAMS 0x0000000711a00000, 0x0000000711a00000| Untracked 
|  62|0x0000000711c00000, 0x0000000711c00000, 0x0000000711e00000|  0%| F|  |TAMS 0x0000000711c00000, 0x0000000711c00000| Untracked 
|  63|0x0000000711e00000, 0x0000000711e00000, 0x0000000712000000|  0%| F|  |TAMS 0x0000000711e00000, 0x0000000711e00000| Untracked 
|  64|0x0000000712000000, 0x0000000712000000, 0x0000000712200000|  0%| F|  |TAMS 0x0000000712000000, 0x0000000712000000| Untracked 
|  65|0x0000000712200000, 0x0000000712200000, 0x0000000712400000|  0%| F|  |TAMS 0x0000000712200000, 0x0000000712200000| Untracked 
|  66|0x0000000712400000, 0x0000000712400000, 0x0000000712600000|  0%| F|  |TAMS 0x0000000712400000, 0x0000000712400000| Untracked 
|  67|0x0000000712600000, 0x0000000712600000, 0x0000000712800000|  0%| F|  |TAMS 0x0000000712600000, 0x0000000712600000| Untracked 
|  68|0x0000000712800000, 0x0000000712800000, 0x0000000712a00000|  0%| F|  |TAMS 0x0000000712800000, 0x0000000712800000| Untracked 
|  69|0x0000000712a00000, 0x0000000712a00000, 0x0000000712c00000|  0%| F|  |TAMS 0x0000000712a00000, 0x0000000712a00000| Untracked 
|  70|0x0000000712c00000, 0x0000000712c00000, 0x0000000712e00000|  0%| F|  |TAMS 0x0000000712c00000, 0x0000000712c00000| Untracked 
|  71|0x0000000712e00000, 0x0000000712e00000, 0x0000000713000000|  0%| F|  |TAMS 0x0000000712e00000, 0x0000000712e00000| Untracked 
|  72|0x0000000713000000, 0x0000000713000000, 0x0000000713200000|  0%| F|  |TAMS 0x0000000713000000, 0x0000000713000000| Untracked 
|  73|0x0000000713200000, 0x0000000713400000, 0x0000000713400000|100%| S|CS|TAMS 0x0000000713200000, 0x0000000713200000| Complete 
|  74|0x0000000713400000, 0x0000000713600000, 0x0000000713600000|100%| S|CS|TAMS 0x0000000713400000, 0x0000000713400000| Complete 
|  75|0x0000000713600000, 0x0000000713800000, 0x0000000713800000|100%| S|CS|TAMS 0x0000000713600000, 0x0000000713600000| Complete 
|  76|0x0000000713800000, 0x0000000713a00000, 0x0000000713a00000|100%| S|CS|TAMS 0x0000000713800000, 0x0000000713800000| Complete 
|  77|0x0000000713a00000, 0x0000000713c00000, 0x0000000713c00000|100%| S|CS|TAMS 0x0000000713a00000, 0x0000000713a00000| Complete 
|  78|0x0000000713c00000, 0x0000000713e00000, 0x0000000713e00000|100%| S|CS|TAMS 0x0000000713c00000, 0x0000000713c00000| Complete 
|  79|0x0000000713e00000, 0x0000000713e00000, 0x0000000714000000|  0%| F|  |TAMS 0x0000000713e00000, 0x0000000713e00000| Untracked 
|  80|0x0000000714000000, 0x0000000714000000, 0x0000000714200000|  0%| F|  |TAMS 0x0000000714000000, 0x0000000714000000| Untracked 
|  81|0x0000000714200000, 0x0000000714200000, 0x0000000714400000|  0%| F|  |TAMS 0x0000000714200000, 0x0000000714200000| Untracked 
|  82|0x0000000714400000, 0x0000000714400000, 0x0000000714600000|  0%| F|  |TAMS 0x0000000714400000, 0x0000000714400000| Untracked 
|  83|0x0000000714600000, 0x0000000714600000, 0x0000000714800000|  0%| F|  |TAMS 0x0000000714600000, 0x0000000714600000| Untracked 
|  84|0x0000000714800000, 0x0000000714a00000, 0x0000000714a00000|100%| E|  |TAMS 0x0000000714800000, 0x0000000714800000| Complete 
|  85|0x0000000714a00000, 0x0000000714c00000, 0x0000000714c00000|100%| E|CS|TAMS 0x0000000714a00000, 0x0000000714a00000| Complete 
|  86|0x0000000714c00000, 0x0000000714e00000, 0x0000000714e00000|100%| E|CS|TAMS 0x0000000714c00000, 0x0000000714c00000| Complete 
|  87|0x0000000714e00000, 0x0000000715000000, 0x0000000715000000|100%| E|CS|TAMS 0x0000000714e00000, 0x0000000714e00000| Complete 
|  88|0x0000000715000000, 0x0000000715200000, 0x0000000715200000|100%| E|CS|TAMS 0x0000000715000000, 0x0000000715000000| Complete 
|  89|0x0000000715200000, 0x0000000715400000, 0x0000000715400000|100%| E|CS|TAMS 0x0000000715200000, 0x0000000715200000| Complete 
|  90|0x0000000715400000, 0x0000000715600000, 0x0000000715600000|100%| E|CS|TAMS 0x0000000715400000, 0x0000000715400000| Complete 
|  91|0x0000000715600000, 0x0000000715800000, 0x0000000715800000|100%| E|CS|TAMS 0x0000000715600000, 0x0000000715600000| Complete 
|  92|0x0000000715800000, 0x0000000715a00000, 0x0000000715a00000|100%| E|CS|TAMS 0x0000000715800000, 0x0000000715800000| Complete 
|  93|0x0000000715a00000, 0x0000000715c00000, 0x0000000715c00000|100%| E|CS|TAMS 0x0000000715a00000, 0x0000000715a00000| Complete 
|  94|0x0000000715c00000, 0x0000000715e00000, 0x0000000715e00000|100%| E|CS|TAMS 0x0000000715c00000, 0x0000000715c00000| Complete 
|  95|0x0000000715e00000, 0x0000000716000000, 0x0000000716000000|100%| E|CS|TAMS 0x0000000715e00000, 0x0000000715e00000| Complete 
|  96|0x0000000716000000, 0x0000000716200000, 0x0000000716200000|100%| E|CS|TAMS 0x0000000716000000, 0x0000000716000000| Complete 
|  97|0x0000000716200000, 0x0000000716400000, 0x0000000716400000|100%| E|CS|TAMS 0x0000000716200000, 0x0000000716200000| Complete 
|  98|0x0000000716400000, 0x0000000716600000, 0x0000000716600000|100%| E|CS|TAMS 0x0000000716400000, 0x0000000716400000| Complete 
|  99|0x0000000716600000, 0x0000000716800000, 0x0000000716800000|100%| E|CS|TAMS 0x0000000716600000, 0x0000000716600000| Complete 
| 100|0x0000000716800000, 0x0000000716a00000, 0x0000000716a00000|100%| E|CS|TAMS 0x0000000716800000, 0x0000000716800000| Complete 
| 101|0x0000000716a00000, 0x0000000716c00000, 0x0000000716c00000|100%| E|CS|TAMS 0x0000000716a00000, 0x0000000716a00000| Complete 
| 102|0x0000000716c00000, 0x0000000716e00000, 0x0000000716e00000|100%| E|CS|TAMS 0x0000000716c00000, 0x0000000716c00000| Complete 
| 103|0x0000000716e00000, 0x0000000717000000, 0x0000000717000000|100%| E|CS|TAMS 0x0000000716e00000, 0x0000000716e00000| Complete 
| 104|0x0000000717000000, 0x0000000717200000, 0x0000000717200000|100%| E|CS|TAMS 0x0000000717000000, 0x0000000717000000| Complete 
| 105|0x0000000717200000, 0x0000000717400000, 0x0000000717400000|100%| E|CS|TAMS 0x0000000717200000, 0x0000000717200000| Complete 
| 106|0x0000000717400000, 0x0000000717600000, 0x0000000717600000|100%| E|CS|TAMS 0x0000000717400000, 0x0000000717400000| Complete 
| 107|0x0000000717600000, 0x0000000717800000, 0x0000000717800000|100%| E|CS|TAMS 0x0000000717600000, 0x0000000717600000| Complete 
| 108|0x0000000717800000, 0x0000000717a00000, 0x0000000717a00000|100%| E|CS|TAMS 0x0000000717800000, 0x0000000717800000| Complete 
| 109|0x0000000717a00000, 0x0000000717c00000, 0x0000000717c00000|100%| E|CS|TAMS 0x0000000717a00000, 0x0000000717a00000| Complete 
| 110|0x0000000717c00000, 0x0000000717e00000, 0x0000000717e00000|100%| E|CS|TAMS 0x0000000717c00000, 0x0000000717c00000| Complete 
| 111|0x0000000717e00000, 0x0000000718000000, 0x0000000718000000|100%| E|CS|TAMS 0x0000000717e00000, 0x0000000717e00000| Complete 
| 112|0x0000000718000000, 0x0000000718200000, 0x0000000718200000|100%| E|CS|TAMS 0x0000000718000000, 0x0000000718000000| Complete 
| 113|0x0000000718200000, 0x0000000718400000, 0x0000000718400000|100%| E|CS|TAMS 0x0000000718200000, 0x0000000718200000| Complete 
| 114|0x0000000718400000, 0x0000000718600000, 0x0000000718600000|100%| E|CS|TAMS 0x0000000718400000, 0x0000000718400000| Complete 
| 115|0x0000000718600000, 0x0000000718800000, 0x0000000718800000|100%| E|CS|TAMS 0x0000000718600000, 0x0000000718600000| Complete 
| 116|0x0000000718800000, 0x0000000718a00000, 0x0000000718a00000|100%| E|CS|TAMS 0x0000000718800000, 0x0000000718800000| Complete 
| 117|0x0000000718a00000, 0x0000000718c00000, 0x0000000718c00000|100%| E|CS|TAMS 0x0000000718a00000, 0x0000000718a00000| Complete 
| 118|0x0000000718c00000, 0x0000000718e00000, 0x0000000718e00000|100%| E|CS|TAMS 0x0000000718c00000, 0x0000000718c00000| Complete 
| 119|0x0000000718e00000, 0x0000000719000000, 0x0000000719000000|100%| E|CS|TAMS 0x0000000718e00000, 0x0000000718e00000| Complete 
| 120|0x0000000719000000, 0x0000000719200000, 0x0000000719200000|100%| E|CS|TAMS 0x0000000719000000, 0x0000000719000000| Complete 
| 121|0x0000000719200000, 0x0000000719400000, 0x0000000719400000|100%| E|CS|TAMS 0x0000000719200000, 0x0000000719200000| Complete 
| 122|0x0000000719400000, 0x0000000719600000, 0x0000000719600000|100%| E|CS|TAMS 0x0000000719400000, 0x0000000719400000| Complete 

Card table byte_map: [0x0000026ce6430000,0x0000026ce6be0000] _byte_map_base: 0x0000026ce2be0000

Marking Bits (Prev, Next): (CMBitMap*) 0x0000026ccd197a20, (CMBitMap*) 0x0000026ccd197a60
 Prev Bits: [0x0000026ce7390000, 0x0000026ceb110000)
 Next Bits: [0x0000026ceb110000, 0x0000026ceee90000)

Polling page: 0x0000026ccd210000

Metaspace:

Usage:
  Non-class:      3.93 MB used.
      Class:    215.97 KB used.
       Both:      4.14 MB used.

Virtual space:
  Non-class space:        8.00 MB reserved,       4.06 MB ( 51%) committed,  1 nodes.
      Class space:        1.00 GB reserved,     320.00 KB ( <1%) committed,  1 nodes.
             Both:        1.01 GB reserved,       4.38 MB ( <1%) committed. 

Chunk freelists:
   Non-Class:  1.30 MB
       Class:  3.61 MB
        Both:  4.91 MB

MaxMetaspaceSize: unlimited
CompressedClassSpaceSize: 1.00 GB
Initial GC threshold: 21.00 MB
Current GC threshold: 21.00 MB
CDS: on
MetaspaceReclaimPolicy: balanced
 - commit_granule_bytes: 65536.
 - commit_granule_words: 8192.
 - virtual_space_node_default_size: 1048576.
 - enlarge_chunks_in_place: 1.
 - new_chunks_are_fully_committed: 0.
 - uncommit_free_chunks: 1.
 - use_allocation_guard: 0.
 - handle_deallocations: 1.


Internal statistics:

num_allocs_failed_limit: 0.
num_arena_births: 74.
num_arena_deaths: 0.
num_vsnodes_births: 2.
num_vsnodes_deaths: 0.
num_space_committed: 68.
num_space_uncommitted: 0.
num_chunks_returned_to_freelist: 0.
num_chunks_taken_from_freelist: 200.
num_chunk_merges: 0.
num_chunk_splits: 131.
num_chunks_enlarged: 95.
num_purges: 0.
num_inconsistent_stats: 0.

CodeHeap 'non-profiled nmethods': size=120000Kb used=286Kb max_used=286Kb free=119713Kb
 bounds [0x0000026cddf10000, 0x0000026cde180000, 0x0000026ce5440000]
CodeHeap 'profiled nmethods': size=120000Kb used=1426Kb max_used=1426Kb free=118573Kb
 bounds [0x0000026cd69e0000, 0x0000026cd6c50000, 0x0000026cddf10000]
CodeHeap 'non-nmethods': size=5760Kb used=1567Kb max_used=1594Kb free=4193Kb
 bounds [0x0000026cd6440000, 0x0000026cd66b0000, 0x0000026cd69e0000]
 total_blobs=1829 nmethods=843 adapters=899
 compilation: enabled
              stopped_count=0, restarted_count=0
 full_count=0

Compilation events (20 events):
Event: 1.397 Thread 0x0000026cf176e280 nmethod 832 0x0000026cd6b42c10 code [0x0000026cd6b42e00, 0x0000026cd6b433c8]
Event: 1.413 Thread 0x0000026cf176c7d0  833 %     4       org.example.models.Model::processMesh @ 20 (374 bytes)
Event: 1.508 Thread 0x0000026cf176c7d0 nmethod 833% 0x0000026cddf4d210 code [0x0000026cddf4d600, 0x0000026cddf4f178]
Event: 1.508 Thread 0x0000026cf176c7d0  835 %     4       java.util.ArrayList$ArrayListSpliterator::forEachRemaining @ 81 (127 bytes)
Event: 1.514 Thread 0x0000026cf176e280  837       3       jdk.internal.misc.Unsafe::getAndAddLong (27 bytes)
Event: 1.514 Thread 0x0000026cf176e280 nmethod 837 0x0000026cd6b43610 code [0x0000026cd6b437c0, 0x0000026cd6b43a08]
Event: 1.514 Thread 0x0000026cf176e280  839       3       jdk.internal.misc.Unsafe::weakCompareAndSetLong (11 bytes)
Event: 1.514 Thread 0x0000026cf176e280 nmethod 839 0x0000026cd6b43b10 code [0x0000026cd6b43ca0, 0x0000026cd6b43dd8]
Event: 1.520 Thread 0x0000026cf176c7d0 nmethod 835% 0x0000026cddf50d90 code [0x0000026cddf50f40, 0x0000026cddf51a58]
Event: 1.520 Thread 0x0000026cf176c7d0  834 % !   4       org.lwjgl.system.StructBuffer$StructSpliterator::forEachRemaining @ 10 (63 bytes)
Event: 1.528 Thread 0x0000026cf176e280  842       3       java.nio.Buffer::hasRemaining (17 bytes)
Event: 1.528 Thread 0x0000026cf176e280 nmethod 842 0x0000026cd6b43e90 code [0x0000026cd6b44020, 0x0000026cd6b44198]
Event: 1.534 Thread 0x0000026cf176c7d0 nmethod 834% 0x0000026cddf51f90 code [0x0000026cddf52160, 0x0000026cddf530f8]
Event: 1.534 Thread 0x0000026cf176c7d0  840       4       org.example.models.Model::processMesh (374 bytes)
Event: 1.558 Thread 0x0000026cf176e280  844       3       java.lang.StringCoding::implEncodeAsciiArray (47 bytes)
Event: 1.558 Thread 0x0000026cf176e280 nmethod 844 0x0000026cd6b44210 code [0x0000026cd6b443c0, 0x0000026cd6b44618]
Event: 1.558 Thread 0x0000026cf176e280  845       1       java.util.Collections$EmptyList::isEmpty (2 bytes)
Event: 1.558 Thread 0x0000026cf176e280 nmethod 845 0x0000026cddf53910 code [0x0000026cddf53aa0, 0x0000026cddf53b78]
Event: 1.573 Thread 0x0000026cf176e280  846       3       org.lwjgl.system.MemoryUtil::address (11 bytes)
Event: 1.573 Thread 0x0000026cf176e280 nmethod 846 0x0000026cd6b44790 code [0x0000026cd6b44920, 0x0000026cd6b44a18]

GC Heap History (8 events):
Event: 0.857 GC heap before
{Heap before GC invocations=0 (full 0):
 garbage-first heap   total 251904K, used 20480K [0x000000070a000000, 0x0000000800000000)
  region size 2048K, 10 young (20480K), 0 survivors (0K)
 Metaspace       used 4209K, committed 4352K, reserved 1056768K
  class space    used 215K, committed 320K, reserved 1048576K
}
Event: 0.862 GC heap after
{Heap after GC invocations=1 (full 0):
 garbage-first heap   total 251904K, used 3620K [0x000000070a000000, 0x0000000800000000)
  region size 2048K, 2 young (4096K), 2 survivors (4096K)
 Metaspace       used 4209K, committed 4352K, reserved 1056768K
  class space    used 215K, committed 320K, reserved 1048576K
}
Event: 1.364 GC heap before
{Heap before GC invocations=1 (full 0):
 garbage-first heap   total 251904K, used 30244K [0x000000070a000000, 0x0000000800000000)
  region size 2048K, 15 young (30720K), 2 survivors (4096K)
 Metaspace       used 4217K, committed 4416K, reserved 1056768K
  class space    used 215K, committed 320K, reserved 1048576K
}
Event: 1.372 GC heap after
{Heap after GC invocations=2 (full 0):
 garbage-first heap   total 251904K, used 9569K [0x000000070a000000, 0x0000000800000000)
  region size 2048K, 2 young (4096K), 2 survivors (4096K)
 Metaspace       used 4217K, committed 4416K, reserved 1056768K
  class space    used 215K, committed 320K, reserved 1048576K
}
Event: 1.426 GC heap before
{Heap before GC invocations=2 (full 0):
 garbage-first heap   total 251904K, used 68961K [0x000000070a000000, 0x0000000800000000)
  region size 2048K, 31 young (63488K), 2 survivors (4096K)
 Metaspace       used 4237K, committed 4480K, reserved 1056768K
  class space    used 215K, committed 320K, reserved 1048576K
}
Event: 1.440 GC heap after
{Heap after GC invocations=3 (full 0):
 garbage-first heap   total 251904K, used 20428K [0x000000070a000000, 0x0000000800000000)
  region size 2048K, 4 young (8192K), 4 survivors (8192K)
 Metaspace       used 4237K, committed 4480K, reserved 1056768K
  class space    used 215K, committed 320K, reserved 1048576K
}
Event: 1.485 GC heap before
{Heap before GC invocations=3 (full 0):
 garbage-first heap   total 251904K, used 102348K [0x000000070a000000, 0x0000000800000000)
  region size 2048K, 44 young (90112K), 4 survivors (8192K)
 Metaspace       used 4237K, committed 4480K, reserved 1056768K
  class space    used 215K, committed 320K, reserved 1048576K
}
Event: 1.504 GC heap after
{Heap after GC invocations=4 (full 0):
 garbage-first heap   total 251904K, used 36046K [0x000000070a000000, 0x0000000800000000)
  region size 2048K, 6 young (12288K), 6 survivors (12288K)
 Metaspace       used 4237K, committed 4480K, reserved 1056768K
  class space    used 215K, committed 320K, reserved 1048576K
}

Deoptimization events (20 events):
Event: 1.544 Thread 0x0000026ccd12c8e0 DEOPT PACKING pc=0x0000026cd6b432b8 sp=0x00000084843ff220
Event: 1.544 Thread 0x0000026ccd12c8e0 DEOPT UNPACKING pc=0x0000026cd6492b43 sp=0x00000084843fe6d0 mode 0
Event: 1.546 Thread 0x0000026ccd12c8e0 DEOPT PACKING pc=0x0000026cd6b2f04f sp=0x00000084843ff190
Event: 1.546 Thread 0x0000026ccd12c8e0 DEOPT UNPACKING pc=0x0000026cd6492b43 sp=0x00000084843fe668 mode 0
Event: 1.547 Thread 0x0000026ccd12c8e0 DEOPT PACKING pc=0x0000026cd6b3f614 sp=0x00000084843ff220
Event: 1.547 Thread 0x0000026ccd12c8e0 DEOPT UNPACKING pc=0x0000026cd6492b43 sp=0x00000084843fe860 mode 0
Event: 1.548 Thread 0x0000026ccd12c8e0 DEOPT PACKING pc=0x0000026cd6b2f04f sp=0x00000084843ff260
Event: 1.548 Thread 0x0000026ccd12c8e0 DEOPT UNPACKING pc=0x0000026cd6492b43 sp=0x00000084843fe748 mode 0
Event: 1.549 Thread 0x0000026ccd12c8e0 DEOPT PACKING pc=0x0000026cd6b432b8 sp=0x00000084843ff220
Event: 1.549 Thread 0x0000026ccd12c8e0 DEOPT UNPACKING pc=0x0000026cd6492b43 sp=0x00000084843fe6d0 mode 0
Event: 1.551 Thread 0x0000026ccd12c8e0 DEOPT PACKING pc=0x0000026cd6b3f614 sp=0x00000084843ff220
Event: 1.551 Thread 0x0000026ccd12c8e0 DEOPT UNPACKING pc=0x0000026cd6492b43 sp=0x00000084843fe860 mode 0
Event: 1.552 Thread 0x0000026ccd12c8e0 DEOPT PACKING pc=0x0000026cd6b2f04f sp=0x00000084843ff260
Event: 1.552 Thread 0x0000026ccd12c8e0 DEOPT UNPACKING pc=0x0000026cd6492b43 sp=0x00000084843fe748 mode 0
Event: 1.553 Thread 0x0000026ccd12c8e0 DEOPT PACKING pc=0x0000026cd6b432b8 sp=0x00000084843ff220
Event: 1.553 Thread 0x0000026ccd12c8e0 DEOPT UNPACKING pc=0x0000026cd6492b43 sp=0x00000084843fe6d0 mode 0
Event: 1.557 Thread 0x0000026ccd12c8e0 DEOPT PACKING pc=0x0000026cd6b2f04f sp=0x00000084843ff190
Event: 1.557 Thread 0x0000026ccd12c8e0 DEOPT UNPACKING pc=0x0000026cd6492b43 sp=0x00000084843fe668 mode 0
Event: 1.557 Thread 0x0000026ccd12c8e0 DEOPT PACKING pc=0x0000026cd6b3f614 sp=0x00000084843ff220
Event: 1.557 Thread 0x0000026ccd12c8e0 DEOPT UNPACKING pc=0x0000026cd6492b43 sp=0x00000084843fe860 mode 0

Classes unloaded (0 events):
No events

Classes redefined (0 events):
No events

Internal exceptions (20 events):
Event: 0.204 Thread 0x0000026ccd12c8e0 Exception <a 'sun/nio/fs/WindowsException'{0x00000007190e6f08}> (0x00000007190e6f08) 
thrown [s\src\hotspot\share\prims\jni.cpp, line 516]
Event: 0.218 Thread 0x0000026ccd12c8e0 Exception <a 'java/lang/NoSuchMethodError'{0x00000007191246e0}: 'int java.lang.invoke.DirectMethodHandle$Holder.invokeStaticInit(java.lang.Object, java.lang.Object, int, long)'> (0x00000007191246e0) 
thrown [s\src\hotspot\share\interpreter\linkResolver.cpp, line 759]
Event: 0.219 Thread 0x0000026ccd12c8e0 Exception <a 'java/lang/NoSuchMethodError'{0x0000000719129fa8}: 'java.lang.Object java.lang.invoke.DirectMethodHandle$Holder.newInvokeSpecial(java.lang.Object, java.lang.Object, int)'> (0x0000000719129fa8) 
thrown [s\src\hotspot\share\interpreter\linkResolver.cpp, line 759]
Event: 0.221 Thread 0x0000026ccd12c8e0 Exception <a 'java/lang/NoSuchMethodError'{0x000000071913b350}: 'int java.lang.invoke.DirectMethodHandle$Holder.invokeStaticInit(java.lang.Object, java.lang.Object, long, long)'> (0x000000071913b350) 
thrown [s\src\hotspot\share\interpreter\linkResolver.cpp, line 759]
Event: 0.223 Thread 0x0000026ccd12c8e0 Exception <a 'java/lang/NoSuchMethodError'{0x0000000719141460}: 'java.lang.Object java.lang.invoke.DirectMethodHandle$Holder.newInvokeSpecial(java.lang.Object, java.lang.Object, long)'> (0x0000000719141460) 
thrown [s\src\hotspot\share\interpreter\linkResolver.cpp, line 759]
Event: 0.223 Thread 0x0000026ccd12c8e0 Exception <a 'java/lang/NoSuchMethodError'{0x0000000719145af0}: 'java.lang.Object java.lang.invoke.Invokers$Holder.linkToTargetMethod(java.lang.Object, long, java.lang.Object)'> (0x0000000719145af0) 
thrown [s\src\hotspot\share\interpreter\linkResolver.cpp, line 759]
Event: 0.226 Thread 0x0000026ccd12c8e0 Exception <a 'java/lang/NoSuchMethodError'{0x000000071914d208}: 'int java.lang.invoke.DirectMethodHandle$Holder.invokeStaticInit(java.lang.Object, java.lang.Object, java.lang.Object, long)'> (0x000000071914d208) 
thrown [s\src\hotspot\share\interpreter\linkResolver.cpp, line 759]
Event: 0.258 Thread 0x0000026ccd12c8e0 Exception <a 'sun/nio/fs/WindowsException'{0x0000000718e28498}> (0x0000000718e28498) 
thrown [s\src\hotspot\share\prims\jni.cpp, line 516]
Event: 0.258 Thread 0x0000026ccd12c8e0 Exception <a 'sun/nio/fs/WindowsException'{0x0000000718e287f8}> (0x0000000718e287f8) 
thrown [s\src\hotspot\share\prims\jni.cpp, line 516]
Event: 0.488 Thread 0x0000026ccd12c8e0 Exception <a 'sun/nio/fs/WindowsException'{0x0000000718eb7698}> (0x0000000718eb7698) 
thrown [s\src\hotspot\share\prims\jni.cpp, line 516]
Event: 0.488 Thread 0x0000026ccd12c8e0 Exception <a 'sun/nio/fs/WindowsException'{0x0000000718eb7a40}> (0x0000000718eb7a40) 
thrown [s\src\hotspot\share\prims\jni.cpp, line 516]
Event: 0.490 Thread 0x0000026ccd12c8e0 Exception <a 'sun/nio/fs/WindowsException'{0x0000000718ec15f8}> (0x0000000718ec15f8) 
thrown [s\src\hotspot\share\prims\jni.cpp, line 516]
Event: 0.490 Thread 0x0000026ccd12c8e0 Exception <a 'sun/nio/fs/WindowsException'{0x0000000718ec18d8}> (0x0000000718ec18d8) 
thrown [s\src\hotspot\share\prims\jni.cpp, line 516]
Event: 0.553 Thread 0x0000026ccd12c8e0 Exception <a 'java/lang/NoSuchMethodError'{0x0000000718d24580}: 'void java.lang.invoke.DirectMethodHandle$Holder.invokeStatic(java.lang.Object, long, int, int)'> (0x0000000718d24580) 
thrown [s\src\hotspot\share\interpreter\linkResolver.cpp, line 759]
Event: 0.607 Thread 0x0000026ccd12c8e0 Exception <a 'sun/nio/fs/WindowsException'{0x0000000718a32b30}> (0x0000000718a32b30) 
thrown [s\src\hotspot\share\prims\jni.cpp, line 516]
Event: 0.608 Thread 0x0000026ccd12c8e0 Exception <a 'sun/nio/fs/WindowsException'{0x0000000718a32eb0}> (0x0000000718a32eb0) 
thrown [s\src\hotspot\share\prims\jni.cpp, line 516]
Event: 0.661 Thread 0x0000026ccd12c8e0 Exception <a 'java/lang/NoSuchMethodError'{0x0000000718ada158}: 'void java.lang.invoke.DirectMethodHandle$Holder.invokeStatic(java.lang.Object, java.lang.Object, java.lang.Object)'> (0x0000000718ada158) 
thrown [s\src\hotspot\share\interpreter\linkResolver.cpp, line 759]
Event: 0.665 Thread 0x0000026ccd12c8e0 Exception <a 'java/lang/NoSuchMethodError'{0x0000000718af1bf8}: 'java.lang.Object java.lang.invoke.DirectMethodHandle$Holder.invokeVirtual(java.lang.Object, java.lang.Object, int)'> (0x0000000718af1bf8) 
thrown [s\src\hotspot\share\interpreter\linkResolver.cpp, line 759]
Event: 0.675 Thread 0x0000026ccd12c8e0 Exception <a 'sun/nio/fs/WindowsException'{0x0000000718b42af8}> (0x0000000718b42af8) 
thrown [s\src\hotspot\share\prims\jni.cpp, line 516]
Event: 0.675 Thread 0x0000026ccd12c8e0 Exception <a 'sun/nio/fs/WindowsException'{0x0000000718b42e78}> (0x0000000718b42e78) 
thrown [s\src\hotspot\share\prims\jni.cpp, line 516]

VM Operations (16 events):
Event: 0.070 Executing VM operation: HandshakeAllThreads
Event: 0.070 Executing VM operation: HandshakeAllThreads done
Event: 0.180 Executing VM operation: HandshakeAllThreads
Event: 0.180 Executing VM operation: HandshakeAllThreads done
Event: 0.196 Executing VM operation: HandshakeAllThreads
Event: 0.196 Executing VM operation: HandshakeAllThreads done
Event: 0.661 Executing VM operation: HandshakeAllThreads
Event: 0.661 Executing VM operation: HandshakeAllThreads done
Event: 0.857 Executing VM operation: G1CollectForAllocation
Event: 0.862 Executing VM operation: G1CollectForAllocation done
Event: 1.364 Executing VM operation: G1CollectForAllocation
Event: 1.372 Executing VM operation: G1CollectForAllocation done
Event: 1.426 Executing VM operation: G1CollectForAllocation
Event: 1.440 Executing VM operation: G1CollectForAllocation done
Event: 1.484 Executing VM operation: G1CollectForAllocation
Event: 1.504 Executing VM operation: G1CollectForAllocation done

Events (20 events):
Event: 0.259 loading class java/lang/NoSuchFieldError
Event: 0.259 loading class java/lang/NoSuchFieldError done
Event: 0.265 loading class jdk/internal/reflect/UnsafeQualifiedStaticIntegerFieldAccessorImpl
Event: 0.265 loading class jdk/internal/reflect/UnsafeQualifiedStaticIntegerFieldAccessorImpl done
Event: 0.489 Loaded shared library C:\Users\Filip\AppData\Local\Temp\lwjglFilip\3.3.1-build-7\lwjgl_opengl.dll
Event: 0.494 loading class jdk/internal/module/ModulePatcher$PatchedModuleReader
Event: 0.495 loading class jdk/internal/module/ModulePatcher$PatchedModuleReader done
Event: 0.495 loading class sun/net/www/protocol/jrt/Handler
Event: 0.495 loading class sun/net/www/protocol/jrt/Handler done
Event: 0.499 loading class sun/util/resources/LocaleData$CommonResourceBundleProvider
Event: 0.499 loading class sun/util/resources/LocaleData$LocaleDataResourceBundleProvider
Event: 0.499 loading class java/util/spi/ResourceBundleProvider
Event: 0.499 loading class java/util/spi/ResourceBundleProvider done
Event: 0.499 loading class sun/util/resources/LocaleData$LocaleDataResourceBundleProvider done
Event: 0.499 loading class sun/util/resources/LocaleData$CommonResourceBundleProvider done
Event: 0.499 loading class sun/util/resources/Bundles$2
Event: 0.500 loading class sun/util/resources/Bundles$2 done
Event: 0.676 Loaded shared library C:\Users\Filip\AppData\Local\Temp\lwjglFilip\3.3.1-build-7\lwjgl_stb.dll
Event: 0.802 Thread 0x0000026cf25ec0b0 Thread added: 0x0000026cf25ec0b0
Event: 1.113 Thread 0x0000026cf25ec0b0 Thread exited: 0x0000026cf25ec0b0


Dynamic libraries:
0x00007ff7dc650000 - 0x00007ff7dc65d000 	C:\Users\Filip\.jdks\corretto-17.0.4.1\bin\java.exe
0x00007ffcb33b0000 - 0x00007ffcb35a8000 	C:\Windows\SYSTEM32\ntdll.dll
0x00007ffcb28d0000 - 0x00007ffcb298f000 	C:\Windows\System32\KERNEL32.DLL
0x00007ffcb0ec0000 - 0x00007ffcb1192000 	C:\Windows\System32\KERNELBASE.dll
0x00007ffcb0dc0000 - 0x00007ffcb0ec0000 	C:\Windows\System32\ucrtbase.dll
0x00007ffca0bd0000 - 0x00007ffca0be5000 	C:\Users\Filip\.jdks\corretto-17.0.4.1\bin\VCRUNTIME140.dll
0x00007ffca1d70000 - 0x00007ffca1d88000 	C:\Users\Filip\.jdks\corretto-17.0.4.1\bin\jli.dll
0x00007ffcb2d30000 - 0x00007ffcb2ed1000 	C:\Windows\System32\USER32.dll
0x00007ffcb11a0000 - 0x00007ffcb11c2000 	C:\Windows\System32\win32u.dll
0x00007ffc92b30000 - 0x00007ffc92dca000 	C:\Windows\WinSxS\amd64_microsoft.windows.common-controls_6595b64144ccf1df_6.0.19041.1110_none_60b5254171f9507e\COMCTL32.dll
0x00007ffcb13f0000 - 0x00007ffcb148e000 	C:\Windows\System32\msvcrt.dll
0x00007ffcb2b40000 - 0x00007ffcb2b6b000 	C:\Windows\System32\GDI32.dll
0x00007ffcb12e0000 - 0x00007ffcb13ef000 	C:\Windows\System32\gdi32full.dll
0x00007ffcb0b10000 - 0x00007ffcb0bad000 	C:\Windows\System32\msvcp_win.dll
0x00007ffcb1490000 - 0x00007ffcb14c2000 	C:\Windows\System32\IMM32.DLL
0x00007ffc82580000 - 0x00007ffc8261b000 	C:\Users\Filip\.jdks\corretto-17.0.4.1\bin\msvcp140.dll
0x00007ffc75cd0000 - 0x00007ffc768e4000 	C:\Users\Filip\.jdks\corretto-17.0.4.1\bin\server\jvm.dll
0x00007ffcb32c0000 - 0x00007ffcb336e000 	C:\Windows\System32\ADVAPI32.dll
0x00007ffcb3090000 - 0x00007ffcb312c000 	C:\Windows\System32\sechost.dll
0x00007ffcb2ee0000 - 0x00007ffcb3005000 	C:\Windows\System32\RPCRT4.dll
0x00007ffcb1890000 - 0x00007ffcb1898000 	C:\Windows\System32\PSAPI.DLL
0x00007ffca9980000 - 0x00007ffca9989000 	C:\Windows\SYSTEM32\WSOCK32.dll
0x00007ffcb2cc0000 - 0x00007ffcb2d2b000 	C:\Windows\System32\WS2_32.dll
0x00007ffca5920000 - 0x00007ffca5947000 	C:\Windows\SYSTEM32\WINMM.dll
0x00007ffca5d80000 - 0x00007ffca5d8a000 	C:\Windows\SYSTEM32\VERSION.dll
0x00007ffcae840000 - 0x00007ffcae852000 	C:\Windows\SYSTEM32\kernel.appcore.dll
0x00007ffca5950000 - 0x00007ffca595a000 	C:\Users\Filip\.jdks\corretto-17.0.4.1\bin\jimage.dll
0x00007ffca7b10000 - 0x00007ffca7cf4000 	C:\Windows\SYSTEM32\DBGHELP.DLL
0x00007ffc9b1d0000 - 0x00007ffc9b205000 	C:\Windows\SYSTEM32\dbgcore.DLL
0x00007ffcb11d0000 - 0x00007ffcb1252000 	C:\Windows\System32\bcryptPrimitives.dll
0x00007ffc906c0000 - 0x00007ffc906e5000 	C:\Users\Filip\.jdks\corretto-17.0.4.1\bin\java.dll
0x00007ffc81d80000 - 0x00007ffc81e56000 	C:\Users\Filip\.jdks\corretto-17.0.4.1\bin\jsvml.dll
0x00007ffcb2120000 - 0x00007ffcb2864000 	C:\Windows\System32\SHELL32.dll
0x00007ffcaeb20000 - 0x00007ffcaf2b2000 	C:\Windows\SYSTEM32\windows.storage.dll
0x00007ffcb1950000 - 0x00007ffcb1ca5000 	C:\Windows\System32\combase.dll
0x00007ffcb0340000 - 0x00007ffcb0370000 	C:\Windows\SYSTEM32\Wldp.dll
0x00007ffcb1660000 - 0x00007ffcb170d000 	C:\Windows\System32\SHCORE.dll
0x00007ffcb2870000 - 0x00007ffcb28c5000 	C:\Windows\System32\shlwapi.dll
0x00007ffcb09e0000 - 0x00007ffcb09ff000 	C:\Windows\SYSTEM32\profapi.dll
0x00007ffc9fdc0000 - 0x00007ffc9fdd9000 	C:\Users\Filip\.jdks\corretto-17.0.4.1\bin\net.dll
0x00007ffca9f10000 - 0x00007ffcaa01c000 	C:\Windows\SYSTEM32\WINHTTP.dll
0x00007ffcb0120000 - 0x00007ffcb018a000 	C:\Windows\system32\mswsock.dll
0x00007ffc9d4d0000 - 0x00007ffc9d4e5000 	C:\Users\Filip\.jdks\corretto-17.0.4.1\bin\nio.dll
0x00007ffc9d3a0000 - 0x00007ffc9d3b8000 	C:\Users\Filip\.jdks\corretto-17.0.4.1\bin\zip.dll
0x00007ffc9b420000 - 0x00007ffc9b430000 	C:\Users\Filip\.jdks\corretto-17.0.4.1\bin\verify.dll
0x00007ffca1dd0000 - 0x00007ffca1e45000 	C:\Users\Filip\AppData\Local\Temp\lwjglFilip\3.3.1-build-7\lwjgl.dll
0x00007ffc850b0000 - 0x00007ffc85111000 	C:\Users\Filip\AppData\Local\Temp\lwjglFilip\3.3.1-build-7\glfw.dll
0x00007ffc84080000 - 0x00007ffc840c5000 	C:\Windows\SYSTEM32\dinput8.dll
0x00007ffcae290000 - 0x00007ffcae2a1000 	C:\Windows\SYSTEM32\xinput1_4.dll
0x00007ffcb1260000 - 0x00007ffcb12ae000 	C:\Windows\System32\cfgmgr32.dll
0x00007ffcb07e0000 - 0x00007ffcb080c000 	C:\Windows\SYSTEM32\DEVOBJ.dll
0x00007ffcae810000 - 0x00007ffcae83f000 	C:\Windows\SYSTEM32\dwmapi.dll
0x00007ffc8c990000 - 0x00007ffc8cae2000 	C:\Windows\SYSTEM32\inputhost.dll
0x00007ffcb1580000 - 0x00007ffcb164d000 	C:\Windows\System32\OLEAUT32.dll
0x00007ffcac5c0000 - 0x00007ffcac6b6000 	C:\Windows\SYSTEM32\PROPSYS.dll
0x00007ffcadcd0000 - 0x00007ffcae02e000 	C:\Windows\SYSTEM32\CoreUIComponents.dll
0x00007ffcae030000 - 0x00007ffcae122000 	C:\Windows\SYSTEM32\CoreMessaging.dll
0x00007ffcad560000 - 0x00007ffcad6b4000 	C:\Windows\SYSTEM32\wintypes.dll
0x00007ffcafb80000 - 0x00007ffcafbb3000 	C:\Windows\SYSTEM32\ntmarta.dll
0x00007ffcae450000 - 0x00007ffcae4ee000 	C:\Windows\system32\uxtheme.dll
0x00007ffcb1710000 - 0x00007ffcb1825000 	C:\Windows\System32\MSCTF.dll
0x00007ffc9b430000 - 0x00007ffc9b555000 	C:\Windows\SYSTEM32\opengl32.dll
0x00007ffca2000000 - 0x00007ffca202c000 	C:\Windows\SYSTEM32\GLU32.dll
0x00007ffcb14d0000 - 0x00007ffcb157f000 	C:\Windows\System32\clbcatq.dll
0x00007ffc90690000 - 0x00007ffc906b9000 	C:\Windows\System32\DriverStore\FileRepository\u0353287.inf_amd64_ecfcd6842346386a\B353212\atig6pxx.dll
0x00007ffc67090000 - 0x00007ffc6a9ae000 	C:\Windows\System32\DriverStore\FileRepository\u0353287.inf_amd64_ecfcd6842346386a\B353212\atio6axx.dll
0x00007ffcb1cb0000 - 0x00007ffcb2118000 	C:\Windows\System32\SETUPAPI.dll
0x00007ffcb12b0000 - 0x00007ffcb12d7000 	C:\Windows\System32\bcrypt.dll
0x00007ffcb3130000 - 0x00007ffcb325a000 	C:\Windows\System32\ole32.dll
0x00007ffc84680000 - 0x00007ffc846a4000 	C:\Windows\SYSTEM32\dxva2.dll
0x00007ffc87dd0000 - 0x00007ffc87e0a000 	C:\Windows\System32\DriverStore\FileRepository\u0353287.inf_amd64_ecfcd6842346386a\B353212\atig6txx.dll
0x00007ffc748d0000 - 0x00007ffc74a7e000 	C:\Windows\SYSTEM32\atiadlxx.dll
0x00007ffcb0aa0000 - 0x00007ffcb0b09000 	C:\Windows\System32\WINTRUST.dll
0x00007ffcb0bb0000 - 0x00007ffcb0d06000 	C:\Windows\System32\CRYPT32.dll
0x00007ffcb0620000 - 0x00007ffcb0632000 	C:\Windows\SYSTEM32\MSASN1.dll
0x00007ffca5e80000 - 0x00007ffca5ebb000 	C:\Windows\SYSTEM32\dxcore.dll
0x00007ffc8e620000 - 0x00007ffc8e719000 	C:\Windows\SYSTEM32\textinputframework.dll
0x00007ffc836b0000 - 0x00007ffc8370d000 	C:\Users\Filip\AppData\Local\Temp\lwjglFilip\3.3.1-build-7\lwjgl_opengl.dll
0x00007ffc73550000 - 0x00007ffc73af9000 	C:\Users\Filip\AppData\Local\Temp\lwjglFilip\3.3.1-build-7\assimp.dll
0x00007ffc81cf0000 - 0x00007ffc81d71000 	C:\Users\Filip\AppData\Local\Temp\lwjglFilip\3.3.1-build-7\lwjgl_stb.dll

dbghelp: loaded successfully - version: 4.0.5 - missing functions: none
symbol engine: initialized successfully - sym options: 0x614 - pdb path: .;C:\Users\Filip\.jdks\corretto-17.0.4.1\bin;C:\Windows\SYSTEM32;C:\Windows\WinSxS\amd64_microsoft.windows.common-controls_6595b64144ccf1df_6.0.19041.1110_none_60b5254171f9507e;C:\Users\Filip\.jdks\corretto-17.0.4.1\bin\server;C:\Users\Filip\AppData\Local\Temp\lwjglFilip\3.3.1-build-7;C:\Windows\System32\DriverStore\FileRepository\u0353287.inf_amd64_ecfcd6842346386a\B353212

VM Arguments:
jvm_args: -Dfile.encoding=windows-1250 -Duser.country=PL -Duser.language=pl -Duser.variant 
java_command: org.example.HelloWorld
java_class_path (initial): D:\ideaProjectsD\opengltest\opengltest\build\classes\java\main;D:\ideaProjectsD\opengltest\opengltest\build\resources\main;C:\Users\Filip\.gradle\caches\modules-2\files-2.1\org.joml\joml\1.10.5\22566d58af70ad3d72308bab63b8339906deb649\joml-1.10.5.jar;C:\Users\Filip\.gradle\caches\modules-2\files-2.1\org.lwjgl\lwjgl-assimp\3.3.1\312072f451794f25670aebb0160ce6ec88aff842\lwjgl-assimp-3.3.1.jar;C:\Users\Filip\.gradle\caches\modules-2\files-2.1\org.lwjgl\lwjgl-assimp\3.3.1\bfa2a0d57acbf952b716d0ad8a3acbd7ad9f5639\lwjgl-assimp-3.3.1-natives-windows.jar;C:\Users\Filip\.gradle\caches\modules-2\files-2.1\org.lwjgl\lwjgl-bgfx\3.3.1\4243b7d255d885980f10c36edfb678729493685e\lwjgl-bgfx-3.3.1.jar;C:\Users\Filip\.gradle\caches\modules-2\files-2.1\org.lwjgl\lwjgl-bgfx\3.3.1\12f22e13c99db9153124dbc17b84fe0233c6f3d5\lwjgl-bgfx-3.3.1-natives-windows.jar;C:\Users\Filip\.gradle\caches\modules-2\files-2.1\org.lwjgl\lwjgl-glfw\3.3.1\cbac1b8d30cb4795149c1ef540f912671a8616d0\lwjgl-glfw-3.3.1.jar;C:\Users\Filip\.gradle\caches\modules-2\files-2.1\org.lwjgl\lwjgl-glfw\3.3.1\ed892f945cf7e79c8756796f32d00fa4ceaf573b\lwjgl-glfw-3.3.1-natives-windows.jar;C:\Users\Filip\.gradle\caches\modules-2\files-2.1\org.lwjgl\lwjgl-nanovg\3.3.1\2f3b4d8f9b8de598517f105ce7e68560f25f11c6\lwjgl-nanovg-3.3.1.jar;C:\Users\Filip\.gradle\caches\modules-2\files-2.1\org.lwjgl\lwjgl-nanovg\3.3.1\1da0ba083ec772b85b3ea49ba4a3750bf8c7f4e1\lwjgl-nanovg-3.3.1-natives-windows.jar;C:\Users\Filip\.gradle\caches\modules-2\files-2.1\org.lwjgl\lwjgl-nuklear\3.3.1\628ccf80db3d623f1f559978e4246a23b2d1eeb1\lwjgl-nuklear-3.3.1.jar;C:\Users\Filip\.gradle\caches\modules-2\files-2.1\org.lwjgl\lwjgl-nuklear\3.3.1\755c93226fa44597741e37c6649e86cefa46b262\lwjgl-nuklear-3.3.1-natives-windows.jar;C:\Users\Filip\.gradle\caches\modules-2\files-2.1\org.lwjgl\lwjgl-openal\3.3.1\2623a6b8ae1dfcd880738656a9f0243d2e6840bd\lwjgl-openal-3.3.1.jar;C:\Users\Filip\.gradle\caches\modules-2\files-2.1\org.lwjgl\lwjgl-openal\3.3.1\
Launcher Type: SUN_STANDARD

[Global flags]
     intx CICompilerCount                          = 3                                         {product} {ergonomic}
     uint ConcGCThreads                            = 2                                         {product} {ergonomic}
     uint G1ConcRefinementThreads                  = 6                                         {product} {ergonomic}
   size_t G1HeapRegionSize                         = 2097152                                   {product} {ergonomic}
    uintx GCDrainStackTargetSize                   = 64                                        {product} {ergonomic}
   size_t InitialHeapSize                          = 257949696                                 {product} {ergonomic}
   size_t MarkStackSize                            = 4194304                                   {product} {ergonomic}
   size_t MaxHeapSize                              = 4127195136                                {product} {ergonomic}
   size_t MaxNewSize                               = 2474639360                                {product} {ergonomic}
   size_t MinHeapDeltaBytes                        = 2097152                                   {product} {ergonomic}
   size_t MinHeapSize                              = 8388608                                   {product} {ergonomic}
    uintx NonNMethodCodeHeapSize                   = 5832780                                {pd product} {ergonomic}
    uintx NonProfiledCodeHeapSize                  = 122912730                              {pd product} {ergonomic}
    uintx ProfiledCodeHeapSize                     = 122912730                              {pd product} {ergonomic}
    uintx ReservedCodeCacheSize                    = 251658240                              {pd product} {ergonomic}
     bool SegmentedCodeCache                       = true                                      {product} {ergonomic}
   size_t SoftMaxHeapSize                          = 4127195136                             {manageable} {ergonomic}
     bool UseCompressedClassPointers               = true                           {product lp64_product} {ergonomic}
     bool UseCompressedOops                        = true                           {product lp64_product} {ergonomic}
     bool UseG1GC                                  = true                                      {product} {ergonomic}
     bool UseLargePagesIndividualAllocation        = false                                  {pd product} {ergonomic}

Logging:
Log output configuration:
 #0: stdout all=warning uptime,level,tags
 #1: stderr all=off uptime,level,tags

Environment Variables:
JAVA_HOME=C:\Users\Filip\.jdks\corretto-17.0.4.1
PATH=C:\Program Files (x86)\Common Files\Oracle\Java\javapath;C:\Windows\system32;C:\Windows;C:\Windows\System32\Wbem;C:\Windows\System32\WindowsPowerShell\v1.0\;C:\Windows\System32\OpenSSH\;C:\Users\Filip\.jdks\corretto-11.0.12;C:\Program Files\MATLAB\R2021b\bin;C:\Program Files\dotnet\;C:\Program Files (x86)\dotnet\;C:\Program Files\CMake\bin;C:\Program Files\Git\cmd;C:\Program Files\Microsoft SQL Server\Client SDK\ODBC\170\Tools\Binn\;C:\Program Files (x86)\Microsoft SQL Server\150\Tools\Binn\;C:\Program Files\Microsoft SQL Server\150\Tools\Binn\;C:\Program Files\Microsoft SQL Server\150\DTS\Binn\;C:\Program Files (x86)\Microsoft SQL Server\150\DTS\Binn\;C:\Program Files\Azure Data Studio\bin;C:\Program Files\Pandoc\;C:\Program Files\Microsoft SQL Server\130\Tools\Binn\;D:\Program Files\NodeJs\;C:\Users\Filip\.jdks\corretto-17.0.4.1\bin;C:\Users\Filip\AppData\Local\Programs\Python\Launcher\;C:\Users\Filip\AppData\Local\Microsoft\WindowsApps;C:\Users\Filip\.dotnet\tools;C:\Users\Filip\AppData\Local\Programs\Microsoft VS Code\bin;C:\Users\Filip\Downloads\php-8.1.0-nts-Win32-vs16-x64\php.exe;C:\Users\Filip\AppData\Roaming\Python\Python37\Scripts;C:\Users\Filip\AppData\Local\Packages\PythonSoftwareFoundation.Python.3.7_qbz5n2kfra8p0\LocalCache\local-packages\Python37\Scripts;C:\Program Files\Azure Data Studio\bin;D:\Program Files\IntelliJ IDEA 2022.1\bin;;C:\Users\Filip\AppData\Roaming\npm;C:\Gradle\bin;C:\apache-maven-3.8.6\bin;
USERNAME=Filip
OS=Windows_NT
PROCESSOR_IDENTIFIER=AMD64 Family 23 Model 96 Stepping 1, AuthenticAMD
TMP=C:\Users\Filip\AppData\Local\Temp
TEMP=C:\Users\Filip\AppData\Local\Temp



---------------  S Y S T E M  ---------------

OS:
 Windows 10 , 64 bit Build 19041 (10.0.19041.2364)
OS uptime: 0 days 1:45 hours
Hyper-V role detected

CPU: total 6 (initial active 6) (6 cores per cpu, 1 threads per core) family 23 model 96 stepping 1 microcode 0x0, cx8, cmov, fxsr, mmx, 3dnowpref, sse, sse2, sse3, ssse3, sse4a, sse4.1, sse4.2, popcnt, lzcnt, tsc, tscinvbit, avx, avx2, aes, clmul, bmi1, bmi2, adx, sha, fma, vzeroupper, clflush, clflushopt, hv

Memory: 4k page, system-wide physical 15741M (4550M free)
TotalPageFile size 18173M (AvailPageFile size 4002M)
current process WorkingSet (physical memory assigned to process): 479M, peak: 479M
current process commit charge ("private bytes"): 1038M, peak: 1038M

vm_info: OpenJDK 64-Bit Server VM (17.0.4.1+9-LTS) for windows-amd64 JRE (17.0.4.1+9-LTS), built on Aug 12 2022 17:33:36 by "Administrator" with MS VC++ 15.9 (VS2017)

END.
