#
# A fatal error has been detected by the Java Runtime Environment:
#
#  EXCEPTION_ACCESS_VIOLATION (0xc0000005) at pc=0x000002218f530f8f, pid=6416, tid=16864
#
# JRE version: OpenJDK Runtime Environment Corretto-17.0.4.9.1 (17.0.4.1+9) (build 17.0.4.1+9-LTS)
# Java VM: OpenJDK 64-Bit Server VM Corretto-17.0.4.9.1 (17.0.4.1+9-LTS, mixed mode, sharing, tiered, compressed oops, compressed class ptrs, g1 gc, windows-amd64)
# Problematic frame:
# J 709 c2 org.lwjgl.system.MemoryUtil.memGetAddress(J)J (31 bytes) @ 0x000002218f530f8f [0x000002218f530f80+0x000000000000000f]
#
# No core dump will be written. Minidumps are not enabled by default on client versions of Windows
#
# If you would like to submit a bug report, please visit:
#   https://github.com/corretto/corretto-17/issues/
#

---------------  S U M M A R Y ------------

Command Line: -Dfile.encoding=windows-1250 -Duser.country=PL -Duser.language=pl -Duser.variant org.example.HelloWorld

Host: AMD Ryzen 5 4500U with Radeon Graphics         , 6 cores, 15G,  Windows 10 , 64 bit Build 19041 (10.0.19041.2364)
Time: Mon Jan  9 22:15:13 2023  Windows 10 , 64 bit Build 19041 (10.0.19041.2364) elapsed time: 0.582145 seconds (0d 0h 0m 0s)

---------------  T H R E A D  ---------------

Current thread (0x00000221fc51c790):  JavaThread "main" [_thread_in_Java, id=16864, stack(0x000000d6ba800000,0x000000d6ba900000)]

Stack: [0x000000d6ba800000,0x000000d6ba900000],  sp=0x000000d6ba8fed40,  free space=1019k
Native frames: (J=compiled Java code, j=interpreted, Vv=VM code, C=native code)
C  0x000002218f530f8f


siginfo: EXCEPTION_ACCESS_VIOLATION (0xc0000005), reading address 0x0000000000000001


Register to memory mapping:

RIP=0x000002218f530f8f is at entry_point+15 in (nmethod*)0x000002218f530e10
RAX={method} {0x000002219f43b5d8} 'memGetAddress' '(J)J' in 'org/lwjgl/system/MemoryUtil'
RBX={method} {0x000002219f43b5d8} 'memGetAddress' '(J)J' in 'org/lwjgl/system/MemoryUtil'
RCX=0x000002219f6a9910 is pointing into metadata
RDX=0x0000000000000001 is an unknown value
RSP=0x000000d6ba8fed40 is pointing into the stack for thread: 0x00000221fc51c790
RBP=0x000000d6ba8fedc0 is pointing into the stack for thread: 0x00000221fc51c790
RSI=0x000002219f00c158 is pointing into metadata
RDI=0x000000000000d144 is an unknown value
R8 =0x0000000000000002 is an unknown value
R9 =0x0000000000000002 is an unknown value
R10=0x0000000000000001 is an unknown value
R11=0x000002218f530f80 is at entry_point+0 in (nmethod*)0x000002218f530e10
R12=0x0 is NULL
R13=0x000000d6ba8fed68 is pointing into the stack for thread: 0x00000221fc51c790
R14=0x000000d6ba8fedd8 is pointing into the stack for thread: 0x00000221fc51c790
R15=0x00000221fc51c790 is a thread


Registers:
RAX=0x000002219f43b5d0, RBX=0x000002219f43b5d0, RCX=0x000002219f6a9910, RDX=0x0000000000000001
RSP=0x000000d6ba8fed40, RBP=0x000000d6ba8fedc0, RSI=0x000002219f00c158, RDI=0x000000000000d144
R8 =0x0000000000000002, R9 =0x0000000000000002, R10=0x0000000000000001, R11=0x000002218f530f80
R12=0x0000000000000000, R13=0x000000d6ba8fed68, R14=0x000000d6ba8fedd8, R15=0x00000221fc51c790
RIP=0x000002218f530f8f, EFLAGS=0x0000000000010202

Top of Stack: (sp=0x000000d6ba8fed40)
0x000000d6ba8fed40:   000000000000d144 00000000000000b8
0x000000d6ba8fed50:   000000d6ba8fedc0 0000022187a395cd
0x000000d6ba8fed60:   0000022187a395cd 0000000000000001
0x000000d6ba8fed70:   0000000000000000 000000d6ba8fed78
0x000000d6ba8fed80:   000002219f6a9706 000000d6ba8fedd8
0x000000d6ba8fed90:   000002219f6a9910 0000000000000000
0x000000d6ba8feda0:   0000000718ba5218 000002219f6a9728
0x000000d6ba8fedb0:   000000d6ba8fed68 000000d6ba8fedd0
0x000000d6ba8fedc0:   000000d6ba8fee28 0000022187a394fe
0x000000d6ba8fedd0:   0000000000000001 0000000000000000
0x000000d6ba8fede0:   000000d6ba8fede0 000002219f66222b
0x000000d6ba8fedf0:   000000d6ba8fee58 000002219f663b18
0x000000d6ba8fee00:   0000000000000000 0000000718a5c330
0x000000d6ba8fee10:   000002219f662268 000000d6ba8fedd0
0x000000d6ba8fee20:   000000d6ba8fee48 000000d6ba8feea8
0x000000d6ba8fee30:   0000022187a39612 00007ffc38785ca0 

Instructions: (pc=0x000002218f530f8f)
0x000002218f530e8f:   00 c5 0f 53 8f 21 02 00 00 00 00 00 00 00 00 00
0x000002218f530e9f:   00 e8 0f 53 8f 21 02 00 00 e8 0f 53 8f 21 02 00
0x000002218f530eaf:   00 e8 0f 53 8f 21 02 00 00 e8 0f 53 8f 21 02 00
0x000002218f530ebf:   00 00 00 00 00 00 00 00 00 00 00 00 00 00 00 00
0x000002218f530ecf:   00 ff ff ff ff 00 00 00 00 00 00 00 00 00 00 00
0x000002218f530edf:   00 00 00 00 00 00 00 00 00 80 0f 53 8f 21 02 00
0x000002218f530eef:   00 80 0f 53 8f 21 02 00 00 80 0f 53 8f 21 02 00
0x000002218f530eff:   00 b0 01 00 00 ff ff ff ff 70 01 00 00 b0 01 00
0x000002218f530f0f:   00 c8 01 00 00 d0 01 00 00 00 00 00 00 d8 01 00
0x000002218f530f1f:   00 f8 01 00 00 00 02 00 00 00 02 00 00 00 02 00
0x000002218f530f2f:   00 00 02 00 00 00 02 00 00 00 02 00 00 00 00 00
0x000002218f530f3f:   00 c5 02 00 00 04 00 00 00 00 00 00 00 02 00 00
0x000002218f530f4f:   00 00 00 00 00 00 00 00 00 e0 01 00 00 02 00 00
0x000002218f530f5f:   00 ff ff ff ff ff ff ff ff 17 b0 0e f0 0e 80 11
0x000002218f530f6f:   64 0a 00 00 64 0f 64 00 00 00 00 00 00 00 00 00
0x000002218f530f7f:   00 48 81 ec 18 00 00 00 48 89 6c 24 10 4c 8b d2
0x000002218f530f8f:   49 8b 02 48 83 c4 10 5d 49 3b a7 40 03 00 00 0f
0x000002218f530f9f:   87 01 00 00 00 c3 49 ba 97 0f 53 8f 21 02 00 00
0x000002218f530faf:   4d 89 97 58 03 00 00 e9 45 24 55 f8 f4 f4 f4 f4
0x000002218f530fbf:   f4 e9 3b 74 56 f8 e8 00 00 00 00 48 83 2c 24 05
0x000002218f530fcf:   e9 cc 16 55 f8 f4 f4 f4 f4 48 3d 4d 19 07 00 00
0x000002218f530fdf:   00 ff 00 00 00 00 00 00 00 ff ff ff ff 00 00 00
0x000002218f530fef:   00 00 00 00 00 00 00 00 00 59 00 00 00 00 00 00
0x000002218f530fff:   00 00 00 00 00 00 00 00 00 00 00 00 00 00 00 00
0x000002218f53100f:   00 00 00 00 00 00 00 00 00 00 00 00 00 00 00 00
0x000002218f53101f:   00 00 00 00 00 00 00 00 00 00 00 00 00 00 00 00
0x000002218f53102f:   00 00 00 00 00 00 00 00 00 00 00 00 00 00 00 00
0x000002218f53103f:   00 00 00 00 00 00 00 00 00 00 00 00 00 00 00 00
0x000002218f53104f:   00 00 00 00 00 00 00 00 00 00 00 00 00 00 00 00
0x000002218f53105f:   00 00 00 00 00 00 00 00 00 00 00 00 00 00 00 00
0x000002218f53106f:   00 00 00 00 00 00 00 00 00 00 00 00 00 00 00 00
0x000002218f53107f:   00 00 00 00 00 00 00 00 00 00 00 00 00 00 00 00 


Stack slot to memory mapping:
stack at sp + 0 slots: 0x000000000000d144 is an unknown value
stack at sp + 1 slots: 0x00000000000000b8 is an unknown value
stack at sp + 2 slots: 0x000000d6ba8fedc0 is pointing into the stack for thread: 0x00000221fc51c790
stack at sp + 3 slots: 0x0000022187a395cd is at code_begin+1325 in an Interpreter codelet
return entry points  [0x0000022187a390a0, 0x0000022187a39ba0]  2816 bytes
stack at sp + 4 slots: 0x0000022187a395cd is at code_begin+1325 in an Interpreter codelet
return entry points  [0x0000022187a390a0, 0x0000022187a39ba0]  2816 bytes
stack at sp + 5 slots: 0x0000000000000001 is an unknown value
stack at sp + 6 slots: 0x0 is NULL
stack at sp + 7 slots: 0x000000d6ba8fed78 is pointing into the stack for thread: 0x00000221fc51c790

--------------------------------------------------------------------------------
[Constant Pool (empty)]

--------------------------------------------------------------------------------

[MachCode]
  0x000002218f530f80: 4881 ec18 | 0000 0048 | 896c 2410 | 4c8b d249 | 8b02 4883 | c410 5d49 | 3ba7 4003 | 0000 0f87 
  0x000002218f530fa0: 0100 0000 | c349 ba97 | 0f53 8f21 | 0200 004d | 8997 5803 | 0000 e945 | 2455 f8f4 | f4f4 f4f4 
  0x000002218f530fc0: e93b 7456 | f8e8 0000 | 0000 4883 | 2c24 05e9 | cc16 55f8 | f4f4 f4f4 
[/MachCode]
--------------------------------------------------------------------------------


---------------  P R O C E S S  ---------------

Threads class SMR info:
_java_thread_list=0x000002219f94eec0, length=12, elements={
0x00000221fc51c790, 0x000002219ec82bb0, 0x000002219ec84030, 0x000002219f80ba00,
0x000002219f80c3b0, 0x000002219f80cd60, 0x000002219f80fec0, 0x000002219f812410,
0x000002219f817160, 0x000002219f837b60, 0x000002219f96b490, 0x000002219f96c130
}

Java Threads: ( => current thread )
=>0x00000221fc51c790 JavaThread "main" [_thread_in_Java, id=16864, stack(0x000000d6ba800000,0x000000d6ba900000)]
  0x000002219ec82bb0 JavaThread "Reference Handler" daemon [_thread_blocked, id=10596, stack(0x000000d6baf00000,0x000000d6bb000000)]
  0x000002219ec84030 JavaThread "Finalizer" daemon [_thread_blocked, id=7612, stack(0x000000d6bb000000,0x000000d6bb100000)]
  0x000002219f80ba00 JavaThread "Signal Dispatcher" daemon [_thread_blocked, id=2676, stack(0x000000d6bb100000,0x000000d6bb200000)]
  0x000002219f80c3b0 JavaThread "Attach Listener" daemon [_thread_blocked, id=3276, stack(0x000000d6bb200000,0x000000d6bb300000)]
  0x000002219f80cd60 JavaThread "Service Thread" daemon [_thread_blocked, id=10224, stack(0x000000d6bb300000,0x000000d6bb400000)]
  0x000002219f80fec0 JavaThread "Monitor Deflation Thread" daemon [_thread_blocked, id=812, stack(0x000000d6bb400000,0x000000d6bb500000)]
  0x000002219f812410 JavaThread "C2 CompilerThread0" daemon [_thread_blocked, id=5832, stack(0x000000d6bb500000,0x000000d6bb600000)]
  0x000002219f817160 JavaThread "C1 CompilerThread0" daemon [_thread_blocked, id=5116, stack(0x000000d6bb600000,0x000000d6bb700000)]
  0x000002219f837b60 JavaThread "Sweeper thread" daemon [_thread_blocked, id=11876, stack(0x000000d6bb700000,0x000000d6bb800000)]
  0x000002219f96b490 JavaThread "Notification Thread" daemon [_thread_blocked, id=2248, stack(0x000000d6bb800000,0x000000d6bb900000)]
  0x000002219f96c130 JavaThread "Common-Cleaner" daemon [_thread_blocked, id=7476, stack(0x000000d6bba00000,0x000000d6bbb00000)]

Other Threads:
  0x000002219ec7d910 VMThread "VM Thread" [stack: 0x000000d6bae00000,0x000000d6baf00000] [id=4464]
  0x00000221fc5b0c60 WatcherThread [stack: 0x000000d6bb900000,0x000000d6bba00000] [id=16456]
  0x00000221fc5872c0 GCTaskThread "GC Thread#0" [stack: 0x000000d6ba900000,0x000000d6baa00000] [id=15284]
  0x00000221fc598010 ConcurrentGCThread "G1 Main Marker" [stack: 0x000000d6baa00000,0x000000d6bab00000] [id=6348]
  0x00000221fc59b980 ConcurrentGCThread "G1 Conc#0" [stack: 0x000000d6bab00000,0x000000d6bac00000] [id=16752]
  0x00000221fc5febf0 ConcurrentGCThread "G1 Refine#0" [stack: 0x000000d6bac00000,0x000000d6bad00000] [id=14140]
  0x000002219eb36b00 ConcurrentGCThread "G1 Service" [stack: 0x000000d6bad00000,0x000000d6bae00000] [id=5624]

Threads with active compile tasks:

VM state: not at safepoint (normal execution)

VM Mutex/Monitor currently owned by a thread: None

Heap address: 0x000000070a000000, size: 3936 MB, Compressed Oops mode: Zero based, Oop shift amount: 3

CDS archive(s) mapped at: [0x0000000800000000-0x0000000800bc0000-0x0000000800bc0000), size 12320768, SharedBaseAddress: 0x0000000800000000, ArchiveRelocationMode: 0.
Compressed class space mapped at: 0x0000000800c00000-0x0000000840c00000, reserved size: 1073741824
Narrow klass base: 0x0000000800000000, Narrow klass shift: 0, Narrow klass range: 0x100000000

GC Precious Log:
 CPUs: 6 total, 6 available
 Memory: 15741M
 Large Page Support: Disabled
 NUMA Support: Disabled
 Compressed Oops: Enabled (Zero based)
 Heap Region Size: 2M
 Heap Min Capacity: 8M
 Heap Initial Capacity: 246M
 Heap Max Capacity: 3936M
 Pre-touch: Disabled
 Parallel Workers: 6
 Concurrent Workers: 2
 Concurrent Refinement Workers: 6
 Periodic GC: Disabled

Heap:
 garbage-first heap   total 251904K, used 10240K [0x000000070a000000, 0x0000000800000000)
  region size 2048K, 6 young (12288K), 0 survivors (0K)
 Metaspace       used 4169K, committed 4352K, reserved 1056768K
  class space    used 213K, committed 320K, reserved 1048576K

Heap Regions: E=young(eden), S=young(survivor), O=old, HS=humongous(starts), HC=humongous(continues), CS=collection set, F=free, OA=open archive, CA=closed archive, TAMS=top-at-mark-start (previous, next)
|   0|0x000000070a000000, 0x000000070a000000, 0x000000070a200000|  0%| F|  |TAMS 0x000000070a000000, 0x000000070a000000| Untracked 
|   1|0x000000070a200000, 0x000000070a200000, 0x000000070a400000|  0%| F|  |TAMS 0x000000070a200000, 0x000000070a200000| Untracked 
|   2|0x000000070a400000, 0x000000070a400000, 0x000000070a600000|  0%| F|  |TAMS 0x000000070a400000, 0x000000070a400000| Untracked 
|   3|0x000000070a600000, 0x000000070a600000, 0x000000070a800000|  0%| F|  |TAMS 0x000000070a600000, 0x000000070a600000| Untracked 
|   4|0x000000070a800000, 0x000000070a800000, 0x000000070aa00000|  0%| F|  |TAMS 0x000000070a800000, 0x000000070a800000| Untracked 
|   5|0x000000070aa00000, 0x000000070aa00000, 0x000000070ac00000|  0%| F|  |TAMS 0x000000070aa00000, 0x000000070aa00000| Untracked 
|   6|0x000000070ac00000, 0x000000070ac00000, 0x000000070ae00000|  0%| F|  |TAMS 0x000000070ac00000, 0x000000070ac00000| Untracked 
|   7|0x000000070ae00000, 0x000000070ae00000, 0x000000070b000000|  0%| F|  |TAMS 0x000000070ae00000, 0x000000070ae00000| Untracked 
|   8|0x000000070b000000, 0x000000070b000000, 0x000000070b200000|  0%| F|  |TAMS 0x000000070b000000, 0x000000070b000000| Untracked 
|   9|0x000000070b200000, 0x000000070b200000, 0x000000070b400000|  0%| F|  |TAMS 0x000000070b200000, 0x000000070b200000| Untracked 
|  10|0x000000070b400000, 0x000000070b400000, 0x000000070b600000|  0%| F|  |TAMS 0x000000070b400000, 0x000000070b400000| Untracked 
|  11|0x000000070b600000, 0x000000070b600000, 0x000000070b800000|  0%| F|  |TAMS 0x000000070b600000, 0x000000070b600000| Untracked 
|  12|0x000000070b800000, 0x000000070b800000, 0x000000070ba00000|  0%| F|  |TAMS 0x000000070b800000, 0x000000070b800000| Untracked 
|  13|0x000000070ba00000, 0x000000070ba00000, 0x000000070bc00000|  0%| F|  |TAMS 0x000000070ba00000, 0x000000070ba00000| Untracked 
|  14|0x000000070bc00000, 0x000000070bc00000, 0x000000070be00000|  0%| F|  |TAMS 0x000000070bc00000, 0x000000070bc00000| Untracked 
|  15|0x000000070be00000, 0x000000070be00000, 0x000000070c000000|  0%| F|  |TAMS 0x000000070be00000, 0x000000070be00000| Untracked 
|  16|0x000000070c000000, 0x000000070c000000, 0x000000070c200000|  0%| F|  |TAMS 0x000000070c000000, 0x000000070c000000| Untracked 
|  17|0x000000070c200000, 0x000000070c200000, 0x000000070c400000|  0%| F|  |TAMS 0x000000070c200000, 0x000000070c200000| Untracked 
|  18|0x000000070c400000, 0x000000070c400000, 0x000000070c600000|  0%| F|  |TAMS 0x000000070c400000, 0x000000070c400000| Untracked 
|  19|0x000000070c600000, 0x000000070c600000, 0x000000070c800000|  0%| F|  |TAMS 0x000000070c600000, 0x000000070c600000| Untracked 
|  20|0x000000070c800000, 0x000000070c800000, 0x000000070ca00000|  0%| F|  |TAMS 0x000000070c800000, 0x000000070c800000| Untracked 
|  21|0x000000070ca00000, 0x000000070ca00000, 0x000000070cc00000|  0%| F|  |TAMS 0x000000070ca00000, 0x000000070ca00000| Untracked 
|  22|0x000000070cc00000, 0x000000070cc00000, 0x000000070ce00000|  0%| F|  |TAMS 0x000000070cc00000, 0x000000070cc00000| Untracked 
|  23|0x000000070ce00000, 0x000000070ce00000, 0x000000070d000000|  0%| F|  |TAMS 0x000000070ce00000, 0x000000070ce00000| Untracked 
|  24|0x000000070d000000, 0x000000070d000000, 0x000000070d200000|  0%| F|  |TAMS 0x000000070d000000, 0x000000070d000000| Untracked 
|  25|0x000000070d200000, 0x000000070d200000, 0x000000070d400000|  0%| F|  |TAMS 0x000000070d200000, 0x000000070d200000| Untracked 
|  26|0x000000070d400000, 0x000000070d400000, 0x000000070d600000|  0%| F|  |TAMS 0x000000070d400000, 0x000000070d400000| Untracked 
|  27|0x000000070d600000, 0x000000070d600000, 0x000000070d800000|  0%| F|  |TAMS 0x000000070d600000, 0x000000070d600000| Untracked 
|  28|0x000000070d800000, 0x000000070d800000, 0x000000070da00000|  0%| F|  |TAMS 0x000000070d800000, 0x000000070d800000| Untracked 
|  29|0x000000070da00000, 0x000000070da00000, 0x000000070dc00000|  0%| F|  |TAMS 0x000000070da00000, 0x000000070da00000| Untracked 
|  30|0x000000070dc00000, 0x000000070dc00000, 0x000000070de00000|  0%| F|  |TAMS 0x000000070dc00000, 0x000000070dc00000| Untracked 
|  31|0x000000070de00000, 0x000000070de00000, 0x000000070e000000|  0%| F|  |TAMS 0x000000070de00000, 0x000000070de00000| Untracked 
|  32|0x000000070e000000, 0x000000070e000000, 0x000000070e200000|  0%| F|  |TAMS 0x000000070e000000, 0x000000070e000000| Untracked 
|  33|0x000000070e200000, 0x000000070e200000, 0x000000070e400000|  0%| F|  |TAMS 0x000000070e200000, 0x000000070e200000| Untracked 
|  34|0x000000070e400000, 0x000000070e400000, 0x000000070e600000|  0%| F|  |TAMS 0x000000070e400000, 0x000000070e400000| Untracked 
|  35|0x000000070e600000, 0x000000070e600000, 0x000000070e800000|  0%| F|  |TAMS 0x000000070e600000, 0x000000070e600000| Untracked 
|  36|0x000000070e800000, 0x000000070e800000, 0x000000070ea00000|  0%| F|  |TAMS 0x000000070e800000, 0x000000070e800000| Untracked 
|  37|0x000000070ea00000, 0x000000070ea00000, 0x000000070ec00000|  0%| F|  |TAMS 0x000000070ea00000, 0x000000070ea00000| Untracked 
|  38|0x000000070ec00000, 0x000000070ec00000, 0x000000070ee00000|  0%| F|  |TAMS 0x000000070ec00000, 0x000000070ec00000| Untracked 
|  39|0x000000070ee00000, 0x000000070ee00000, 0x000000070f000000|  0%| F|  |TAMS 0x000000070ee00000, 0x000000070ee00000| Untracked 
|  40|0x000000070f000000, 0x000000070f000000, 0x000000070f200000|  0%| F|  |TAMS 0x000000070f000000, 0x000000070f000000| Untracked 
|  41|0x000000070f200000, 0x000000070f200000, 0x000000070f400000|  0%| F|  |TAMS 0x000000070f200000, 0x000000070f200000| Untracked 
|  42|0x000000070f400000, 0x000000070f400000, 0x000000070f600000|  0%| F|  |TAMS 0x000000070f400000, 0x000000070f400000| Untracked 
|  43|0x000000070f600000, 0x000000070f600000, 0x000000070f800000|  0%| F|  |TAMS 0x000000070f600000, 0x000000070f600000| Untracked 
|  44|0x000000070f800000, 0x000000070f800000, 0x000000070fa00000|  0%| F|  |TAMS 0x000000070f800000, 0x000000070f800000| Untracked 
|  45|0x000000070fa00000, 0x000000070fa00000, 0x000000070fc00000|  0%| F|  |TAMS 0x000000070fa00000, 0x000000070fa00000| Untracked 
|  46|0x000000070fc00000, 0x000000070fc00000, 0x000000070fe00000|  0%| F|  |TAMS 0x000000070fc00000, 0x000000070fc00000| Untracked 
|  47|0x000000070fe00000, 0x000000070fe00000, 0x0000000710000000|  0%| F|  |TAMS 0x000000070fe00000, 0x000000070fe00000| Untracked 
|  48|0x0000000710000000, 0x0000000710000000, 0x0000000710200000|  0%| F|  |TAMS 0x0000000710000000, 0x0000000710000000| Untracked 
|  49|0x0000000710200000, 0x0000000710200000, 0x0000000710400000|  0%| F|  |TAMS 0x0000000710200000, 0x0000000710200000| Untracked 
|  50|0x0000000710400000, 0x0000000710400000, 0x0000000710600000|  0%| F|  |TAMS 0x0000000710400000, 0x0000000710400000| Untracked 
|  51|0x0000000710600000, 0x0000000710600000, 0x0000000710800000|  0%| F|  |TAMS 0x0000000710600000, 0x0000000710600000| Untracked 
|  52|0x0000000710800000, 0x0000000710800000, 0x0000000710a00000|  0%| F|  |TAMS 0x0000000710800000, 0x0000000710800000| Untracked 
|  53|0x0000000710a00000, 0x0000000710a00000, 0x0000000710c00000|  0%| F|  |TAMS 0x0000000710a00000, 0x0000000710a00000| Untracked 
|  54|0x0000000710c00000, 0x0000000710c00000, 0x0000000710e00000|  0%| F|  |TAMS 0x0000000710c00000, 0x0000000710c00000| Untracked 
|  55|0x0000000710e00000, 0x0000000710e00000, 0x0000000711000000|  0%| F|  |TAMS 0x0000000710e00000, 0x0000000710e00000| Untracked 
|  56|0x0000000711000000, 0x0000000711000000, 0x0000000711200000|  0%| F|  |TAMS 0x0000000711000000, 0x0000000711000000| Untracked 
|  57|0x0000000711200000, 0x0000000711200000, 0x0000000711400000|  0%| F|  |TAMS 0x0000000711200000, 0x0000000711200000| Untracked 
|  58|0x0000000711400000, 0x0000000711400000, 0x0000000711600000|  0%| F|  |TAMS 0x0000000711400000, 0x0000000711400000| Untracked 
|  59|0x0000000711600000, 0x0000000711600000, 0x0000000711800000|  0%| F|  |TAMS 0x0000000711600000, 0x0000000711600000| Untracked 
|  60|0x0000000711800000, 0x0000000711800000, 0x0000000711a00000|  0%| F|  |TAMS 0x0000000711800000, 0x0000000711800000| Untracked 
|  61|0x0000000711a00000, 0x0000000711a00000, 0x0000000711c00000|  0%| F|  |TAMS 0x0000000711a00000, 0x0000000711a00000| Untracked 
|  62|0x0000000711c00000, 0x0000000711c00000, 0x0000000711e00000|  0%| F|  |TAMS 0x0000000711c00000, 0x0000000711c00000| Untracked 
|  63|0x0000000711e00000, 0x0000000711e00000, 0x0000000712000000|  0%| F|  |TAMS 0x0000000711e00000, 0x0000000711e00000| Untracked 
|  64|0x0000000712000000, 0x0000000712000000, 0x0000000712200000|  0%| F|  |TAMS 0x0000000712000000, 0x0000000712000000| Untracked 
|  65|0x0000000712200000, 0x0000000712200000, 0x0000000712400000|  0%| F|  |TAMS 0x0000000712200000, 0x0000000712200000| Untracked 
|  66|0x0000000712400000, 0x0000000712400000, 0x0000000712600000|  0%| F|  |TAMS 0x0000000712400000, 0x0000000712400000| Untracked 
|  67|0x0000000712600000, 0x0000000712600000, 0x0000000712800000|  0%| F|  |TAMS 0x0000000712600000, 0x0000000712600000| Untracked 
|  68|0x0000000712800000, 0x0000000712800000, 0x0000000712a00000|  0%| F|  |TAMS 0x0000000712800000, 0x0000000712800000| Untracked 
|  69|0x0000000712a00000, 0x0000000712a00000, 0x0000000712c00000|  0%| F|  |TAMS 0x0000000712a00000, 0x0000000712a00000| Untracked 
|  70|0x0000000712c00000, 0x0000000712c00000, 0x0000000712e00000|  0%| F|  |TAMS 0x0000000712c00000, 0x0000000712c00000| Untracked 
|  71|0x0000000712e00000, 0x0000000712e00000, 0x0000000713000000|  0%| F|  |TAMS 0x0000000712e00000, 0x0000000712e00000| Untracked 
|  72|0x0000000713000000, 0x0000000713000000, 0x0000000713200000|  0%| F|  |TAMS 0x0000000713000000, 0x0000000713000000| Untracked 
|  73|0x0000000713200000, 0x0000000713200000, 0x0000000713400000|  0%| F|  |TAMS 0x0000000713200000, 0x0000000713200000| Untracked 
|  74|0x0000000713400000, 0x0000000713400000, 0x0000000713600000|  0%| F|  |TAMS 0x0000000713400000, 0x0000000713400000| Untracked 
|  75|0x0000000713600000, 0x0000000713600000, 0x0000000713800000|  0%| F|  |TAMS 0x0000000713600000, 0x0000000713600000| Untracked 
|  76|0x0000000713800000, 0x0000000713800000, 0x0000000713a00000|  0%| F|  |TAMS 0x0000000713800000, 0x0000000713800000| Untracked 
|  77|0x0000000713a00000, 0x0000000713a00000, 0x0000000713c00000|  0%| F|  |TAMS 0x0000000713a00000, 0x0000000713a00000| Untracked 
|  78|0x0000000713c00000, 0x0000000713c00000, 0x0000000713e00000|  0%| F|  |TAMS 0x0000000713c00000, 0x0000000713c00000| Untracked 
|  79|0x0000000713e00000, 0x0000000713e00000, 0x0000000714000000|  0%| F|  |TAMS 0x0000000713e00000, 0x0000000713e00000| Untracked 
|  80|0x0000000714000000, 0x0000000714000000, 0x0000000714200000|  0%| F|  |TAMS 0x0000000714000000, 0x0000000714000000| Untracked 
|  81|0x0000000714200000, 0x0000000714200000, 0x0000000714400000|  0%| F|  |TAMS 0x0000000714200000, 0x0000000714200000| Untracked 
|  82|0x0000000714400000, 0x0000000714400000, 0x0000000714600000|  0%| F|  |TAMS 0x0000000714400000, 0x0000000714400000| Untracked 
|  83|0x0000000714600000, 0x0000000714600000, 0x0000000714800000|  0%| F|  |TAMS 0x0000000714600000, 0x0000000714600000| Untracked 
|  84|0x0000000714800000, 0x0000000714800000, 0x0000000714a00000|  0%| F|  |TAMS 0x0000000714800000, 0x0000000714800000| Untracked 
|  85|0x0000000714a00000, 0x0000000714a00000, 0x0000000714c00000|  0%| F|  |TAMS 0x0000000714a00000, 0x0000000714a00000| Untracked 
|  86|0x0000000714c00000, 0x0000000714c00000, 0x0000000714e00000|  0%| F|  |TAMS 0x0000000714c00000, 0x0000000714c00000| Untracked 
|  87|0x0000000714e00000, 0x0000000714e00000, 0x0000000715000000|  0%| F|  |TAMS 0x0000000714e00000, 0x0000000714e00000| Untracked 
|  88|0x0000000715000000, 0x0000000715000000, 0x0000000715200000|  0%| F|  |TAMS 0x0000000715000000, 0x0000000715000000| Untracked 
|  89|0x0000000715200000, 0x0000000715200000, 0x0000000715400000|  0%| F|  |TAMS 0x0000000715200000, 0x0000000715200000| Untracked 
|  90|0x0000000715400000, 0x0000000715400000, 0x0000000715600000|  0%| F|  |TAMS 0x0000000715400000, 0x0000000715400000| Untracked 
|  91|0x0000000715600000, 0x0000000715600000, 0x0000000715800000|  0%| F|  |TAMS 0x0000000715600000, 0x0000000715600000| Untracked 
|  92|0x0000000715800000, 0x0000000715800000, 0x0000000715a00000|  0%| F|  |TAMS 0x0000000715800000, 0x0000000715800000| Untracked 
|  93|0x0000000715a00000, 0x0000000715a00000, 0x0000000715c00000|  0%| F|  |TAMS 0x0000000715a00000, 0x0000000715a00000| Untracked 
|  94|0x0000000715c00000, 0x0000000715c00000, 0x0000000715e00000|  0%| F|  |TAMS 0x0000000715c00000, 0x0000000715c00000| Untracked 
|  95|0x0000000715e00000, 0x0000000715e00000, 0x0000000716000000|  0%| F|  |TAMS 0x0000000715e00000, 0x0000000715e00000| Untracked 
|  96|0x0000000716000000, 0x0000000716000000, 0x0000000716200000|  0%| F|  |TAMS 0x0000000716000000, 0x0000000716000000| Untracked 
|  97|0x0000000716200000, 0x0000000716200000, 0x0000000716400000|  0%| F|  |TAMS 0x0000000716200000, 0x0000000716200000| Untracked 
|  98|0x0000000716400000, 0x0000000716400000, 0x0000000716600000|  0%| F|  |TAMS 0x0000000716400000, 0x0000000716400000| Untracked 
|  99|0x0000000716600000, 0x0000000716600000, 0x0000000716800000|  0%| F|  |TAMS 0x0000000716600000, 0x0000000716600000| Untracked 
| 100|0x0000000716800000, 0x0000000716800000, 0x0000000716a00000|  0%| F|  |TAMS 0x0000000716800000, 0x0000000716800000| Untracked 
| 101|0x0000000716a00000, 0x0000000716a00000, 0x0000000716c00000|  0%| F|  |TAMS 0x0000000716a00000, 0x0000000716a00000| Untracked 
| 102|0x0000000716c00000, 0x0000000716c00000, 0x0000000716e00000|  0%| F|  |TAMS 0x0000000716c00000, 0x0000000716c00000| Untracked 
| 103|0x0000000716e00000, 0x0000000716e00000, 0x0000000717000000|  0%| F|  |TAMS 0x0000000716e00000, 0x0000000716e00000| Untracked 
| 104|0x0000000717000000, 0x0000000717000000, 0x0000000717200000|  0%| F|  |TAMS 0x0000000717000000, 0x0000000717000000| Untracked 
| 105|0x0000000717200000, 0x0000000717200000, 0x0000000717400000|  0%| F|  |TAMS 0x0000000717200000, 0x0000000717200000| Untracked 
| 106|0x0000000717400000, 0x0000000717400000, 0x0000000717600000|  0%| F|  |TAMS 0x0000000717400000, 0x0000000717400000| Untracked 
| 107|0x0000000717600000, 0x0000000717600000, 0x0000000717800000|  0%| F|  |TAMS 0x0000000717600000, 0x0000000717600000| Untracked 
| 108|0x0000000717800000, 0x0000000717800000, 0x0000000717a00000|  0%| F|  |TAMS 0x0000000717800000, 0x0000000717800000| Untracked 
| 109|0x0000000717a00000, 0x0000000717a00000, 0x0000000717c00000|  0%| F|  |TAMS 0x0000000717a00000, 0x0000000717a00000| Untracked 
| 110|0x0000000717c00000, 0x0000000717c00000, 0x0000000717e00000|  0%| F|  |TAMS 0x0000000717c00000, 0x0000000717c00000| Untracked 
| 111|0x0000000717e00000, 0x0000000717e00000, 0x0000000718000000|  0%| F|  |TAMS 0x0000000717e00000, 0x0000000717e00000| Untracked 
| 112|0x0000000718000000, 0x0000000718000000, 0x0000000718200000|  0%| F|  |TAMS 0x0000000718000000, 0x0000000718000000| Untracked 
| 113|0x0000000718200000, 0x0000000718200000, 0x0000000718400000|  0%| F|  |TAMS 0x0000000718200000, 0x0000000718200000| Untracked 
| 114|0x0000000718400000, 0x0000000718400000, 0x0000000718600000|  0%| F|  |TAMS 0x0000000718400000, 0x0000000718400000| Untracked 
| 115|0x0000000718600000, 0x0000000718600000, 0x0000000718800000|  0%| F|  |TAMS 0x0000000718600000, 0x0000000718600000| Untracked 
| 116|0x0000000718800000, 0x0000000718800000, 0x0000000718a00000|  0%| F|  |TAMS 0x0000000718800000, 0x0000000718800000| Untracked 
| 117|0x0000000718a00000, 0x0000000718c00000, 0x0000000718c00000|100%| E|  |TAMS 0x0000000718a00000, 0x0000000718a00000| Complete 
| 118|0x0000000718c00000, 0x0000000718e00000, 0x0000000718e00000|100%| E|CS|TAMS 0x0000000718c00000, 0x0000000718c00000| Complete 
| 119|0x0000000718e00000, 0x0000000719000000, 0x0000000719000000|100%| E|CS|TAMS 0x0000000718e00000, 0x0000000718e00000| Complete 
| 120|0x0000000719000000, 0x0000000719200000, 0x0000000719200000|100%| E|CS|TAMS 0x0000000719000000, 0x0000000719000000| Complete 
| 121|0x0000000719200000, 0x0000000719400000, 0x0000000719400000|100%| E|CS|TAMS 0x0000000719200000, 0x0000000719200000| Complete 
| 122|0x0000000719400000, 0x0000000719600000, 0x0000000719600000|100%| E|CS|TAMS 0x0000000719400000, 0x0000000719400000| Complete 

Card table byte_map: [0x00000221fcec0000,0x00000221fd670000] _byte_map_base: 0x00000221f9670000

Marking Bits (Prev, Next): (CMBitMap*) 0x00000221fc5878d0, (CMBitMap*) 0x00000221fc587910
 Prev Bits: [0x0000022196a30000, 0x000002219a7b0000)
 Next Bits: [0x000002219a7b0000, 0x000002219e530000)

Polling page: 0x00000221fbd00000

Metaspace:

Usage:
  Non-class:      3.86 MB used.
      Class:    213.96 KB used.
       Both:      4.07 MB used.

Virtual space:
  Non-class space:        8.00 MB reserved,       3.94 MB ( 49%) committed,  1 nodes.
      Class space:        1.00 GB reserved,     320.00 KB ( <1%) committed,  1 nodes.
             Both:        1.01 GB reserved,       4.25 MB ( <1%) committed. 

Chunk freelists:
   Non-Class:  1.33 MB
       Class:  3.61 MB
        Both:  4.94 MB

MaxMetaspaceSize: unlimited
CompressedClassSpaceSize: 1.00 GB
Initial GC threshold: 21.00 MB
Current GC threshold: 21.00 MB
CDS: on
MetaspaceReclaimPolicy: balanced
 - commit_granule_bytes: 65536.
 - commit_granule_words: 8192.
 - virtual_space_node_default_size: 1048576.
 - enlarge_chunks_in_place: 1.
 - new_chunks_are_fully_committed: 0.
 - uncommit_free_chunks: 1.
 - use_allocation_guard: 0.
 - handle_deallocations: 1.


Internal statistics:

num_allocs_failed_limit: 0.
num_arena_births: 74.
num_arena_deaths: 0.
num_vsnodes_births: 2.
num_vsnodes_deaths: 0.
num_space_committed: 66.
num_space_uncommitted: 0.
num_chunks_returned_to_freelist: 0.
num_chunks_taken_from_freelist: 202.
num_chunk_merges: 0.
num_chunk_splits: 131.
num_chunks_enlarged: 92.
num_purges: 0.
num_inconsistent_stats: 0.

CodeHeap 'non-profiled nmethods': size=120000Kb used=210Kb max_used=210Kb free=119790Kb
 bounds [0x000002218f500000, 0x000002218f770000, 0x0000022196a30000]
CodeHeap 'profiled nmethods': size=120000Kb used=1265Kb max_used=1265Kb free=118734Kb
 bounds [0x0000022187fd0000, 0x0000022188240000, 0x000002218f500000]
CodeHeap 'non-nmethods': size=5760Kb used=1565Kb max_used=1579Kb free=4194Kb
 bounds [0x0000022187a30000, 0x0000022187ca0000, 0x0000022187fd0000]
 total_blobs=1752 nmethods=766 adapters=899
 compilation: enabled
              stopped_count=0, restarted_count=0
 full_count=0

Compilation events (20 events):
Event: 0.578 Thread 0x000002219f817160 nmethod 755 0x0000022188108210 code [0x00000221881083c0, 0x0000022188108688]
Event: 0.578 Thread 0x000002219f817160  756       3       org.example.models.VerticesLoader::lambda$loadToFloatBuffer$0 (6 bytes)
Event: 0.578 Thread 0x000002219f817160 nmethod 756 0x0000022188108790 code [0x0000022188108940, 0x0000022188108a88]
Event: 0.578 Thread 0x000002219f817160  757       3       org.example.models.Vertex::insertIntoFloatBuffer (97 bytes)
Event: 0.578 Thread 0x000002219f817160 nmethod 757 0x0000022188108b90 code [0x0000022188108dc0, 0x00000221881091b8]
Event: 0.578 Thread 0x000002219f817160  764       3       org.example.models.IndicesLoader$$Lambda$46/0x0000000800c22368::accept (15 bytes)
Event: 0.579 Thread 0x000002219f812410  765       4       java.nio.Buffer::nextPutIndex (30 bytes)
Event: 0.579 Thread 0x000002219f817160 nmethod 764 0x0000022188109490 code [0x0000022188109640, 0x0000022188109928]
Event: 0.579 Thread 0x000002219f817160  760   !   3       jdk.internal.misc.ScopedMemoryAccess::putInt (25 bytes)
Event: 0.579 Thread 0x000002219f817160 nmethod 760 0x0000022188109a10 code [0x0000022188109c00, 0x000002218810a178]
Event: 0.579 Thread 0x000002219f817160  761   !   3       jdk.internal.misc.ScopedMemoryAccess::putIntInternal (37 bytes)
Event: 0.579 Thread 0x000002219f817160 nmethod 761 0x000002218810a410 code [0x000002218810a5c0, 0x000002218810a8e8]
Event: 0.579 Thread 0x000002219f817160  762   !   3       java.nio.DirectIntBufferU::put (36 bytes)
Event: 0.579 Thread 0x000002219f812410 nmethod 765 0x000002218f534110 code [0x000002218f534280, 0x000002218f534338]
Event: 0.579 Thread 0x000002219f812410  766       4       sun.misc.Unsafe::allocateInstance (8 bytes)
Event: 0.579 Thread 0x000002219f817160 nmethod 762 0x000002218810aa90 code [0x000002218810ad00, 0x000002218810b828]
Event: 0.579 Thread 0x000002219f817160  763       3       java.util.ArrayList::elementAt (4 bytes)
Event: 0.579 Thread 0x000002219f817160 nmethod 763 0x000002218810bd90 code [0x000002218810bf20, 0x000002218810c038]
Event: 0.579 Thread 0x000002219f817160  748       3       java.lang.ref.SoftReference::get (29 bytes)
Event: 0.579 Thread 0x000002219f817160 nmethod 748 0x000002218810c110 code [0x000002218810c2a0, 0x000002218810c478]

GC Heap History (0 events):
No events

Deoptimization events (20 events):
Event: 0.574 Thread 0x00000221fc51c790 Uncommon trap: trap_request=0xffffffde fr.pc=0x000002218f532ca8 relative=0x0000000000000208
Event: 0.574 Thread 0x00000221fc51c790 Uncommon trap: reason=class_check action=maybe_recompile pc=0x000002218f532ca8 method=org.lwjgl.system.Struct.wrap(JILjava/nio/ByteBuffer;)Lorg/lwjgl/system/Struct; @ 44 c2
Event: 0.574 Thread 0x00000221fc51c790 DEOPT PACKING pc=0x000002218f532ca8 sp=0x000000d6ba8fede0
Event: 0.574 Thread 0x00000221fc51c790 DEOPT UNPACKING pc=0x0000022187a823a3 sp=0x000000d6ba8fed70 mode 2
Event: 0.574 Thread 0x00000221fc51c790 Uncommon trap: trap_request=0xffffffde fr.pc=0x000002218f532ca8 relative=0x0000000000000208
Event: 0.574 Thread 0x00000221fc51c790 Uncommon trap: reason=class_check action=maybe_recompile pc=0x000002218f532ca8 method=org.lwjgl.system.Struct.wrap(JILjava/nio/ByteBuffer;)Lorg/lwjgl/system/Struct; @ 44 c2
Event: 0.574 Thread 0x00000221fc51c790 DEOPT PACKING pc=0x000002218f532ca8 sp=0x000000d6ba8fede0
Event: 0.574 Thread 0x00000221fc51c790 DEOPT UNPACKING pc=0x0000022187a823a3 sp=0x000000d6ba8fed70 mode 2
Event: 0.579 Thread 0x00000221fc51c790 Uncommon trap: trap_request=0xffffffde fr.pc=0x000002218f532010 relative=0x0000000000000170
Event: 0.579 Thread 0x00000221fc51c790 Uncommon trap: reason=class_check action=maybe_recompile pc=0x000002218f532010 method=org.lwjgl.system.Pointer$Default.wrap(Ljava/lang/Class;JI)Lorg/lwjgl/system/CustomBuffer; @ 7 c2
Event: 0.579 Thread 0x00000221fc51c790 DEOPT PACKING pc=0x000002218f532010 sp=0x000000d6ba8fef20
Event: 0.579 Thread 0x00000221fc51c790 DEOPT UNPACKING pc=0x0000022187a823a3 sp=0x000000d6ba8feeb0 mode 2
Event: 0.579 Thread 0x00000221fc51c790 Uncommon trap: trap_request=0xffffffde fr.pc=0x000002218f532010 relative=0x0000000000000170
Event: 0.579 Thread 0x00000221fc51c790 Uncommon trap: reason=class_check action=maybe_recompile pc=0x000002218f532010 method=org.lwjgl.system.Pointer$Default.wrap(Ljava/lang/Class;JI)Lorg/lwjgl/system/CustomBuffer; @ 7 c2
Event: 0.579 Thread 0x00000221fc51c790 DEOPT PACKING pc=0x000002218f532010 sp=0x000000d6ba8fee90
Event: 0.579 Thread 0x00000221fc51c790 DEOPT UNPACKING pc=0x0000022187a823a3 sp=0x000000d6ba8fee20 mode 2
Event: 0.579 Thread 0x00000221fc51c790 Uncommon trap: trap_request=0xffffffde fr.pc=0x000002218f532010 relative=0x0000000000000170
Event: 0.579 Thread 0x00000221fc51c790 Uncommon trap: reason=class_check action=maybe_recompile pc=0x000002218f532010 method=org.lwjgl.system.Pointer$Default.wrap(Ljava/lang/Class;JI)Lorg/lwjgl/system/CustomBuffer; @ 7 c2
Event: 0.579 Thread 0x00000221fc51c790 DEOPT PACKING pc=0x000002218f532010 sp=0x000000d6ba8fede0
Event: 0.579 Thread 0x00000221fc51c790 DEOPT UNPACKING pc=0x0000022187a823a3 sp=0x000000d6ba8fed70 mode 2

Classes unloaded (0 events):
No events

Classes redefined (0 events):
No events

Internal exceptions (20 events):
Event: 0.153 Thread 0x00000221fc51c790 Exception <a 'java/lang/NoSuchMethodError'{0x0000000719124568}: 'int java.lang.invoke.DirectMethodHandle$Holder.invokeStaticInit(java.lang.Object, java.lang.Object, int, long)'> (0x0000000719124568) 
thrown [s\src\hotspot\share\interpreter\linkResolver.cpp, line 759]
Event: 0.154 Thread 0x00000221fc51c790 Exception <a 'java/lang/NoSuchMethodError'{0x0000000719129e30}: 'java.lang.Object java.lang.invoke.DirectMethodHandle$Holder.newInvokeSpecial(java.lang.Object, java.lang.Object, int)'> (0x0000000719129e30) 
thrown [s\src\hotspot\share\interpreter\linkResolver.cpp, line 759]
Event: 0.156 Thread 0x00000221fc51c790 Exception <a 'java/lang/NoSuchMethodError'{0x000000071913b1d8}: 'int java.lang.invoke.DirectMethodHandle$Holder.invokeStaticInit(java.lang.Object, java.lang.Object, long, long)'> (0x000000071913b1d8) 
thrown [s\src\hotspot\share\interpreter\linkResolver.cpp, line 759]
Event: 0.156 Thread 0x00000221fc51c790 Exception <a 'java/lang/NoSuchMethodError'{0x00000007191412e8}: 'java.lang.Object java.lang.invoke.DirectMethodHandle$Holder.newInvokeSpecial(java.lang.Object, java.lang.Object, long)'> (0x00000007191412e8) 
thrown [s\src\hotspot\share\interpreter\linkResolver.cpp, line 759]
Event: 0.156 Thread 0x00000221fc51c790 Exception <a 'java/lang/NoSuchMethodError'{0x0000000719145578}: 'java.lang.Object java.lang.invoke.Invokers$Holder.linkToTargetMethod(java.lang.Object, long, java.lang.Object)'> (0x0000000719145578) 
thrown [s\src\hotspot\share\interpreter\linkResolver.cpp, line 759]
Event: 0.157 Thread 0x00000221fc51c790 Exception <a 'java/lang/NoSuchMethodError'{0x000000071914cc90}: 'int java.lang.invoke.DirectMethodHandle$Holder.invokeStaticInit(java.lang.Object, java.lang.Object, java.lang.Object, long)'> (0x000000071914cc90) 
thrown [s\src\hotspot\share\interpreter\linkResolver.cpp, line 759]
Event: 0.177 Thread 0x00000221fc51c790 Exception <a 'sun/nio/fs/WindowsException'{0x0000000718e28248}> (0x0000000718e28248) 
thrown [s\src\hotspot\share\prims\jni.cpp, line 516]
Event: 0.177 Thread 0x00000221fc51c790 Exception <a 'sun/nio/fs/WindowsException'{0x0000000718e285a8}> (0x0000000718e285a8) 
thrown [s\src\hotspot\share\prims\jni.cpp, line 516]
Event: 0.383 Thread 0x00000221fc51c790 Exception <a 'sun/nio/fs/WindowsException'{0x0000000718eb7698}> (0x0000000718eb7698) 
thrown [s\src\hotspot\share\prims\jni.cpp, line 516]
Event: 0.383 Thread 0x00000221fc51c790 Exception <a 'sun/nio/fs/WindowsException'{0x0000000718eb7a40}> (0x0000000718eb7a40) 
thrown [s\src\hotspot\share\prims\jni.cpp, line 516]
Event: 0.385 Thread 0x00000221fc51c790 Exception <a 'sun/nio/fs/WindowsException'{0x0000000718ec15f8}> (0x0000000718ec15f8) 
thrown [s\src\hotspot\share\prims\jni.cpp, line 516]
Event: 0.385 Thread 0x00000221fc51c790 Exception <a 'sun/nio/fs/WindowsException'{0x0000000718ec18d8}> (0x0000000718ec18d8) 
thrown [s\src\hotspot\share\prims\jni.cpp, line 516]
Event: 0.448 Thread 0x00000221fc51c790 Exception <a 'java/lang/NoSuchMethodError'{0x0000000718d24580}: 'void java.lang.invoke.DirectMethodHandle$Holder.invokeStatic(java.lang.Object, long, int, int)'> (0x0000000718d24580) 
thrown [s\src\hotspot\share\interpreter\linkResolver.cpp, line 759]
Event: 0.461 Thread 0x00000221fc51c790 Exception <a 'sun/nio/fs/WindowsException'{0x0000000718d7e088}> (0x0000000718d7e088) 
thrown [s\src\hotspot\share\prims\jni.cpp, line 516]
Event: 0.461 Thread 0x00000221fc51c790 Exception <a 'sun/nio/fs/WindowsException'{0x0000000718d7e408}> (0x0000000718d7e408) 
thrown [s\src\hotspot\share\prims\jni.cpp, line 516]
Event: 0.525 Thread 0x00000221fc51c790 Exception <a 'sun/nio/fs/WindowsException'{0x0000000718a6dc28}> (0x0000000718a6dc28) 
thrown [s\src\hotspot\share\prims\jni.cpp, line 516]
Event: 0.525 Thread 0x00000221fc51c790 Exception <a 'sun/nio/fs/WindowsException'{0x0000000718a6dfa8}> (0x0000000718a6dfa8) 
thrown [s\src\hotspot\share\prims\jni.cpp, line 516]
Event: 0.573 Thread 0x00000221fc51c790 Exception <a 'java/lang/NoSuchMethodError'{0x0000000718b6b108}: 'void java.lang.invoke.DirectMethodHandle$Holder.invokeStatic(java.lang.Object, java.lang.Object, java.lang.Object)'> (0x0000000718b6b108) 
thrown [s\src\hotspot\share\interpreter\linkResolver.cpp, line 759]
Event: 0.578 Thread 0x00000221fc51c790 Exception <a 'java/lang/NoSuchMethodError'{0x0000000718b98708}: 'java.lang.Object java.lang.invoke.DirectMethodHandle$Holder.invokeVirtual(java.lang.Object, java.lang.Object, int)'> (0x0000000718b98708) 
thrown [s\src\hotspot\share\interpreter\linkResolver.cpp, line 759]
Event: 0.579 Thread 0x00000221fc51c790 Implicit null exception at 0x000002218f530f8f to 0x0000000000000000

VM Operations (8 events):
Event: 0.053 Executing VM operation: HandshakeAllThreads
Event: 0.053 Executing VM operation: HandshakeAllThreads done
Event: 0.127 Executing VM operation: HandshakeAllThreads
Event: 0.127 Executing VM operation: HandshakeAllThreads done
Event: 0.139 Executing VM operation: HandshakeAllThreads
Event: 0.140 Executing VM operation: HandshakeAllThreads done
Event: 0.572 Executing VM operation: HandshakeAllThreads
Event: 0.572 Executing VM operation: HandshakeAllThreads done

Events (20 events):
Event: 0.176 loading class jdk/internal/misc/ScopedMemoryAccess$Scope
Event: 0.176 loading class jdk/internal/misc/ScopedMemoryAccess$Scope done
Event: 0.177 loading class java/lang/NoSuchFieldError
Event: 0.177 loading class java/lang/NoSuchFieldError done
Event: 0.181 loading class jdk/internal/reflect/UnsafeQualifiedStaticIntegerFieldAccessorImpl
Event: 0.181 loading class jdk/internal/reflect/UnsafeQualifiedStaticIntegerFieldAccessorImpl done
Event: 0.384 Loaded shared library C:\Users\Filip\AppData\Local\Temp\lwjglFilip\3.3.1-build-7\lwjgl_opengl.dll
Event: 0.389 loading class jdk/internal/module/ModulePatcher$PatchedModuleReader
Event: 0.390 loading class jdk/internal/module/ModulePatcher$PatchedModuleReader done
Event: 0.390 loading class sun/net/www/protocol/jrt/Handler
Event: 0.390 loading class sun/net/www/protocol/jrt/Handler done
Event: 0.393 loading class sun/util/resources/LocaleData$CommonResourceBundleProvider
Event: 0.393 loading class sun/util/resources/LocaleData$LocaleDataResourceBundleProvider
Event: 0.393 loading class java/util/spi/ResourceBundleProvider
Event: 0.393 loading class java/util/spi/ResourceBundleProvider done
Event: 0.393 loading class sun/util/resources/LocaleData$LocaleDataResourceBundleProvider done
Event: 0.393 loading class sun/util/resources/LocaleData$CommonResourceBundleProvider done
Event: 0.393 loading class sun/util/resources/Bundles$2
Event: 0.393 loading class sun/util/resources/Bundles$2 done
Event: 0.462 Loaded shared library C:\Users\Filip\AppData\Local\Temp\lwjglFilip\3.3.1-build-7\lwjgl_stb.dll


Dynamic libraries:
0x00007ff7dc650000 - 0x00007ff7dc65d000 	C:\Users\Filip\.jdks\corretto-17.0.4.1\bin\java.exe
0x00007ffcb33b0000 - 0x00007ffcb35a8000 	C:\Windows\SYSTEM32\ntdll.dll
0x00007ffcb28d0000 - 0x00007ffcb298f000 	C:\Windows\System32\KERNEL32.DLL
0x00007ffcb0ec0000 - 0x00007ffcb1192000 	C:\Windows\System32\KERNELBASE.dll
0x00007ffcb0dc0000 - 0x00007ffcb0ec0000 	C:\Windows\System32\ucrtbase.dll
0x00007ffc82600000 - 0x00007ffc82618000 	C:\Users\Filip\.jdks\corretto-17.0.4.1\bin\jli.dll
0x00007ffc9d4d0000 - 0x00007ffc9d4e5000 	C:\Users\Filip\.jdks\corretto-17.0.4.1\bin\VCRUNTIME140.dll
0x00007ffcb2d30000 - 0x00007ffcb2ed1000 	C:\Windows\System32\USER32.dll
0x00007ffc92b30000 - 0x00007ffc92dca000 	C:\Windows\WinSxS\amd64_microsoft.windows.common-controls_6595b64144ccf1df_6.0.19041.1110_none_60b5254171f9507e\COMCTL32.dll
0x00007ffcb11a0000 - 0x00007ffcb11c2000 	C:\Windows\System32\win32u.dll
0x00007ffcb13f0000 - 0x00007ffcb148e000 	C:\Windows\System32\msvcrt.dll
0x00007ffcb2b40000 - 0x00007ffcb2b6b000 	C:\Windows\System32\GDI32.dll
0x00007ffcb12e0000 - 0x00007ffcb13ef000 	C:\Windows\System32\gdi32full.dll
0x00007ffcb0b10000 - 0x00007ffcb0bad000 	C:\Windows\System32\msvcp_win.dll
0x00007ffcb1490000 - 0x00007ffcb14c2000 	C:\Windows\System32\IMM32.DLL
0x00007ffc82030000 - 0x00007ffc820cb000 	C:\Users\Filip\.jdks\corretto-17.0.4.1\bin\msvcp140.dll
0x00007ffc75c70000 - 0x00007ffc76884000 	C:\Users\Filip\.jdks\corretto-17.0.4.1\bin\server\jvm.dll
0x00007ffcb32c0000 - 0x00007ffcb336e000 	C:\Windows\System32\ADVAPI32.dll
0x00007ffcb3090000 - 0x00007ffcb312c000 	C:\Windows\System32\sechost.dll
0x00007ffcb2ee0000 - 0x00007ffcb3005000 	C:\Windows\System32\RPCRT4.dll
0x00007ffcb1890000 - 0x00007ffcb1898000 	C:\Windows\System32\PSAPI.DLL
0x00007ffca9980000 - 0x00007ffca9989000 	C:\Windows\SYSTEM32\WSOCK32.dll
0x00007ffca5920000 - 0x00007ffca5947000 	C:\Windows\SYSTEM32\WINMM.dll
0x00007ffcb2cc0000 - 0x00007ffcb2d2b000 	C:\Windows\System32\WS2_32.dll
0x00007ffca5d80000 - 0x00007ffca5d8a000 	C:\Windows\SYSTEM32\VERSION.dll
0x00007ffcae840000 - 0x00007ffcae852000 	C:\Windows\SYSTEM32\kernel.appcore.dll
0x00007ffc85630000 - 0x00007ffc8563a000 	C:\Users\Filip\.jdks\corretto-17.0.4.1\bin\jimage.dll
0x00007ffca7b10000 - 0x00007ffca7cf4000 	C:\Windows\SYSTEM32\DBGHELP.DLL
0x00007ffc9b1d0000 - 0x00007ffc9b205000 	C:\Windows\SYSTEM32\dbgcore.DLL
0x00007ffcb11d0000 - 0x00007ffcb1252000 	C:\Windows\System32\bcryptPrimitives.dll
0x00007ffc825d0000 - 0x00007ffc825f5000 	C:\Users\Filip\.jdks\corretto-17.0.4.1\bin\java.dll
0x00007ffc81f50000 - 0x00007ffc82026000 	C:\Users\Filip\.jdks\corretto-17.0.4.1\bin\jsvml.dll
0x00007ffcb2120000 - 0x00007ffcb2864000 	C:\Windows\System32\SHELL32.dll
0x00007ffcaeb20000 - 0x00007ffcaf2b2000 	C:\Windows\SYSTEM32\windows.storage.dll
0x00007ffcb1950000 - 0x00007ffcb1ca5000 	C:\Windows\System32\combase.dll
0x00007ffcb0340000 - 0x00007ffcb0370000 	C:\Windows\SYSTEM32\Wldp.dll
0x00007ffcb1660000 - 0x00007ffcb170d000 	C:\Windows\System32\SHCORE.dll
0x00007ffcb2870000 - 0x00007ffcb28c5000 	C:\Windows\System32\shlwapi.dll
0x00007ffcb09e0000 - 0x00007ffcb09ff000 	C:\Windows\SYSTEM32\profapi.dll
0x00007ffc825b0000 - 0x00007ffc825c9000 	C:\Users\Filip\.jdks\corretto-17.0.4.1\bin\net.dll
0x00007ffca9f10000 - 0x00007ffcaa01c000 	C:\Windows\SYSTEM32\WINHTTP.dll
0x00007ffcb0120000 - 0x00007ffcb018a000 	C:\Windows\system32\mswsock.dll
0x00007ffc81f30000 - 0x00007ffc81f45000 	C:\Users\Filip\.jdks\corretto-17.0.4.1\bin\nio.dll
0x00007ffc81d00000 - 0x00007ffc81d18000 	C:\Users\Filip\.jdks\corretto-17.0.4.1\bin\zip.dll
0x00007ffc7fc10000 - 0x00007ffc7fc20000 	C:\Users\Filip\.jdks\corretto-17.0.4.1\bin\verify.dll
0x00007ffc9b4e0000 - 0x00007ffc9b555000 	C:\Users\Filip\AppData\Local\Temp\lwjglFilip\3.3.1-build-7\lwjgl.dll
0x00007ffc703e0000 - 0x00007ffc70441000 	C:\Users\Filip\AppData\Local\Temp\lwjglFilip\3.3.1-build-7\glfw.dll
0x00007ffc702c0000 - 0x00007ffc70305000 	C:\Windows\SYSTEM32\dinput8.dll
0x00007ffca1e50000 - 0x00007ffca1e61000 	C:\Windows\SYSTEM32\xinput1_4.dll
0x00007ffcb1260000 - 0x00007ffcb12ae000 	C:\Windows\System32\cfgmgr32.dll
0x00007ffcb07e0000 - 0x00007ffcb080c000 	C:\Windows\SYSTEM32\DEVOBJ.dll
0x00007ffcae810000 - 0x00007ffcae83f000 	C:\Windows\SYSTEM32\dwmapi.dll
0x00007ffc8c990000 - 0x00007ffc8cae2000 	C:\Windows\SYSTEM32\inputhost.dll
0x00007ffcb1580000 - 0x00007ffcb164d000 	C:\Windows\System32\OLEAUT32.dll
0x00007ffcae030000 - 0x00007ffcae122000 	C:\Windows\SYSTEM32\CoreMessaging.dll
0x00007ffcad560000 - 0x00007ffcad6b4000 	C:\Windows\SYSTEM32\wintypes.dll
0x00007ffcac5c0000 - 0x00007ffcac6b6000 	C:\Windows\SYSTEM32\PROPSYS.dll
0x00007ffcadcd0000 - 0x00007ffcae02e000 	C:\Windows\SYSTEM32\CoreUIComponents.dll
0x00007ffcafb80000 - 0x00007ffcafbb3000 	C:\Windows\SYSTEM32\ntmarta.dll
0x00007ffcae450000 - 0x00007ffcae4ee000 	C:\Windows\system32\uxtheme.dll
0x00007ffcb1710000 - 0x00007ffcb1825000 	C:\Windows\System32\MSCTF.dll
0x00007ffc777c0000 - 0x00007ffc778e5000 	C:\Windows\SYSTEM32\opengl32.dll
0x00007ffc84650000 - 0x00007ffc8467c000 	C:\Windows\SYSTEM32\GLU32.dll
0x00007ffcb14d0000 - 0x00007ffcb157f000 	C:\Windows\System32\clbcatq.dll
0x00007ffc70550000 - 0x00007ffc70579000 	C:\Windows\System32\DriverStore\FileRepository\u0353287.inf_amd64_ecfcd6842346386a\B353212\atig6pxx.dll
0x00007ffc39440000 - 0x00007ffc3cd5e000 	C:\Windows\System32\DriverStore\FileRepository\u0353287.inf_amd64_ecfcd6842346386a\B353212\atio6axx.dll
0x00007ffcb1cb0000 - 0x00007ffcb2118000 	C:\Windows\System32\SETUPAPI.dll
0x00007ffcb12b0000 - 0x00007ffcb12d7000 	C:\Windows\System32\bcrypt.dll
0x00007ffc84680000 - 0x00007ffc846a4000 	C:\Windows\SYSTEM32\dxva2.dll
0x00007ffcb3130000 - 0x00007ffcb325a000 	C:\Windows\System32\ole32.dll
0x00007ffc70510000 - 0x00007ffc7054a000 	C:\Windows\System32\DriverStore\FileRepository\u0353287.inf_amd64_ecfcd6842346386a\B353212\atig6txx.dll
0x00007ffc3f840000 - 0x00007ffc3f9ee000 	C:\Windows\SYSTEM32\atiadlxx.dll
0x00007ffcb0aa0000 - 0x00007ffcb0b09000 	C:\Windows\System32\WINTRUST.dll
0x00007ffcb0bb0000 - 0x00007ffcb0d06000 	C:\Windows\System32\CRYPT32.dll
0x00007ffcb0620000 - 0x00007ffcb0632000 	C:\Windows\SYSTEM32\MSASN1.dll
0x00007ffca5e80000 - 0x00007ffca5ebb000 	C:\Windows\SYSTEM32\dxcore.dll
0x00007ffc8e620000 - 0x00007ffc8e719000 	C:\Windows\SYSTEM32\textinputframework.dll
0x00007ffc70260000 - 0x00007ffc702bd000 	C:\Users\Filip\AppData\Local\Temp\lwjglFilip\3.3.1-build-7\lwjgl_opengl.dll
0x00007ffc6fe30000 - 0x00007ffc6feb1000 	C:\Users\Filip\AppData\Local\Temp\lwjglFilip\3.3.1-build-7\lwjgl_stb.dll
0x00007ffc38700000 - 0x00007ffc38ca9000 	C:\Users\Filip\AppData\Local\Temp\lwjglFilip\3.3.1-build-7\assimp.dll

dbghelp: loaded successfully - version: 4.0.5 - missing functions: none
symbol engine: initialized successfully - sym options: 0x614 - pdb path: .;C:\Users\Filip\.jdks\corretto-17.0.4.1\bin;C:\Windows\SYSTEM32;C:\Windows\WinSxS\amd64_microsoft.windows.common-controls_6595b64144ccf1df_6.0.19041.1110_none_60b5254171f9507e;C:\Users\Filip\.jdks\corretto-17.0.4.1\bin\server;C:\Users\Filip\AppData\Local\Temp\lwjglFilip\3.3.1-build-7;C:\Windows\System32\DriverStore\FileRepository\u0353287.inf_amd64_ecfcd6842346386a\B353212

VM Arguments:
jvm_args: -Dfile.encoding=windows-1250 -Duser.country=PL -Duser.language=pl -Duser.variant 
java_command: org.example.HelloWorld
java_class_path (initial): D:\ideaProjectsD\opengltest\opengltest\build\classes\java\main;D:\ideaProjectsD\opengltest\opengltest\build\resources\main;C:\Users\Filip\.gradle\caches\modules-2\files-2.1\org.joml\joml\1.10.5\22566d58af70ad3d72308bab63b8339906deb649\joml-1.10.5.jar;C:\Users\Filip\.gradle\caches\modules-2\files-2.1\org.lwjgl\lwjgl-assimp\3.3.1\312072f451794f25670aebb0160ce6ec88aff842\lwjgl-assimp-3.3.1.jar;C:\Users\Filip\.gradle\caches\modules-2\files-2.1\org.lwjgl\lwjgl-assimp\3.3.1\bfa2a0d57acbf952b716d0ad8a3acbd7ad9f5639\lwjgl-assimp-3.3.1-natives-windows.jar;C:\Users\Filip\.gradle\caches\modules-2\files-2.1\org.lwjgl\lwjgl-bgfx\3.3.1\4243b7d255d885980f10c36edfb678729493685e\lwjgl-bgfx-3.3.1.jar;C:\Users\Filip\.gradle\caches\modules-2\files-2.1\org.lwjgl\lwjgl-bgfx\3.3.1\12f22e13c99db9153124dbc17b84fe0233c6f3d5\lwjgl-bgfx-3.3.1-natives-windows.jar;C:\Users\Filip\.gradle\caches\modules-2\files-2.1\org.lwjgl\lwjgl-glfw\3.3.1\cbac1b8d30cb4795149c1ef540f912671a8616d0\lwjgl-glfw-3.3.1.jar;C:\Users\Filip\.gradle\caches\modules-2\files-2.1\org.lwjgl\lwjgl-glfw\3.3.1\ed892f945cf7e79c8756796f32d00fa4ceaf573b\lwjgl-glfw-3.3.1-natives-windows.jar;C:\Users\Filip\.gradle\caches\modules-2\files-2.1\org.lwjgl\lwjgl-nanovg\3.3.1\2f3b4d8f9b8de598517f105ce7e68560f25f11c6\lwjgl-nanovg-3.3.1.jar;C:\Users\Filip\.gradle\caches\modules-2\files-2.1\org.lwjgl\lwjgl-nanovg\3.3.1\1da0ba083ec772b85b3ea49ba4a3750bf8c7f4e1\lwjgl-nanovg-3.3.1-natives-windows.jar;C:\Users\Filip\.gradle\caches\modules-2\files-2.1\org.lwjgl\lwjgl-nuklear\3.3.1\628ccf80db3d623f1f559978e4246a23b2d1eeb1\lwjgl-nuklear-3.3.1.jar;C:\Users\Filip\.gradle\caches\modules-2\files-2.1\org.lwjgl\lwjgl-nuklear\3.3.1\755c93226fa44597741e37c6649e86cefa46b262\lwjgl-nuklear-3.3.1-natives-windows.jar;C:\Users\Filip\.gradle\caches\modules-2\files-2.1\org.lwjgl\lwjgl-openal\3.3.1\2623a6b8ae1dfcd880738656a9f0243d2e6840bd\lwjgl-openal-3.3.1.jar;C:\Users\Filip\.gradle\caches\modules-2\files-2.1\org.lwjgl\lwjgl-openal\3.3.1\
Launcher Type: SUN_STANDARD

[Global flags]
     intx CICompilerCount                          = 3                                         {product} {ergonomic}
     uint ConcGCThreads                            = 2                                         {product} {ergonomic}
     uint G1ConcRefinementThreads                  = 6                                         {product} {ergonomic}
   size_t G1HeapRegionSize                         = 2097152                                   {product} {ergonomic}
    uintx GCDrainStackTargetSize                   = 64                                        {product} {ergonomic}
   size_t InitialHeapSize                          = 257949696                                 {product} {ergonomic}
   size_t MarkStackSize                            = 4194304                                   {product} {ergonomic}
   size_t MaxHeapSize                              = 4127195136                                {product} {ergonomic}
   size_t MaxNewSize                               = 2474639360                                {product} {ergonomic}
   size_t MinHeapDeltaBytes                        = 2097152                                   {product} {ergonomic}
   size_t MinHeapSize                              = 8388608                                   {product} {ergonomic}
    uintx NonNMethodCodeHeapSize                   = 5832780                                {pd product} {ergonomic}
    uintx NonProfiledCodeHeapSize                  = 122912730                              {pd product} {ergonomic}
    uintx ProfiledCodeHeapSize                     = 122912730                              {pd product} {ergonomic}
    uintx ReservedCodeCacheSize                    = 251658240                              {pd product} {ergonomic}
     bool SegmentedCodeCache                       = true                                      {product} {ergonomic}
   size_t SoftMaxHeapSize                          = 4127195136                             {manageable} {ergonomic}
     bool UseCompressedClassPointers               = true                           {product lp64_product} {ergonomic}
     bool UseCompressedOops                        = true                           {product lp64_product} {ergonomic}
     bool UseG1GC                                  = true                                      {product} {ergonomic}
     bool UseLargePagesIndividualAllocation        = false                                  {pd product} {ergonomic}

Logging:
Log output configuration:
 #0: stdout all=warning uptime,level,tags
 #1: stderr all=off uptime,level,tags

Environment Variables:
JAVA_HOME=C:\Users\Filip\.jdks\corretto-17.0.4.1
PATH=C:\Program Files (x86)\Common Files\Oracle\Java\javapath;C:\Windows\system32;C:\Windows;C:\Windows\System32\Wbem;C:\Windows\System32\WindowsPowerShell\v1.0\;C:\Windows\System32\OpenSSH\;C:\Users\Filip\.jdks\corretto-11.0.12;C:\Program Files\MATLAB\R2021b\bin;C:\Program Files\dotnet\;C:\Program Files (x86)\dotnet\;C:\Program Files\CMake\bin;C:\Program Files\Git\cmd;C:\Program Files\Microsoft SQL Server\Client SDK\ODBC\170\Tools\Binn\;C:\Program Files (x86)\Microsoft SQL Server\150\Tools\Binn\;C:\Program Files\Microsoft SQL Server\150\Tools\Binn\;C:\Program Files\Microsoft SQL Server\150\DTS\Binn\;C:\Program Files (x86)\Microsoft SQL Server\150\DTS\Binn\;C:\Program Files\Azure Data Studio\bin;C:\Program Files\Pandoc\;C:\Program Files\Microsoft SQL Server\130\Tools\Binn\;D:\Program Files\NodeJs\;C:\Users\Filip\.jdks\corretto-17.0.4.1\bin;C:\Users\Filip\AppData\Local\Programs\Python\Launcher\;C:\Users\Filip\AppData\Local\Microsoft\WindowsApps;C:\Users\Filip\.dotnet\tools;C:\Users\Filip\AppData\Local\Programs\Microsoft VS Code\bin;C:\Users\Filip\Downloads\php-8.1.0-nts-Win32-vs16-x64\php.exe;C:\Users\Filip\AppData\Roaming\Python\Python37\Scripts;C:\Users\Filip\AppData\Local\Packages\PythonSoftwareFoundation.Python.3.7_qbz5n2kfra8p0\LocalCache\local-packages\Python37\Scripts;C:\Program Files\Azure Data Studio\bin;D:\Program Files\IntelliJ IDEA 2022.1\bin;;C:\Users\Filip\AppData\Roaming\npm;C:\Gradle\bin;C:\apache-maven-3.8.6\bin;
USERNAME=Filip
OS=Windows_NT
PROCESSOR_IDENTIFIER=AMD64 Family 23 Model 96 Stepping 1, AuthenticAMD
TMP=C:\Users\Filip\AppData\Local\Temp
TEMP=C:\Users\Filip\AppData\Local\Temp



---------------  S Y S T E M  ---------------

OS:
 Windows 10 , 64 bit Build 19041 (10.0.19041.2364)
OS uptime: 0 days 0:58 hours
Hyper-V role detected

CPU: total 6 (initial active 6) (6 cores per cpu, 1 threads per core) family 23 model 96 stepping 1 microcode 0x0, cx8, cmov, fxsr, mmx, 3dnowpref, sse, sse2, sse3, ssse3, sse4a, sse4.1, sse4.2, popcnt, lzcnt, tsc, tscinvbit, avx, avx2, aes, clmul, bmi1, bmi2, adx, sha, fma, vzeroupper, clflush, clflushopt, hv

Memory: 4k page, system-wide physical 15741M (5913M free)
TotalPageFile size 18173M (AvailPageFile size 6164M)
current process WorkingSet (physical memory assigned to process): 113M, peak: 120M
current process commit charge ("private bytes"): 462M, peak: 471M

vm_info: OpenJDK 64-Bit Server VM (17.0.4.1+9-LTS) for windows-amd64 JRE (17.0.4.1+9-LTS), built on Aug 12 2022 17:33:36 by "Administrator" with MS VC++ 15.9 (VS2017)

END.
