#
# A fatal error has been detected by the Java Runtime Environment:
#
#  EXCEPTION_ACCESS_VIOLATION (0xc0000005) at pc=0x00007ffc68b508ad, pid=4652, tid=10044
#
# JRE version: OpenJDK Runtime Environment Corretto-17.0.4.9.1 (17.0.4.1+9) (build 17.0.4.1+9-LTS)
# Java VM: OpenJDK 64-Bit Server VM Corretto-17.0.4.9.1 (17.0.4.1+9-LTS, mixed mode, sharing, tiered, compressed oops, compressed class ptrs, g1 gc, windows-amd64)
# Problematic frame:
# C  [atio6axx.dll+0x1ac08ad]
#
# No core dump will be written. Minidumps are not enabled by default on client versions of Windows
#
# If you would like to submit a bug report, please visit:
#   https://github.com/corretto/corretto-17/issues/
# The crash happened outside the Java Virtual Machine in native code.
# See problematic frame for where to report the bug.
#

---------------  S U M M A R Y ------------

Command Line: -Dfile.encoding=windows-1250 -Duser.country=PL -Duser.language=pl -Duser.variant org.example.HelloWorld

Host: AMD Ryzen 5 4500U with Radeon Graphics         , 6 cores, 15G,  Windows 10 , 64 bit Build 19041 (10.0.19041.2364)
Time: Mon Jan  9 23:01:20 2023  Windows 10 , 64 bit Build 19041 (10.0.19041.2364) elapsed time: 1.623988 seconds (0d 0h 0m 1s)

---------------  T H R E A D  ---------------

Current thread (0x000001e7503fd720):  JavaThread "main" [_thread_in_native, id=10044, stack(0x000000b8df200000,0x000000b8df300000)]

Stack: [0x000000b8df200000,0x000000b8df300000],  sp=0x000000b8df2fe568,  free space=1017k
Native frames: (J=compiled Java code, j=interpreted, Vv=VM code, C=native code)
C  [atio6axx.dll+0x1ac08ad]

Java frames: (J=compiled Java code, j=interpreted, Vv=VM code)
j  org.lwjgl.opengl.GL11C.nglTexImage2D(IIIIIIIIJ)V+0
j  org.lwjgl.opengl.GL11C.glTexImage2D(IIIIIIIILjava/nio/ByteBuffer;)V+17
j  org.lwjgl.opengl.GL11.glTexImage2D(IIIIIIIILjava/nio/ByteBuffer;)V+14
j  org.example.models.Model.loadTexture(Ljava/lang/String;)I+157
j  org.example.models.Model.loadTextureFromFile(Ljava/lang/String;Ljava/lang/String;)I+50
j  org.example.models.Model.loadMaterialTextures(Lorg/lwjgl/assimp/AIMaterial;ILjava/lang/String;)Ljava/util/List;+56
j  org.example.models.Model.processMesh(Lorg/lwjgl/assimp/AIMesh;Lorg/lwjgl/assimp/AIScene;)Lorg/example/models/Mesh;+316
j  org.example.models.Model.processNode(Lorg/lwjgl/assimp/AINode;Lorg/lwjgl/assimp/AIScene;)V+63
j  org.example.models.Model.processNode(Lorg/lwjgl/assimp/AINode;Lorg/lwjgl/assimp/AIScene;)V+119
j  org.example.models.Model.processNode(Lorg/lwjgl/assimp/AINode;Lorg/lwjgl/assimp/AIScene;)V+119
j  org.example.models.Model.loadModel(Ljava/lang/String;)V+94
j  org.example.models.Model.<init>(Ljava/lang/String;)V+17
j  org.example.HelloWorld.main([Ljava/lang/String;)V+469
v  ~StubRoutines::call_stub

siginfo: EXCEPTION_ACCESS_VIOLATION (0xc0000005), reading address 0x000001e72f952000


Register to memory mapping:

RIP=0x00007ffc68b508ad atio6axx.dll
RAX=0x000001e730151040 points into unknown readable memory: 0xff92949cff92949c | 9c 94 92 ff 9c 94 92 ff
RBX=0x000001e711175ad0 points into unknown readable memory: 0x0000080000000001 | 01 00 00 00 00 08 00 00
RCX=0x000001e733965050 points into unknown readable memory: 0x0000000000000000 | 00 00 00 00 00 00 00 00
RDX=0xfffffffffbfed000 is an unknown value
RSP=0x000000b8df2fe568 is pointing into the stack for thread: 0x000001e7503fd720
RBP=0x000001e775499fd8 points into unknown readable memory: 0x00000000067fffe8 | e8 ff 7f 06 00 00 00 00
RSI=0x000001e775499fd8 points into unknown readable memory: 0x00000000067fffe8 | e8 ff 7f 06 00 00 00 00
RDI=0x0000000000c00000 is an unknown value
R8 =0x0000000000bffff0 is an unknown value
R9 =0x000000000000ffe0 is an unknown value
R10=0x000001e72f551040 points into unknown readable memory: 0x2121212121212121 | 21 21 21 21 21 21 21 21
R11=0x000001e733564040 points into unknown readable memory: 0x2121212121212121 | 21 21 21 21 21 21 21 21
R12=0x000000b8df2fe6e0 is pointing into the stack for thread: 0x000001e7503fd720
R13=0x000001e72f551040 points into unknown readable memory: 0x2121212121212121 | 21 21 21 21 21 21 21 21
R14=0x0000000000001800 is an unknown value
R15=0x0000000000001800 is an unknown value


Registers:
RAX=0x000001e730151040, RBX=0x000001e711175ad0, RCX=0x000001e733965050, RDX=0xfffffffffbfed000
RSP=0x000000b8df2fe568, RBP=0x000001e775499fd8, RSI=0x000001e775499fd8, RDI=0x0000000000c00000
R8 =0x0000000000bffff0, R9 =0x000000000000ffe0, R10=0x000001e72f551040, R11=0x000001e733564040
R12=0x000000b8df2fe6e0, R13=0x000001e72f551040, R14=0x0000000000001800, R15=0x0000000000001800
RIP=0x00007ffc68b508ad, EFLAGS=0x0000000000010206

Top of Stack: (sp=0x000000b8df2fe568)
0x000000b8df2fe568:   00007ffc683daae1 0000000200000000
0x000000b8df2fe578:   000001e750201380 2222222222222222
0x000000b8df2fe588:   000001e750200000 00007ffc69ac9454
0x000000b8df2fe598:   000000000000057c 000001e7774ad340
0x000000b8df2fe5a8:   000001e750200cc0 000001e701f003d0
0x000000b8df2fe5b8:   000001e7773ab740 0000000000000000
0x000000b8df2fe5c8:   0000000000000800 000001e701f003d0
0x000000b8df2fe5d8:   000000b8df2fe8a0 000000b8df2fe770
0x000000b8df2fe5e8:   00007ffc683dac92 0000000000000001
0x000000b8df2fe5f8:   000001e7773ab740 000000b8df2fe870
0x000000b8df2fe608:   2222222200000000 000001e700000001
0x000000b8df2fe618:   000001e700000000 000001e70000002d
0x000000b8df2fe628:   0000000000000000 000001e72f551040
0x000000b8df2fe638:   000001e700000001 000000b8df2fe800
0x000000b8df2fe648:   0000000000000000 0000000000001800
0x000000b8df2fe658:   0000000000000000 2222222200000000 

Instructions: (pc=0x00007ffc68b508ad)
0x00007ffc68b507ad:   07 0f 84 88 00 00 00 0f 29 41 f0 4c 3b 0d 29 3e
0x00007ffc68b507bd:   ed 00 76 17 e9 c2 00 00 00 66 66 0f 1f 84 00 00
0x00007ffc68b507cd:   00 00 00 0f 29 41 e0 0f 29 49 f0 0f 10 04 11 0f
0x00007ffc68b507dd:   10 4c 11 10 48 81 c1 80 00 00 00 0f 29 41 80 0f
0x00007ffc68b507ed:   29 49 90 0f 10 44 11 a0 0f 10 4c 11 b0 49 ff c9
0x00007ffc68b507fd:   0f 29 41 a0 0f 29 49 b0 0f 10 44 11 c0 0f 10 4c
0x00007ffc68b5080d:   11 d0 0f 29 41 c0 0f 29 49 d0 0f 10 44 11 e0 0f
0x00007ffc68b5081d:   10 4c 11 f0 75 ad 0f 29 41 e0 49 83 e0 7f 0f 28
0x00007ffc68b5082d:   c1 eb 0c 0f 10 04 11 48 83 c1 10 49 83 e8 10 4d
0x00007ffc68b5083d:   8b c8 49 c1 e9 04 74 1c 66 66 66 0f 1f 84 00 00
0x00007ffc68b5084d:   00 00 00 0f 11 41 f0 0f 10 04 11 48 83 c1 10 49
0x00007ffc68b5085d:   ff c9 75 ef 49 83 e0 0f 74 0d 4a 8d 04 01 0f 10
0x00007ffc68b5086d:   4c 10 f0 0f 11 48 f0 0f 11 41 f0 49 8b c3 c3 0f
0x00007ffc68b5087d:   1f 40 00 0f 2b 41 e0 0f 2b 49 f0 0f 18 84 11 00
0x00007ffc68b5088d:   02 00 00 0f 10 04 11 0f 10 4c 11 10 48 81 c1 80
0x00007ffc68b5089d:   00 00 00 0f 2b 41 80 0f 2b 49 90 0f 10 44 11 a0
0x00007ffc68b508ad:   0f 10 4c 11 b0 49 ff c9 0f 2b 41 a0 0f 2b 49 b0
0x00007ffc68b508bd:   0f 10 44 11 c0 0f 10 4c 11 d0 0f 18 84 11 40 02
0x00007ffc68b508cd:   00 00 0f 2b 41 c0 0f 2b 49 d0 0f 10 44 11 e0 0f
0x00007ffc68b508dd:   10 4c 11 f0 75 9d 0f ae f8 e9 38 ff ff ff 0f 1f
0x00007ffc68b508ed:   44 00 00 49 03 c8 0f 10 44 11 f0 48 83 e9 10 49
0x00007ffc68b508fd:   83 e8 10 f6 c1 0f 74 17 48 8b c1 48 83 e1 f0 0f
0x00007ffc68b5090d:   10 c8 0f 10 04 11 0f 11 08 4c 8b c1 4d 2b c3 4d
0x00007ffc68b5091d:   8b c8 49 c1 e9 07 74 68 0f 29 01 eb 0d 66 0f 1f
0x00007ffc68b5092d:   44 00 00 0f 29 41 10 0f 29 09 0f 10 44 11 f0 0f
0x00007ffc68b5093d:   10 4c 11 e0 48 81 e9 80 00 00 00 0f 29 41 70 0f
0x00007ffc68b5094d:   29 49 60 0f 10 44 11 50 0f 10 4c 11 40 49 ff c9
0x00007ffc68b5095d:   0f 29 41 50 0f 29 49 40 0f 10 44 11 30 0f 10 4c
0x00007ffc68b5096d:   11 20 0f 29 41 30 0f 29 49 20 0f 10 44 11 10 0f
0x00007ffc68b5097d:   10 0c 11 75 ae 0f 29 41 10 49 83 e0 7f 0f 28 c1
0x00007ffc68b5098d:   4d 8b c8 49 c1 e9 04 74 1a 66 66 0f 1f 84 00 00
0x00007ffc68b5099d:   00 00 00 0f 11 01 48 83 e9 10 0f 10 04 11 49 ff 


Stack slot to memory mapping:
stack at sp + 0 slots: 0x00007ffc683daae1 atio6axx.dll
stack at sp + 1 slots: 0x0000000200000000 is an unknown value
stack at sp + 2 slots: 0x000001e750201380 points into unknown readable memory: 0x000001e750200cc0 | c0 0c 20 50 e7 01 00 00
stack at sp + 3 slots: 0x2222222222222222 is an unknown value
stack at sp + 4 slots: 0x000001e750200000 points into unknown readable memory: 0x0000000000000000 | 00 00 00 00 00 00 00 00
stack at sp + 5 slots: 0x00007ffc69ac9454 atio6axx.dll
stack at sp + 6 slots: 0x000000000000057c is an unknown value
stack at sp + 7 slots: 0x000001e7774ad340 points into unknown readable memory: 0x000001e777014a00 | 00 4a 01 77 e7 01 00 00


---------------  P R O C E S S  ---------------

Threads class SMR info:
_java_thread_list=0x000001e777a9a7f0, length=12, elements={
0x000001e7503fd720, 0x000001e7749f6ad0, 0x000001e7749f7740, 0x000001e774a0e7a0,
0x000001e774a0f150, 0x000001e774a0fb00, 0x000001e774a104b0, 0x000001e774a11190,
0x000001e774a11c30, 0x000001e774a312f0, 0x000001e77550d1d0, 0x000001e775513b00
}

Java Threads: ( => current thread )
=>0x000001e7503fd720 JavaThread "main" [_thread_in_native, id=10044, stack(0x000000b8df200000,0x000000b8df300000)]
  0x000001e7749f6ad0 JavaThread "Reference Handler" daemon [_thread_blocked, id=11116, stack(0x000000b8df900000,0x000000b8dfa00000)]
  0x000001e7749f7740 JavaThread "Finalizer" daemon [_thread_blocked, id=8648, stack(0x000000b8dfa00000,0x000000b8dfb00000)]
  0x000001e774a0e7a0 JavaThread "Signal Dispatcher" daemon [_thread_blocked, id=15332, stack(0x000000b8dfb00000,0x000000b8dfc00000)]
  0x000001e774a0f150 JavaThread "Attach Listener" daemon [_thread_blocked, id=2492, stack(0x000000b8dfc00000,0x000000b8dfd00000)]
  0x000001e774a0fb00 JavaThread "Service Thread" daemon [_thread_blocked, id=8436, stack(0x000000b8dfd00000,0x000000b8dfe00000)]
  0x000001e774a104b0 JavaThread "Monitor Deflation Thread" daemon [_thread_blocked, id=8168, stack(0x000000b8dfe00000,0x000000b8dff00000)]
  0x000001e774a11190 JavaThread "C2 CompilerThread0" daemon [_thread_in_native, id=9856, stack(0x000000b8dff00000,0x000000b8e0000000)]
  0x000001e774a11c30 JavaThread "C1 CompilerThread0" daemon [_thread_blocked, id=16428, stack(0x000000b8e0000000,0x000000b8e0100000)]
  0x000001e774a312f0 JavaThread "Sweeper thread" daemon [_thread_blocked, id=16964, stack(0x000000b8e0100000,0x000000b8e0200000)]
  0x000001e77550d1d0 JavaThread "Notification Thread" daemon [_thread_blocked, id=7956, stack(0x000000b8e0200000,0x000000b8e0300000)]
  0x000001e775513b00 JavaThread "Common-Cleaner" daemon [_thread_blocked, id=2424, stack(0x000000b8e0400000,0x000000b8e0500000)]

Other Threads:
  0x000001e7749f1fd0 VMThread "VM Thread" [stack: 0x000000b8df800000,0x000000b8df900000] [id=14100]
  0x000001e77550f6b0 WatcherThread [stack: 0x000000b8e0300000,0x000000b8e0400000] [id=6732]
  0x000001e7504682e0 GCTaskThread "GC Thread#0" [stack: 0x000000b8df300000,0x000000b8df400000] [id=6316]
  0x000001e7779f1040 GCTaskThread "GC Thread#1" [stack: 0x000000b8e0900000,0x000000b8e0a00000] [id=14192]
  0x000001e777b67c70 GCTaskThread "GC Thread#2" [stack: 0x000000b8e0a00000,0x000000b8e0b00000] [id=4460]
  0x000001e777a0ebc0 GCTaskThread "GC Thread#3" [stack: 0x000000b8e0b00000,0x000000b8e0c00000] [id=244]
  0x000001e777dbec30 GCTaskThread "GC Thread#4" [stack: 0x000000b8e0c00000,0x000000b8e0d00000] [id=7792]
  0x000001e701b8d600 GCTaskThread "GC Thread#5" [stack: 0x000000b8e0d00000,0x000000b8e0e00000] [id=15564]
  0x000001e750478820 ConcurrentGCThread "G1 Main Marker" [stack: 0x000000b8df400000,0x000000b8df500000] [id=1484]
  0x000001e75047b140 ConcurrentGCThread "G1 Conc#0" [stack: 0x000000b8df500000,0x000000b8df600000] [id=7364]
  0x000001e7748ac110 ConcurrentGCThread "G1 Refine#0" [stack: 0x000000b8df600000,0x000000b8df700000] [id=2944]
  0x000001e7748ac940 ConcurrentGCThread "G1 Service" [stack: 0x000000b8df700000,0x000000b8df800000] [id=15632]

Threads with active compile tasks:
C2 CompilerThread0     1659  828       4       org.example.models.Model::processMesh (374 bytes)

VM state: not at safepoint (normal execution)

VM Mutex/Monitor currently owned by a thread: None

Heap address: 0x000000070a000000, size: 3936 MB, Compressed Oops mode: Zero based, Oop shift amount: 3

CDS archive(s) mapped at: [0x0000000800000000-0x0000000800bc0000-0x0000000800bc0000), size 12320768, SharedBaseAddress: 0x0000000800000000, ArchiveRelocationMode: 0.
Compressed class space mapped at: 0x0000000800c00000-0x0000000840c00000, reserved size: 1073741824
Narrow klass base: 0x0000000800000000, Narrow klass shift: 0, Narrow klass range: 0x100000000

GC Precious Log:
 CPUs: 6 total, 6 available
 Memory: 15741M
 Large Page Support: Disabled
 NUMA Support: Disabled
 Compressed Oops: Enabled (Zero based)
 Heap Region Size: 2M
 Heap Min Capacity: 8M
 Heap Initial Capacity: 246M
 Heap Max Capacity: 3936M
 Pre-touch: Disabled
 Parallel Workers: 6
 Concurrent Workers: 2
 Concurrent Refinement Workers: 6
 Periodic GC: Disabled

Heap:
 garbage-first heap   total 251904K, used 117959K [0x000000070a000000, 0x0000000800000000)
  region size 2048K, 47 young (96256K), 6 survivors (12288K)
 Metaspace       used 4234K, committed 4480K, reserved 1056768K
  class space    used 215K, committed 320K, reserved 1048576K

Heap Regions: E=young(eden), S=young(survivor), O=old, HS=humongous(starts), HC=humongous(continues), CS=collection set, F=free, OA=open archive, CA=closed archive, TAMS=top-at-mark-start (previous, next)
|   0|0x000000070a000000, 0x000000070a200000, 0x000000070a200000|100%| O|  |TAMS 0x000000070a000000, 0x000000070a000000| Untracked 
|   1|0x000000070a200000, 0x000000070a400000, 0x000000070a400000|100%| O|  |TAMS 0x000000070a200000, 0x000000070a200000| Untracked 
|   2|0x000000070a400000, 0x000000070a600000, 0x000000070a600000|100%| O|  |TAMS 0x000000070a400000, 0x000000070a400000| Untracked 
|   3|0x000000070a600000, 0x000000070a800000, 0x000000070a800000|100%| O|  |TAMS 0x000000070a600000, 0x000000070a600000| Untracked 
|   4|0x000000070a800000, 0x000000070aa00000, 0x000000070aa00000|100%| O|  |TAMS 0x000000070a800000, 0x000000070a800000| Untracked 
|   5|0x000000070aa00000, 0x000000070ac00000, 0x000000070ac00000|100%| O|  |TAMS 0x000000070aa00000, 0x000000070aa00000| Untracked 
|   6|0x000000070ac00000, 0x000000070ae00000, 0x000000070ae00000|100%| O|  |TAMS 0x000000070ac00000, 0x000000070ac00000| Untracked 
|   7|0x000000070ae00000, 0x000000070b000000, 0x000000070b000000|100%| O|  |TAMS 0x000000070ae00000, 0x000000070ae00000| Untracked 
|   8|0x000000070b000000, 0x000000070b200000, 0x000000070b200000|100%| O|  |TAMS 0x000000070b000000, 0x000000070b000000| Untracked 
|   9|0x000000070b200000, 0x000000070b400000, 0x000000070b400000|100%| O|  |TAMS 0x000000070b200000, 0x000000070b200000| Untracked 
|  10|0x000000070b400000, 0x000000070b600000, 0x000000070b600000|100%| O|  |TAMS 0x000000070b400000, 0x000000070b400000| Untracked 
|  11|0x000000070b600000, 0x000000070b731e00, 0x000000070b800000| 59%| O|  |TAMS 0x000000070b600000, 0x000000070b600000| Untracked 
|  12|0x000000070b800000, 0x000000070b800000, 0x000000070ba00000|  0%| F|  |TAMS 0x000000070b800000, 0x000000070b800000| Untracked 
|  13|0x000000070ba00000, 0x000000070ba00000, 0x000000070bc00000|  0%| F|  |TAMS 0x000000070ba00000, 0x000000070ba00000| Untracked 
|  14|0x000000070bc00000, 0x000000070bc00000, 0x000000070be00000|  0%| F|  |TAMS 0x000000070bc00000, 0x000000070bc00000| Untracked 
|  15|0x000000070be00000, 0x000000070be00000, 0x000000070c000000|  0%| F|  |TAMS 0x000000070be00000, 0x000000070be00000| Untracked 
|  16|0x000000070c000000, 0x000000070c000000, 0x000000070c200000|  0%| F|  |TAMS 0x000000070c000000, 0x000000070c000000| Untracked 
|  17|0x000000070c200000, 0x000000070c200000, 0x000000070c400000|  0%| F|  |TAMS 0x000000070c200000, 0x000000070c200000| Untracked 
|  18|0x000000070c400000, 0x000000070c400000, 0x000000070c600000|  0%| F|  |TAMS 0x000000070c400000, 0x000000070c400000| Untracked 
|  19|0x000000070c600000, 0x000000070c600000, 0x000000070c800000|  0%| F|  |TAMS 0x000000070c600000, 0x000000070c600000| Untracked 
|  20|0x000000070c800000, 0x000000070c800000, 0x000000070ca00000|  0%| F|  |TAMS 0x000000070c800000, 0x000000070c800000| Untracked 
|  21|0x000000070ca00000, 0x000000070ca00000, 0x000000070cc00000|  0%| F|  |TAMS 0x000000070ca00000, 0x000000070ca00000| Untracked 
|  22|0x000000070cc00000, 0x000000070cc00000, 0x000000070ce00000|  0%| F|  |TAMS 0x000000070cc00000, 0x000000070cc00000| Untracked 
|  23|0x000000070ce00000, 0x000000070ce00000, 0x000000070d000000|  0%| F|  |TAMS 0x000000070ce00000, 0x000000070ce00000| Untracked 
|  24|0x000000070d000000, 0x000000070d000000, 0x000000070d200000|  0%| F|  |TAMS 0x000000070d000000, 0x000000070d000000| Untracked 
|  25|0x000000070d200000, 0x000000070d200000, 0x000000070d400000|  0%| F|  |TAMS 0x000000070d200000, 0x000000070d200000| Untracked 
|  26|0x000000070d400000, 0x000000070d400000, 0x000000070d600000|  0%| F|  |TAMS 0x000000070d400000, 0x000000070d400000| Untracked 
|  27|0x000000070d600000, 0x000000070d600000, 0x000000070d800000|  0%| F|  |TAMS 0x000000070d600000, 0x000000070d600000| Untracked 
|  28|0x000000070d800000, 0x000000070d800000, 0x000000070da00000|  0%| F|  |TAMS 0x000000070d800000, 0x000000070d800000| Untracked 
|  29|0x000000070da00000, 0x000000070da00000, 0x000000070dc00000|  0%| F|  |TAMS 0x000000070da00000, 0x000000070da00000| Untracked 
|  30|0x000000070dc00000, 0x000000070dc00000, 0x000000070de00000|  0%| F|  |TAMS 0x000000070dc00000, 0x000000070dc00000| Untracked 
|  31|0x000000070de00000, 0x000000070de00000, 0x000000070e000000|  0%| F|  |TAMS 0x000000070de00000, 0x000000070de00000| Untracked 
|  32|0x000000070e000000, 0x000000070e000000, 0x000000070e200000|  0%| F|  |TAMS 0x000000070e000000, 0x000000070e000000| Untracked 
|  33|0x000000070e200000, 0x000000070e200000, 0x000000070e400000|  0%| F|  |TAMS 0x000000070e200000, 0x000000070e200000| Untracked 
|  34|0x000000070e400000, 0x000000070e400000, 0x000000070e600000|  0%| F|  |TAMS 0x000000070e400000, 0x000000070e400000| Untracked 
|  35|0x000000070e600000, 0x000000070e600000, 0x000000070e800000|  0%| F|  |TAMS 0x000000070e600000, 0x000000070e600000| Untracked 
|  36|0x000000070e800000, 0x000000070e800000, 0x000000070ea00000|  0%| F|  |TAMS 0x000000070e800000, 0x000000070e800000| Untracked 
|  37|0x000000070ea00000, 0x000000070ea00000, 0x000000070ec00000|  0%| F|  |TAMS 0x000000070ea00000, 0x000000070ea00000| Untracked 
|  38|0x000000070ec00000, 0x000000070ec00000, 0x000000070ee00000|  0%| F|  |TAMS 0x000000070ec00000, 0x000000070ec00000| Untracked 
|  39|0x000000070ee00000, 0x000000070ee00000, 0x000000070f000000|  0%| F|  |TAMS 0x000000070ee00000, 0x000000070ee00000| Untracked 
|  40|0x000000070f000000, 0x000000070f000000, 0x000000070f200000|  0%| F|  |TAMS 0x000000070f000000, 0x000000070f000000| Untracked 
|  41|0x000000070f200000, 0x000000070f200000, 0x000000070f400000|  0%| F|  |TAMS 0x000000070f200000, 0x000000070f200000| Untracked 
|  42|0x000000070f400000, 0x000000070f400000, 0x000000070f600000|  0%| F|  |TAMS 0x000000070f400000, 0x000000070f400000| Untracked 
|  43|0x000000070f600000, 0x000000070f600000, 0x000000070f800000|  0%| F|  |TAMS 0x000000070f600000, 0x000000070f600000| Untracked 
|  44|0x000000070f800000, 0x000000070f800000, 0x000000070fa00000|  0%| F|  |TAMS 0x000000070f800000, 0x000000070f800000| Untracked 
|  45|0x000000070fa00000, 0x000000070fa00000, 0x000000070fc00000|  0%| F|  |TAMS 0x000000070fa00000, 0x000000070fa00000| Untracked 
|  46|0x000000070fc00000, 0x000000070fc00000, 0x000000070fe00000|  0%| F|  |TAMS 0x000000070fc00000, 0x000000070fc00000| Untracked 
|  47|0x000000070fe00000, 0x000000070fe00000, 0x0000000710000000|  0%| F|  |TAMS 0x000000070fe00000, 0x000000070fe00000| Untracked 
|  48|0x0000000710000000, 0x0000000710000000, 0x0000000710200000|  0%| F|  |TAMS 0x0000000710000000, 0x0000000710000000| Untracked 
|  49|0x0000000710200000, 0x0000000710200000, 0x0000000710400000|  0%| F|  |TAMS 0x0000000710200000, 0x0000000710200000| Untracked 
|  50|0x0000000710400000, 0x0000000710400000, 0x0000000710600000|  0%| F|  |TAMS 0x0000000710400000, 0x0000000710400000| Untracked 
|  51|0x0000000710600000, 0x0000000710600000, 0x0000000710800000|  0%| F|  |TAMS 0x0000000710600000, 0x0000000710600000| Untracked 
|  52|0x0000000710800000, 0x0000000710800000, 0x0000000710a00000|  0%| F|  |TAMS 0x0000000710800000, 0x0000000710800000| Untracked 
|  53|0x0000000710a00000, 0x0000000710a00000, 0x0000000710c00000|  0%| F|  |TAMS 0x0000000710a00000, 0x0000000710a00000| Untracked 
|  54|0x0000000710c00000, 0x0000000710c00000, 0x0000000710e00000|  0%| F|  |TAMS 0x0000000710c00000, 0x0000000710c00000| Untracked 
|  55|0x0000000710e00000, 0x0000000710e00000, 0x0000000711000000|  0%| F|  |TAMS 0x0000000710e00000, 0x0000000710e00000| Untracked 
|  56|0x0000000711000000, 0x0000000711000000, 0x0000000711200000|  0%| F|  |TAMS 0x0000000711000000, 0x0000000711000000| Untracked 
|  57|0x0000000711200000, 0x0000000711200000, 0x0000000711400000|  0%| F|  |TAMS 0x0000000711200000, 0x0000000711200000| Untracked 
|  58|0x0000000711400000, 0x0000000711400000, 0x0000000711600000|  0%| F|  |TAMS 0x0000000711400000, 0x0000000711400000| Untracked 
|  59|0x0000000711600000, 0x0000000711600000, 0x0000000711800000|  0%| F|  |TAMS 0x0000000711600000, 0x0000000711600000| Untracked 
|  60|0x0000000711800000, 0x0000000711800000, 0x0000000711a00000|  0%| F|  |TAMS 0x0000000711800000, 0x0000000711800000| Untracked 
|  61|0x0000000711a00000, 0x0000000711a00000, 0x0000000711c00000|  0%| F|  |TAMS 0x0000000711a00000, 0x0000000711a00000| Untracked 
|  62|0x0000000711c00000, 0x0000000711c00000, 0x0000000711e00000|  0%| F|  |TAMS 0x0000000711c00000, 0x0000000711c00000| Untracked 
|  63|0x0000000711e00000, 0x0000000711e00000, 0x0000000712000000|  0%| F|  |TAMS 0x0000000711e00000, 0x0000000711e00000| Untracked 
|  64|0x0000000712000000, 0x0000000712000000, 0x0000000712200000|  0%| F|  |TAMS 0x0000000712000000, 0x0000000712000000| Untracked 
|  65|0x0000000712200000, 0x0000000712200000, 0x0000000712400000|  0%| F|  |TAMS 0x0000000712200000, 0x0000000712200000| Untracked 
|  66|0x0000000712400000, 0x0000000712400000, 0x0000000712600000|  0%| F|  |TAMS 0x0000000712400000, 0x0000000712400000| Untracked 
|  67|0x0000000712600000, 0x0000000712600000, 0x0000000712800000|  0%| F|  |TAMS 0x0000000712600000, 0x0000000712600000| Untracked 
|  68|0x0000000712800000, 0x0000000712800000, 0x0000000712a00000|  0%| F|  |TAMS 0x0000000712800000, 0x0000000712800000| Untracked 
|  69|0x0000000712a00000, 0x0000000712a00000, 0x0000000712c00000|  0%| F|  |TAMS 0x0000000712a00000, 0x0000000712a00000| Untracked 
|  70|0x0000000712c00000, 0x0000000712c00000, 0x0000000712e00000|  0%| F|  |TAMS 0x0000000712c00000, 0x0000000712c00000| Untracked 
|  71|0x0000000712e00000, 0x0000000712e00000, 0x0000000713000000|  0%| F|  |TAMS 0x0000000712e00000, 0x0000000712e00000| Untracked 
|  72|0x0000000713000000, 0x0000000713000000, 0x0000000713200000|  0%| F|  |TAMS 0x0000000713000000, 0x0000000713000000| Untracked 
|  73|0x0000000713200000, 0x0000000713200000, 0x0000000713400000|  0%| F|  |TAMS 0x0000000713200000, 0x0000000713200000| Untracked 
|  74|0x0000000713400000, 0x0000000713600000, 0x0000000713600000|100%| S|CS|TAMS 0x0000000713400000, 0x0000000713400000| Complete 
|  75|0x0000000713600000, 0x0000000713800000, 0x0000000713800000|100%| S|CS|TAMS 0x0000000713600000, 0x0000000713600000| Complete 
|  76|0x0000000713800000, 0x0000000713a00000, 0x0000000713a00000|100%| S|CS|TAMS 0x0000000713800000, 0x0000000713800000| Complete 
|  77|0x0000000713a00000, 0x0000000713c00000, 0x0000000713c00000|100%| S|CS|TAMS 0x0000000713a00000, 0x0000000713a00000| Complete 
|  78|0x0000000713c00000, 0x0000000713e00000, 0x0000000713e00000|100%| S|CS|TAMS 0x0000000713c00000, 0x0000000713c00000| Complete 
|  79|0x0000000713e00000, 0x0000000714000000, 0x0000000714000000|100%| S|CS|TAMS 0x0000000713e00000, 0x0000000713e00000| Complete 
|  80|0x0000000714000000, 0x0000000714000000, 0x0000000714200000|  0%| F|  |TAMS 0x0000000714000000, 0x0000000714000000| Untracked 
|  81|0x0000000714200000, 0x0000000714200000, 0x0000000714400000|  0%| F|  |TAMS 0x0000000714200000, 0x0000000714200000| Untracked 
|  82|0x0000000714400000, 0x0000000714500800, 0x0000000714600000| 50%| E|  |TAMS 0x0000000714400000, 0x0000000714400000| Complete 
|  83|0x0000000714600000, 0x0000000714800000, 0x0000000714800000|100%| E|CS|TAMS 0x0000000714600000, 0x0000000714600000| Complete 
|  84|0x0000000714800000, 0x0000000714a00000, 0x0000000714a00000|100%| E|CS|TAMS 0x0000000714800000, 0x0000000714800000| Complete 
|  85|0x0000000714a00000, 0x0000000714c00000, 0x0000000714c00000|100%| E|CS|TAMS 0x0000000714a00000, 0x0000000714a00000| Complete 
|  86|0x0000000714c00000, 0x0000000714e00000, 0x0000000714e00000|100%| E|CS|TAMS 0x0000000714c00000, 0x0000000714c00000| Complete 
|  87|0x0000000714e00000, 0x0000000715000000, 0x0000000715000000|100%| E|CS|TAMS 0x0000000714e00000, 0x0000000714e00000| Complete 
|  88|0x0000000715000000, 0x0000000715200000, 0x0000000715200000|100%| E|CS|TAMS 0x0000000715000000, 0x0000000715000000| Complete 
|  89|0x0000000715200000, 0x0000000715400000, 0x0000000715400000|100%| E|CS|TAMS 0x0000000715200000, 0x0000000715200000| Complete 
|  90|0x0000000715400000, 0x0000000715600000, 0x0000000715600000|100%| E|CS|TAMS 0x0000000715400000, 0x0000000715400000| Complete 
|  91|0x0000000715600000, 0x0000000715800000, 0x0000000715800000|100%| E|CS|TAMS 0x0000000715600000, 0x0000000715600000| Complete 
|  92|0x0000000715800000, 0x0000000715a00000, 0x0000000715a00000|100%| E|CS|TAMS 0x0000000715800000, 0x0000000715800000| Complete 
|  93|0x0000000715a00000, 0x0000000715c00000, 0x0000000715c00000|100%| E|CS|TAMS 0x0000000715a00000, 0x0000000715a00000| Complete 
|  94|0x0000000715c00000, 0x0000000715e00000, 0x0000000715e00000|100%| E|CS|TAMS 0x0000000715c00000, 0x0000000715c00000| Complete 
|  95|0x0000000715e00000, 0x0000000716000000, 0x0000000716000000|100%| E|CS|TAMS 0x0000000715e00000, 0x0000000715e00000| Complete 
|  96|0x0000000716000000, 0x0000000716200000, 0x0000000716200000|100%| E|CS|TAMS 0x0000000716000000, 0x0000000716000000| Complete 
|  97|0x0000000716200000, 0x0000000716400000, 0x0000000716400000|100%| E|CS|TAMS 0x0000000716200000, 0x0000000716200000| Complete 
|  98|0x0000000716400000, 0x0000000716600000, 0x0000000716600000|100%| E|CS|TAMS 0x0000000716400000, 0x0000000716400000| Complete 
|  99|0x0000000716600000, 0x0000000716800000, 0x0000000716800000|100%| E|CS|TAMS 0x0000000716600000, 0x0000000716600000| Complete 
| 100|0x0000000716800000, 0x0000000716a00000, 0x0000000716a00000|100%| E|CS|TAMS 0x0000000716800000, 0x0000000716800000| Complete 
| 101|0x0000000716a00000, 0x0000000716c00000, 0x0000000716c00000|100%| E|CS|TAMS 0x0000000716a00000, 0x0000000716a00000| Complete 
| 102|0x0000000716c00000, 0x0000000716e00000, 0x0000000716e00000|100%| E|CS|TAMS 0x0000000716c00000, 0x0000000716c00000| Complete 
| 103|0x0000000716e00000, 0x0000000717000000, 0x0000000717000000|100%| E|CS|TAMS 0x0000000716e00000, 0x0000000716e00000| Complete 
| 104|0x0000000717000000, 0x0000000717200000, 0x0000000717200000|100%| E|CS|TAMS 0x0000000717000000, 0x0000000717000000| Complete 
| 105|0x0000000717200000, 0x0000000717400000, 0x0000000717400000|100%| E|CS|TAMS 0x0000000717200000, 0x0000000717200000| Complete 
| 106|0x0000000717400000, 0x0000000717600000, 0x0000000717600000|100%| E|CS|TAMS 0x0000000717400000, 0x0000000717400000| Complete 
| 107|0x0000000717600000, 0x0000000717800000, 0x0000000717800000|100%| E|CS|TAMS 0x0000000717600000, 0x0000000717600000| Complete 
| 108|0x0000000717800000, 0x0000000717a00000, 0x0000000717a00000|100%| E|CS|TAMS 0x0000000717800000, 0x0000000717800000| Complete 
| 109|0x0000000717a00000, 0x0000000717c00000, 0x0000000717c00000|100%| E|CS|TAMS 0x0000000717a00000, 0x0000000717a00000| Complete 
| 110|0x0000000717c00000, 0x0000000717e00000, 0x0000000717e00000|100%| E|CS|TAMS 0x0000000717c00000, 0x0000000717c00000| Complete 
| 111|0x0000000717e00000, 0x0000000718000000, 0x0000000718000000|100%| E|CS|TAMS 0x0000000717e00000, 0x0000000717e00000| Complete 
| 112|0x0000000718000000, 0x0000000718200000, 0x0000000718200000|100%| E|CS|TAMS 0x0000000718000000, 0x0000000718000000| Complete 
| 113|0x0000000718200000, 0x0000000718400000, 0x0000000718400000|100%| E|CS|TAMS 0x0000000718200000, 0x0000000718200000| Complete 
| 114|0x0000000718400000, 0x0000000718600000, 0x0000000718600000|100%| E|CS|TAMS 0x0000000718400000, 0x0000000718400000| Complete 
| 115|0x0000000718600000, 0x0000000718800000, 0x0000000718800000|100%| E|CS|TAMS 0x0000000718600000, 0x0000000718600000| Complete 
| 116|0x0000000718800000, 0x0000000718a00000, 0x0000000718a00000|100%| E|CS|TAMS 0x0000000718800000, 0x0000000718800000| Complete 
| 117|0x0000000718a00000, 0x0000000718c00000, 0x0000000718c00000|100%| E|CS|TAMS 0x0000000718a00000, 0x0000000718a00000| Complete 
| 118|0x0000000718c00000, 0x0000000718e00000, 0x0000000718e00000|100%| E|CS|TAMS 0x0000000718c00000, 0x0000000718c00000| Complete 
| 119|0x0000000718e00000, 0x0000000719000000, 0x0000000719000000|100%| E|CS|TAMS 0x0000000718e00000, 0x0000000718e00000| Complete 
| 120|0x0000000719000000, 0x0000000719200000, 0x0000000719200000|100%| E|CS|TAMS 0x0000000719000000, 0x0000000719000000| Complete 
| 121|0x0000000719200000, 0x0000000719400000, 0x0000000719400000|100%| E|CS|TAMS 0x0000000719200000, 0x0000000719200000| Complete 
| 122|0x0000000719400000, 0x0000000719600000, 0x0000000719600000|100%| E|CS|TAMS 0x0000000719400000, 0x0000000719400000| Complete 

Card table byte_map: [0x000001e7696e0000,0x000001e769e90000] _byte_map_base: 0x000001e765e90000

Marking Bits (Prev, Next): (CMBitMap*) 0x000001e7504688f0, (CMBitMap*) 0x000001e750468930
 Prev Bits: [0x000001e76a640000, 0x000001e76e3c0000)
 Next Bits: [0x000001e76e3c0000, 0x000001e772140000)

Polling page: 0x000001e7502b0000

Metaspace:

Usage:
  Non-class:      3.92 MB used.
      Class:    215.97 KB used.
       Both:      4.14 MB used.

Virtual space:
  Non-class space:        8.00 MB reserved,       4.06 MB ( 51%) committed,  1 nodes.
      Class space:        1.00 GB reserved,     320.00 KB ( <1%) committed,  1 nodes.
             Both:        1.01 GB reserved,       4.38 MB ( <1%) committed. 

Chunk freelists:
   Non-Class:  1.30 MB
       Class:  3.61 MB
        Both:  4.91 MB

MaxMetaspaceSize: unlimited
CompressedClassSpaceSize: 1.00 GB
Initial GC threshold: 21.00 MB
Current GC threshold: 21.00 MB
CDS: on
MetaspaceReclaimPolicy: balanced
 - commit_granule_bytes: 65536.
 - commit_granule_words: 8192.
 - virtual_space_node_default_size: 1048576.
 - enlarge_chunks_in_place: 1.
 - new_chunks_are_fully_committed: 0.
 - uncommit_free_chunks: 1.
 - use_allocation_guard: 0.
 - handle_deallocations: 1.


Internal statistics:

num_allocs_failed_limit: 0.
num_arena_births: 74.
num_arena_deaths: 0.
num_vsnodes_births: 2.
num_vsnodes_deaths: 0.
num_space_committed: 68.
num_space_uncommitted: 0.
num_chunks_returned_to_freelist: 0.
num_chunks_taken_from_freelist: 200.
num_chunk_merges: 0.
num_chunk_splits: 131.
num_chunks_enlarged: 95.
num_purges: 0.
num_inconsistent_stats: 0.

CodeHeap 'non-profiled nmethods': size=120000Kb used=272Kb max_used=272Kb free=119727Kb
 bounds [0x000001e7611c0000, 0x000001e761430000, 0x000001e7686f0000]
CodeHeap 'profiled nmethods': size=120000Kb used=1398Kb max_used=1398Kb free=118601Kb
 bounds [0x000001e759c90000, 0x000001e759f00000, 0x000001e7611c0000]
CodeHeap 'non-nmethods': size=5760Kb used=1588Kb max_used=1588Kb free=4172Kb
 bounds [0x000001e7596f0000, 0x000001e759960000, 0x000001e759c90000]
 total_blobs=1823 nmethods=835 adapters=899
 compilation: enabled
              stopped_count=0, restarted_count=0
 full_count=0

Compilation events (20 events):
Event: 1.546 Thread 0x000001e774a11190 nmethod 824% 0x000001e7611fe090 code [0x000001e7611fe480, 0x000001e7611ffff8]
Event: 1.546 Thread 0x000001e774a11190  827 %     4       java.util.ArrayList$ArrayListSpliterator::forEachRemaining @ 81 (127 bytes)
Event: 1.556 Thread 0x000001e774a11c30  829       3       java.util.ArrayList::<init> (12 bytes)
Event: 1.556 Thread 0x000001e774a11c30 nmethod 829 0x000001e759dec010 code [0x000001e759dec1c0, 0x000001e759dec458]
Event: 1.557 Thread 0x000001e774a11c30  830       3       jdk.internal.misc.Unsafe::getAndAddLong (27 bytes)
Event: 1.557 Thread 0x000001e774a11c30 nmethod 830 0x000001e759dec590 code [0x000001e759dec740, 0x000001e759dec988]
Event: 1.557 Thread 0x000001e774a11c30  832       3       jdk.internal.misc.Unsafe::weakCompareAndSetLong (11 bytes)
Event: 1.557 Thread 0x000001e774a11c30 nmethod 832 0x000001e759deca90 code [0x000001e759decc20, 0x000001e759decd58]
Event: 1.559 Thread 0x000001e774a11190 nmethod 827% 0x000001e761201c10 code [0x000001e761201dc0, 0x000001e7612028d8]
Event: 1.559 Thread 0x000001e774a11190  825 % !   4       org.lwjgl.system.StructBuffer$StructSpliterator::forEachRemaining @ 10 (63 bytes)
Event: 1.569 Thread 0x000001e774a11190 nmethod 825% 0x000001e761202e10 code [0x000001e761202fe0, 0x000001e7612038a8]
Event: 1.570 Thread 0x000001e774a11190  828       4       org.example.models.Model::processMesh (374 bytes)
Event: 1.573 Thread 0x000001e774a11c30  835       3       java.nio.Buffer::hasRemaining (17 bytes)
Event: 1.574 Thread 0x000001e774a11c30 nmethod 835 0x000001e759dece10 code [0x000001e759decfa0, 0x000001e759ded118]
Event: 1.601 Thread 0x000001e774a11c30  836       3       java.lang.StringCoding::implEncodeAsciiArray (47 bytes)
Event: 1.601 Thread 0x000001e774a11c30 nmethod 836 0x000001e759ded190 code [0x000001e759ded340, 0x000001e759ded598]
Event: 1.601 Thread 0x000001e774a11c30  837       1       java.util.Collections$EmptyList::isEmpty (2 bytes)
Event: 1.601 Thread 0x000001e774a11c30 nmethod 837 0x000001e761203f90 code [0x000001e761204120, 0x000001e7612041f8]
Event: 1.614 Thread 0x000001e774a11c30  838       3       org.lwjgl.system.MemoryUtil::address (11 bytes)
Event: 1.614 Thread 0x000001e774a11c30 nmethod 838 0x000001e759ded710 code [0x000001e759ded8a0, 0x000001e759ded998]

GC Heap History (8 events):
Event: 0.924 GC heap before
{Heap before GC invocations=0 (full 0):
 garbage-first heap   total 251904K, used 20480K [0x000000070a000000, 0x0000000800000000)
  region size 2048K, 10 young (20480K), 0 survivors (0K)
 Metaspace       used 4205K, committed 4352K, reserved 1056768K
  class space    used 215K, committed 320K, reserved 1048576K
}
Event: 0.928 GC heap after
{Heap after GC invocations=1 (full 0):
 garbage-first heap   total 251904K, used 3620K [0x000000070a000000, 0x0000000800000000)
  region size 2048K, 2 young (4096K), 2 survivors (4096K)
 Metaspace       used 4205K, committed 4352K, reserved 1056768K
  class space    used 215K, committed 320K, reserved 1048576K
}
Event: 1.410 GC heap before
{Heap before GC invocations=1 (full 0):
 garbage-first heap   total 251904K, used 30244K [0x000000070a000000, 0x0000000800000000)
  region size 2048K, 15 young (30720K), 2 survivors (4096K)
 Metaspace       used 4213K, committed 4352K, reserved 1056768K
  class space    used 215K, committed 320K, reserved 1048576K
}
Event: 1.416 GC heap after
{Heap after GC invocations=2 (full 0):
 garbage-first heap   total 251904K, used 9528K [0x000000070a000000, 0x0000000800000000)
  region size 2048K, 2 young (4096K), 2 survivors (4096K)
 Metaspace       used 4213K, committed 4352K, reserved 1056768K
  class space    used 215K, committed 320K, reserved 1048576K
}
Event: 1.466 GC heap before
{Heap before GC invocations=2 (full 0):
 garbage-first heap   total 251904K, used 68920K [0x000000070a000000, 0x0000000800000000)
  region size 2048K, 31 young (63488K), 2 survivors (4096K)
 Metaspace       used 4233K, committed 4480K, reserved 1056768K
  class space    used 215K, committed 320K, reserved 1048576K
}
Event: 1.480 GC heap after
{Heap after GC invocations=3 (full 0):
 garbage-first heap   total 251904K, used 20480K [0x000000070a000000, 0x0000000800000000)
  region size 2048K, 4 young (8192K), 4 survivors (8192K)
 Metaspace       used 4233K, committed 4480K, reserved 1056768K
  class space    used 215K, committed 320K, reserved 1048576K
}
Event: 1.525 GC heap before
{Heap before GC invocations=3 (full 0):
 garbage-first heap   total 251904K, used 100352K [0x000000070a000000, 0x0000000800000000)
  region size 2048K, 43 young (88064K), 4 survivors (8192K)
 Metaspace       used 4233K, committed 4480K, reserved 1056768K
  class space    used 215K, committed 320K, reserved 1048576K
}
Event: 1.544 GC heap after
{Heap after GC invocations=4 (full 0):
 garbage-first heap   total 251904K, used 36039K [0x000000070a000000, 0x0000000800000000)
  region size 2048K, 6 young (12288K), 6 survivors (12288K)
 Metaspace       used 4233K, committed 4480K, reserved 1056768K
  class space    used 215K, committed 320K, reserved 1048576K
}

Deoptimization events (20 events):
Event: 1.587 Thread 0x000001e7503fd720 DEOPT PACKING pc=0x000001e759debcb8 sp=0x000000b8df2ff120
Event: 1.587 Thread 0x000001e7503fd720 DEOPT UNPACKING pc=0x000001e759742b43 sp=0x000000b8df2fe5d0 mode 0
Event: 1.590 Thread 0x000001e7503fd720 DEOPT PACKING pc=0x000001e759dd7e4f sp=0x000000b8df2ff090
Event: 1.590 Thread 0x000001e7503fd720 DEOPT UNPACKING pc=0x000001e759742b43 sp=0x000000b8df2fe568 mode 0
Event: 1.591 Thread 0x000001e7503fd720 DEOPT PACKING pc=0x000001e759de801c sp=0x000000b8df2ff120
Event: 1.591 Thread 0x000001e7503fd720 DEOPT UNPACKING pc=0x000001e759742b43 sp=0x000000b8df2fe760 mode 0
Event: 1.592 Thread 0x000001e7503fd720 DEOPT PACKING pc=0x000001e759dd7e4f sp=0x000000b8df2ff160
Event: 1.592 Thread 0x000001e7503fd720 DEOPT UNPACKING pc=0x000001e759742b43 sp=0x000000b8df2fe648 mode 0
Event: 1.592 Thread 0x000001e7503fd720 DEOPT PACKING pc=0x000001e759debcb8 sp=0x000000b8df2ff120
Event: 1.592 Thread 0x000001e7503fd720 DEOPT UNPACKING pc=0x000001e759742b43 sp=0x000000b8df2fe5d0 mode 0
Event: 1.595 Thread 0x000001e7503fd720 DEOPT PACKING pc=0x000001e759de801c sp=0x000000b8df2ff120
Event: 1.595 Thread 0x000001e7503fd720 DEOPT UNPACKING pc=0x000001e759742b43 sp=0x000000b8df2fe760 mode 0
Event: 1.596 Thread 0x000001e7503fd720 DEOPT PACKING pc=0x000001e759dd7e4f sp=0x000000b8df2ff160
Event: 1.596 Thread 0x000001e7503fd720 DEOPT UNPACKING pc=0x000001e759742b43 sp=0x000000b8df2fe648 mode 0
Event: 1.597 Thread 0x000001e7503fd720 DEOPT PACKING pc=0x000001e759debcb8 sp=0x000000b8df2ff120
Event: 1.597 Thread 0x000001e7503fd720 DEOPT UNPACKING pc=0x000001e759742b43 sp=0x000000b8df2fe5d0 mode 0
Event: 1.600 Thread 0x000001e7503fd720 DEOPT PACKING pc=0x000001e759dd7e4f sp=0x000000b8df2ff090
Event: 1.600 Thread 0x000001e7503fd720 DEOPT UNPACKING pc=0x000001e759742b43 sp=0x000000b8df2fe568 mode 0
Event: 1.600 Thread 0x000001e7503fd720 DEOPT PACKING pc=0x000001e759de801c sp=0x000000b8df2ff120
Event: 1.600 Thread 0x000001e7503fd720 DEOPT UNPACKING pc=0x000001e759742b43 sp=0x000000b8df2fe760 mode 0

Classes unloaded (0 events):
No events

Classes redefined (0 events):
No events

Internal exceptions (20 events):
Event: 0.149 Thread 0x000001e7503fd720 Exception <a 'sun/nio/fs/WindowsException'{0x00000007190e6ee8}> (0x00000007190e6ee8) 
thrown [s\src\hotspot\share\prims\jni.cpp, line 516]
Event: 0.159 Thread 0x000001e7503fd720 Exception <a 'java/lang/NoSuchMethodError'{0x0000000719124548}: 'int java.lang.invoke.DirectMethodHandle$Holder.invokeStaticInit(java.lang.Object, java.lang.Object, int, long)'> (0x0000000719124548) 
thrown [s\src\hotspot\share\interpreter\linkResolver.cpp, line 759]
Event: 0.159 Thread 0x000001e7503fd720 Exception <a 'java/lang/NoSuchMethodError'{0x0000000719129e10}: 'java.lang.Object java.lang.invoke.DirectMethodHandle$Holder.newInvokeSpecial(java.lang.Object, java.lang.Object, int)'> (0x0000000719129e10) 
thrown [s\src\hotspot\share\interpreter\linkResolver.cpp, line 759]
Event: 0.162 Thread 0x000001e7503fd720 Exception <a 'java/lang/NoSuchMethodError'{0x000000071913b1b8}: 'int java.lang.invoke.DirectMethodHandle$Holder.invokeStaticInit(java.lang.Object, java.lang.Object, long, long)'> (0x000000071913b1b8) 
thrown [s\src\hotspot\share\interpreter\linkResolver.cpp, line 759]
Event: 0.163 Thread 0x000001e7503fd720 Exception <a 'java/lang/NoSuchMethodError'{0x0000000719141508}: 'java.lang.Object java.lang.invoke.DirectMethodHandle$Holder.newInvokeSpecial(java.lang.Object, java.lang.Object, long)'> (0x0000000719141508) 
thrown [s\src\hotspot\share\interpreter\linkResolver.cpp, line 759]
Event: 0.164 Thread 0x000001e7503fd720 Exception <a 'java/lang/NoSuchMethodError'{0x0000000719145550}: 'java.lang.Object java.lang.invoke.Invokers$Holder.linkToTargetMethod(java.lang.Object, long, java.lang.Object)'> (0x0000000719145550) 
thrown [s\src\hotspot\share\interpreter\linkResolver.cpp, line 759]
Event: 0.165 Thread 0x000001e7503fd720 Exception <a 'java/lang/NoSuchMethodError'{0x000000071914cc68}: 'int java.lang.invoke.DirectMethodHandle$Holder.invokeStaticInit(java.lang.Object, java.lang.Object, java.lang.Object, long)'> (0x000000071914cc68) 
thrown [s\src\hotspot\share\interpreter\linkResolver.cpp, line 759]
Event: 0.195 Thread 0x000001e7503fd720 Exception <a 'sun/nio/fs/WindowsException'{0x0000000718e27b18}> (0x0000000718e27b18) 
thrown [s\src\hotspot\share\prims\jni.cpp, line 516]
Event: 0.195 Thread 0x000001e7503fd720 Exception <a 'sun/nio/fs/WindowsException'{0x0000000718e27e78}> (0x0000000718e27e78) 
thrown [s\src\hotspot\share\prims\jni.cpp, line 516]
Event: 0.454 Thread 0x000001e7503fd720 Exception <a 'sun/nio/fs/WindowsException'{0x0000000718eb5f60}> (0x0000000718eb5f60) 
thrown [s\src\hotspot\share\prims\jni.cpp, line 516]
Event: 0.454 Thread 0x000001e7503fd720 Exception <a 'sun/nio/fs/WindowsException'{0x0000000718eb6308}> (0x0000000718eb6308) 
thrown [s\src\hotspot\share\prims\jni.cpp, line 516]
Event: 0.456 Thread 0x000001e7503fd720 Exception <a 'sun/nio/fs/WindowsException'{0x0000000718ebfec0}> (0x0000000718ebfec0) 
thrown [s\src\hotspot\share\prims\jni.cpp, line 516]
Event: 0.456 Thread 0x000001e7503fd720 Exception <a 'sun/nio/fs/WindowsException'{0x0000000718ec01a0}> (0x0000000718ec01a0) 
thrown [s\src\hotspot\share\prims\jni.cpp, line 516]
Event: 0.519 Thread 0x000001e7503fd720 Exception <a 'java/lang/NoSuchMethodError'{0x0000000718d241a8}: 'void java.lang.invoke.DirectMethodHandle$Holder.invokeStatic(java.lang.Object, long, int, int)'> (0x0000000718d241a8) 
thrown [s\src\hotspot\share\interpreter\linkResolver.cpp, line 759]
Event: 0.582 Thread 0x000001e7503fd720 Exception <a 'sun/nio/fs/WindowsException'{0x0000000718a32b30}> (0x0000000718a32b30) 
thrown [s\src\hotspot\share\prims\jni.cpp, line 516]
Event: 0.582 Thread 0x000001e7503fd720 Exception <a 'sun/nio/fs/WindowsException'{0x0000000718a32eb0}> (0x0000000718a32eb0) 
thrown [s\src\hotspot\share\prims\jni.cpp, line 516]
Event: 0.639 Thread 0x000001e7503fd720 Exception <a 'java/lang/NoSuchMethodError'{0x0000000718ada158}: 'void java.lang.invoke.DirectMethodHandle$Holder.invokeStatic(java.lang.Object, java.lang.Object, java.lang.Object)'> (0x0000000718ada158) 
thrown [s\src\hotspot\share\interpreter\linkResolver.cpp, line 759]
Event: 0.643 Thread 0x000001e7503fd720 Exception <a 'java/lang/NoSuchMethodError'{0x0000000718af1bf8}: 'java.lang.Object java.lang.invoke.DirectMethodHandle$Holder.invokeVirtual(java.lang.Object, java.lang.Object, int)'> (0x0000000718af1bf8) 
thrown [s\src\hotspot\share\interpreter\linkResolver.cpp, line 759]
Event: 0.652 Thread 0x000001e7503fd720 Exception <a 'sun/nio/fs/WindowsException'{0x0000000718b42af8}> (0x0000000718b42af8) 
thrown [s\src\hotspot\share\prims\jni.cpp, line 516]
Event: 0.652 Thread 0x000001e7503fd720 Exception <a 'sun/nio/fs/WindowsException'{0x0000000718b42e78}> (0x0000000718b42e78) 
thrown [s\src\hotspot\share\prims\jni.cpp, line 516]

VM Operations (16 events):
Event: 0.054 Executing VM operation: HandshakeAllThreads
Event: 0.054 Executing VM operation: HandshakeAllThreads done
Event: 0.127 Executing VM operation: HandshakeAllThreads
Event: 0.128 Executing VM operation: HandshakeAllThreads done
Event: 0.142 Executing VM operation: HandshakeAllThreads
Event: 0.142 Executing VM operation: HandshakeAllThreads done
Event: 0.638 Executing VM operation: HandshakeAllThreads
Event: 0.638 Executing VM operation: HandshakeAllThreads done
Event: 0.924 Executing VM operation: G1CollectForAllocation
Event: 0.928 Executing VM operation: G1CollectForAllocation done
Event: 1.410 Executing VM operation: G1CollectForAllocation
Event: 1.416 Executing VM operation: G1CollectForAllocation done
Event: 1.466 Executing VM operation: G1CollectForAllocation
Event: 1.480 Executing VM operation: G1CollectForAllocation done
Event: 1.525 Executing VM operation: G1CollectForAllocation
Event: 1.544 Executing VM operation: G1CollectForAllocation done

Events (20 events):
Event: 0.196 loading class java/lang/NoSuchFieldError
Event: 0.196 loading class java/lang/NoSuchFieldError done
Event: 0.200 loading class jdk/internal/reflect/UnsafeQualifiedStaticIntegerFieldAccessorImpl
Event: 0.201 loading class jdk/internal/reflect/UnsafeQualifiedStaticIntegerFieldAccessorImpl done
Event: 0.455 Loaded shared library C:\Users\Filip\AppData\Local\Temp\lwjglFilip\3.3.1-build-7\lwjgl_opengl.dll
Event: 0.460 loading class jdk/internal/module/ModulePatcher$PatchedModuleReader
Event: 0.460 loading class jdk/internal/module/ModulePatcher$PatchedModuleReader done
Event: 0.460 loading class sun/net/www/protocol/jrt/Handler
Event: 0.461 loading class sun/net/www/protocol/jrt/Handler done
Event: 0.463 loading class sun/util/resources/LocaleData$CommonResourceBundleProvider
Event: 0.463 loading class sun/util/resources/LocaleData$LocaleDataResourceBundleProvider
Event: 0.463 loading class java/util/spi/ResourceBundleProvider
Event: 0.464 loading class java/util/spi/ResourceBundleProvider done
Event: 0.464 loading class sun/util/resources/LocaleData$LocaleDataResourceBundleProvider done
Event: 0.464 loading class sun/util/resources/LocaleData$CommonResourceBundleProvider done
Event: 0.464 loading class sun/util/resources/Bundles$2
Event: 0.464 loading class sun/util/resources/Bundles$2 done
Event: 0.653 Loaded shared library C:\Users\Filip\AppData\Local\Temp\lwjglFilip\3.3.1-build-7\lwjgl_stb.dll
Event: 0.914 Thread 0x000001e777a7dac0 Thread added: 0x000001e777a7dac0
Event: 1.145 Thread 0x000001e777a7dac0 Thread exited: 0x000001e777a7dac0


Dynamic libraries:
0x00007ff7dc650000 - 0x00007ff7dc65d000 	C:\Users\Filip\.jdks\corretto-17.0.4.1\bin\java.exe
0x00007ffcb33b0000 - 0x00007ffcb35a8000 	C:\Windows\SYSTEM32\ntdll.dll
0x00007ffcb28d0000 - 0x00007ffcb298f000 	C:\Windows\System32\KERNEL32.DLL
0x00007ffcb0ec0000 - 0x00007ffcb1192000 	C:\Windows\System32\KERNELBASE.dll
0x00007ffcb0dc0000 - 0x00007ffcb0ec0000 	C:\Windows\System32\ucrtbase.dll
0x00007ffca1d70000 - 0x00007ffca1d88000 	C:\Users\Filip\.jdks\corretto-17.0.4.1\bin\jli.dll
0x00007ffca0bd0000 - 0x00007ffca0be5000 	C:\Users\Filip\.jdks\corretto-17.0.4.1\bin\VCRUNTIME140.dll
0x00007ffcb2d30000 - 0x00007ffcb2ed1000 	C:\Windows\System32\USER32.dll
0x00007ffcb11a0000 - 0x00007ffcb11c2000 	C:\Windows\System32\win32u.dll
0x00007ffc92b30000 - 0x00007ffc92dca000 	C:\Windows\WinSxS\amd64_microsoft.windows.common-controls_6595b64144ccf1df_6.0.19041.1110_none_60b5254171f9507e\COMCTL32.dll
0x00007ffcb2b40000 - 0x00007ffcb2b6b000 	C:\Windows\System32\GDI32.dll
0x00007ffcb13f0000 - 0x00007ffcb148e000 	C:\Windows\System32\msvcrt.dll
0x00007ffcb12e0000 - 0x00007ffcb13ef000 	C:\Windows\System32\gdi32full.dll
0x00007ffcb0b10000 - 0x00007ffcb0bad000 	C:\Windows\System32\msvcp_win.dll
0x00007ffcb1490000 - 0x00007ffcb14c2000 	C:\Windows\System32\IMM32.DLL
0x00007ffc82580000 - 0x00007ffc8261b000 	C:\Users\Filip\.jdks\corretto-17.0.4.1\bin\msvcp140.dll
0x00007ffc75cd0000 - 0x00007ffc768e4000 	C:\Users\Filip\.jdks\corretto-17.0.4.1\bin\server\jvm.dll
0x00007ffcb32c0000 - 0x00007ffcb336e000 	C:\Windows\System32\ADVAPI32.dll
0x00007ffcb3090000 - 0x00007ffcb312c000 	C:\Windows\System32\sechost.dll
0x00007ffcb2ee0000 - 0x00007ffcb3005000 	C:\Windows\System32\RPCRT4.dll
0x00007ffcb1890000 - 0x00007ffcb1898000 	C:\Windows\System32\PSAPI.DLL
0x00007ffca9980000 - 0x00007ffca9989000 	C:\Windows\SYSTEM32\WSOCK32.dll
0x00007ffcb2cc0000 - 0x00007ffcb2d2b000 	C:\Windows\System32\WS2_32.dll
0x00007ffca5d80000 - 0x00007ffca5d8a000 	C:\Windows\SYSTEM32\VERSION.dll
0x00007ffca5920000 - 0x00007ffca5947000 	C:\Windows\SYSTEM32\WINMM.dll
0x00007ffcae840000 - 0x00007ffcae852000 	C:\Windows\SYSTEM32\kernel.appcore.dll
0x00007ffca5950000 - 0x00007ffca595a000 	C:\Users\Filip\.jdks\corretto-17.0.4.1\bin\jimage.dll
0x00007ffca7b10000 - 0x00007ffca7cf4000 	C:\Windows\SYSTEM32\DBGHELP.DLL
0x00007ffc9b1d0000 - 0x00007ffc9b205000 	C:\Windows\SYSTEM32\dbgcore.DLL
0x00007ffcb11d0000 - 0x00007ffcb1252000 	C:\Windows\System32\bcryptPrimitives.dll
0x00007ffc906c0000 - 0x00007ffc906e5000 	C:\Users\Filip\.jdks\corretto-17.0.4.1\bin\java.dll
0x00007ffc81d80000 - 0x00007ffc81e56000 	C:\Users\Filip\.jdks\corretto-17.0.4.1\bin\jsvml.dll
0x00007ffcb2120000 - 0x00007ffcb2864000 	C:\Windows\System32\SHELL32.dll
0x00007ffcaeb20000 - 0x00007ffcaf2b2000 	C:\Windows\SYSTEM32\windows.storage.dll
0x00007ffcb1950000 - 0x00007ffcb1ca5000 	C:\Windows\System32\combase.dll
0x00007ffcb0340000 - 0x00007ffcb0370000 	C:\Windows\SYSTEM32\Wldp.dll
0x00007ffcb1660000 - 0x00007ffcb170d000 	C:\Windows\System32\SHCORE.dll
0x00007ffcb2870000 - 0x00007ffcb28c5000 	C:\Windows\System32\shlwapi.dll
0x00007ffcb09e0000 - 0x00007ffcb09ff000 	C:\Windows\SYSTEM32\profapi.dll
0x00007ffc9fdc0000 - 0x00007ffc9fdd9000 	C:\Users\Filip\.jdks\corretto-17.0.4.1\bin\net.dll
0x00007ffca9f10000 - 0x00007ffcaa01c000 	C:\Windows\SYSTEM32\WINHTTP.dll
0x00007ffcb0120000 - 0x00007ffcb018a000 	C:\Windows\system32\mswsock.dll
0x00007ffc9d4d0000 - 0x00007ffc9d4e5000 	C:\Users\Filip\.jdks\corretto-17.0.4.1\bin\nio.dll
0x00007ffc9d3a0000 - 0x00007ffc9d3b8000 	C:\Users\Filip\.jdks\corretto-17.0.4.1\bin\zip.dll
0x00007ffc9b420000 - 0x00007ffc9b430000 	C:\Users\Filip\.jdks\corretto-17.0.4.1\bin\verify.dll
0x00007ffc850a0000 - 0x00007ffc85115000 	C:\Users\Filip\AppData\Local\Temp\lwjglFilip\3.3.1-build-7\lwjgl.dll
0x00007ffc836a0000 - 0x00007ffc83701000 	C:\Users\Filip\AppData\Local\Temp\lwjglFilip\3.3.1-build-7\glfw.dll
0x00007ffc84080000 - 0x00007ffc840c5000 	C:\Windows\SYSTEM32\dinput8.dll
0x00007ffc8c8e0000 - 0x00007ffc8c8f1000 	C:\Windows\SYSTEM32\xinput1_4.dll
0x00007ffcb1260000 - 0x00007ffcb12ae000 	C:\Windows\System32\cfgmgr32.dll
0x00007ffcb07e0000 - 0x00007ffcb080c000 	C:\Windows\SYSTEM32\DEVOBJ.dll
0x00007ffcae810000 - 0x00007ffcae83f000 	C:\Windows\SYSTEM32\dwmapi.dll
0x00007ffc8c990000 - 0x00007ffc8cae2000 	C:\Windows\SYSTEM32\inputhost.dll
0x00007ffcb1580000 - 0x00007ffcb164d000 	C:\Windows\System32\OLEAUT32.dll
0x00007ffcae030000 - 0x00007ffcae122000 	C:\Windows\SYSTEM32\CoreMessaging.dll
0x00007ffcad560000 - 0x00007ffcad6b4000 	C:\Windows\SYSTEM32\wintypes.dll
0x00007ffcadcd0000 - 0x00007ffcae02e000 	C:\Windows\SYSTEM32\CoreUIComponents.dll
0x00007ffcac5c0000 - 0x00007ffcac6b6000 	C:\Windows\SYSTEM32\PROPSYS.dll
0x00007ffcafb80000 - 0x00007ffcafbb3000 	C:\Windows\SYSTEM32\ntmarta.dll
0x00007ffcae450000 - 0x00007ffcae4ee000 	C:\Windows\system32\uxtheme.dll
0x00007ffcb1710000 - 0x00007ffcb1825000 	C:\Windows\System32\MSCTF.dll
0x00007ffc9b430000 - 0x00007ffc9b555000 	C:\Windows\SYSTEM32\opengl32.dll
0x00007ffca2000000 - 0x00007ffca202c000 	C:\Windows\SYSTEM32\GLU32.dll
0x00007ffcb14d0000 - 0x00007ffcb157f000 	C:\Windows\System32\clbcatq.dll
0x00007ffc8c690000 - 0x00007ffc8c6b9000 	C:\Windows\System32\DriverStore\FileRepository\u0353287.inf_amd64_ecfcd6842346386a\B353212\atig6pxx.dll
0x00007ffc67090000 - 0x00007ffc6a9ae000 	C:\Windows\System32\DriverStore\FileRepository\u0353287.inf_amd64_ecfcd6842346386a\B353212\atio6axx.dll
0x00007ffcb1cb0000 - 0x00007ffcb2118000 	C:\Windows\System32\SETUPAPI.dll
0x00007ffcb12b0000 - 0x00007ffcb12d7000 	C:\Windows\System32\bcrypt.dll
0x00007ffcb3130000 - 0x00007ffcb325a000 	C:\Windows\System32\ole32.dll
0x00007ffc84680000 - 0x00007ffc846a4000 	C:\Windows\SYSTEM32\dxva2.dll
0x00007ffc87dd0000 - 0x00007ffc87e0a000 	C:\Windows\System32\DriverStore\FileRepository\u0353287.inf_amd64_ecfcd6842346386a\B353212\atig6txx.dll
0x00007ffc77810000 - 0x00007ffc779be000 	C:\Windows\SYSTEM32\atiadlxx.dll
0x00007ffcb0aa0000 - 0x00007ffcb0b09000 	C:\Windows\System32\WINTRUST.dll
0x00007ffcb0bb0000 - 0x00007ffcb0d06000 	C:\Windows\System32\CRYPT32.dll
0x00007ffcb0620000 - 0x00007ffcb0632000 	C:\Windows\SYSTEM32\MSASN1.dll
0x00007ffca5e80000 - 0x00007ffca5ebb000 	C:\Windows\SYSTEM32\dxcore.dll
0x00007ffc8e620000 - 0x00007ffc8e719000 	C:\Windows\SYSTEM32\textinputframework.dll
0x00007ffc82200000 - 0x00007ffc8225d000 	C:\Users\Filip\AppData\Local\Temp\lwjglFilip\3.3.1-build-7\lwjgl_opengl.dll
0x00007ffc73550000 - 0x00007ffc73af9000 	C:\Users\Filip\AppData\Local\Temp\lwjglFilip\3.3.1-build-7\assimp.dll
0x00007ffc81cf0000 - 0x00007ffc81d71000 	C:\Users\Filip\AppData\Local\Temp\lwjglFilip\3.3.1-build-7\lwjgl_stb.dll

dbghelp: loaded successfully - version: 4.0.5 - missing functions: none
symbol engine: initialized successfully - sym options: 0x614 - pdb path: .;C:\Users\Filip\.jdks\corretto-17.0.4.1\bin;C:\Windows\SYSTEM32;C:\Windows\WinSxS\amd64_microsoft.windows.common-controls_6595b64144ccf1df_6.0.19041.1110_none_60b5254171f9507e;C:\Users\Filip\.jdks\corretto-17.0.4.1\bin\server;C:\Users\Filip\AppData\Local\Temp\lwjglFilip\3.3.1-build-7;C:\Windows\System32\DriverStore\FileRepository\u0353287.inf_amd64_ecfcd6842346386a\B353212

VM Arguments:
jvm_args: -Dfile.encoding=windows-1250 -Duser.country=PL -Duser.language=pl -Duser.variant 
java_command: org.example.HelloWorld
java_class_path (initial): D:\ideaProjectsD\opengltest\opengltest\build\classes\java\main;D:\ideaProjectsD\opengltest\opengltest\build\resources\main;C:\Users\Filip\.gradle\caches\modules-2\files-2.1\org.joml\joml\1.10.5\22566d58af70ad3d72308bab63b8339906deb649\joml-1.10.5.jar;C:\Users\Filip\.gradle\caches\modules-2\files-2.1\org.lwjgl\lwjgl-assimp\3.3.1\312072f451794f25670aebb0160ce6ec88aff842\lwjgl-assimp-3.3.1.jar;C:\Users\Filip\.gradle\caches\modules-2\files-2.1\org.lwjgl\lwjgl-assimp\3.3.1\bfa2a0d57acbf952b716d0ad8a3acbd7ad9f5639\lwjgl-assimp-3.3.1-natives-windows.jar;C:\Users\Filip\.gradle\caches\modules-2\files-2.1\org.lwjgl\lwjgl-bgfx\3.3.1\4243b7d255d885980f10c36edfb678729493685e\lwjgl-bgfx-3.3.1.jar;C:\Users\Filip\.gradle\caches\modules-2\files-2.1\org.lwjgl\lwjgl-bgfx\3.3.1\12f22e13c99db9153124dbc17b84fe0233c6f3d5\lwjgl-bgfx-3.3.1-natives-windows.jar;C:\Users\Filip\.gradle\caches\modules-2\files-2.1\org.lwjgl\lwjgl-glfw\3.3.1\cbac1b8d30cb4795149c1ef540f912671a8616d0\lwjgl-glfw-3.3.1.jar;C:\Users\Filip\.gradle\caches\modules-2\files-2.1\org.lwjgl\lwjgl-glfw\3.3.1\ed892f945cf7e79c8756796f32d00fa4ceaf573b\lwjgl-glfw-3.3.1-natives-windows.jar;C:\Users\Filip\.gradle\caches\modules-2\files-2.1\org.lwjgl\lwjgl-nanovg\3.3.1\2f3b4d8f9b8de598517f105ce7e68560f25f11c6\lwjgl-nanovg-3.3.1.jar;C:\Users\Filip\.gradle\caches\modules-2\files-2.1\org.lwjgl\lwjgl-nanovg\3.3.1\1da0ba083ec772b85b3ea49ba4a3750bf8c7f4e1\lwjgl-nanovg-3.3.1-natives-windows.jar;C:\Users\Filip\.gradle\caches\modules-2\files-2.1\org.lwjgl\lwjgl-nuklear\3.3.1\628ccf80db3d623f1f559978e4246a23b2d1eeb1\lwjgl-nuklear-3.3.1.jar;C:\Users\Filip\.gradle\caches\modules-2\files-2.1\org.lwjgl\lwjgl-nuklear\3.3.1\755c93226fa44597741e37c6649e86cefa46b262\lwjgl-nuklear-3.3.1-natives-windows.jar;C:\Users\Filip\.gradle\caches\modules-2\files-2.1\org.lwjgl\lwjgl-openal\3.3.1\2623a6b8ae1dfcd880738656a9f0243d2e6840bd\lwjgl-openal-3.3.1.jar;C:\Users\Filip\.gradle\caches\modules-2\files-2.1\org.lwjgl\lwjgl-openal\3.3.1\
Launcher Type: SUN_STANDARD

[Global flags]
     intx CICompilerCount                          = 3                                         {product} {ergonomic}
     uint ConcGCThreads                            = 2                                         {product} {ergonomic}
     uint G1ConcRefinementThreads                  = 6                                         {product} {ergonomic}
   size_t G1HeapRegionSize                         = 2097152                                   {product} {ergonomic}
    uintx GCDrainStackTargetSize                   = 64                                        {product} {ergonomic}
   size_t InitialHeapSize                          = 257949696                                 {product} {ergonomic}
   size_t MarkStackSize                            = 4194304                                   {product} {ergonomic}
   size_t MaxHeapSize                              = 4127195136                                {product} {ergonomic}
   size_t MaxNewSize                               = 2474639360                                {product} {ergonomic}
   size_t MinHeapDeltaBytes                        = 2097152                                   {product} {ergonomic}
   size_t MinHeapSize                              = 8388608                                   {product} {ergonomic}
    uintx NonNMethodCodeHeapSize                   = 5832780                                {pd product} {ergonomic}
    uintx NonProfiledCodeHeapSize                  = 122912730                              {pd product} {ergonomic}
    uintx ProfiledCodeHeapSize                     = 122912730                              {pd product} {ergonomic}
    uintx ReservedCodeCacheSize                    = 251658240                              {pd product} {ergonomic}
     bool SegmentedCodeCache                       = true                                      {product} {ergonomic}
   size_t SoftMaxHeapSize                          = 4127195136                             {manageable} {ergonomic}
     bool UseCompressedClassPointers               = true                           {product lp64_product} {ergonomic}
     bool UseCompressedOops                        = true                           {product lp64_product} {ergonomic}
     bool UseG1GC                                  = true                                      {product} {ergonomic}
     bool UseLargePagesIndividualAllocation        = false                                  {pd product} {ergonomic}

Logging:
Log output configuration:
 #0: stdout all=warning uptime,level,tags
 #1: stderr all=off uptime,level,tags

Environment Variables:
JAVA_HOME=C:\Users\Filip\.jdks\corretto-17.0.4.1
PATH=C:\Program Files (x86)\Common Files\Oracle\Java\javapath;C:\Windows\system32;C:\Windows;C:\Windows\System32\Wbem;C:\Windows\System32\WindowsPowerShell\v1.0\;C:\Windows\System32\OpenSSH\;C:\Users\Filip\.jdks\corretto-11.0.12;C:\Program Files\MATLAB\R2021b\bin;C:\Program Files\dotnet\;C:\Program Files (x86)\dotnet\;C:\Program Files\CMake\bin;C:\Program Files\Git\cmd;C:\Program Files\Microsoft SQL Server\Client SDK\ODBC\170\Tools\Binn\;C:\Program Files (x86)\Microsoft SQL Server\150\Tools\Binn\;C:\Program Files\Microsoft SQL Server\150\Tools\Binn\;C:\Program Files\Microsoft SQL Server\150\DTS\Binn\;C:\Program Files (x86)\Microsoft SQL Server\150\DTS\Binn\;C:\Program Files\Azure Data Studio\bin;C:\Program Files\Pandoc\;C:\Program Files\Microsoft SQL Server\130\Tools\Binn\;D:\Program Files\NodeJs\;C:\Users\Filip\.jdks\corretto-17.0.4.1\bin;C:\Users\Filip\AppData\Local\Programs\Python\Launcher\;C:\Users\Filip\AppData\Local\Microsoft\WindowsApps;C:\Users\Filip\.dotnet\tools;C:\Users\Filip\AppData\Local\Programs\Microsoft VS Code\bin;C:\Users\Filip\Downloads\php-8.1.0-nts-Win32-vs16-x64\php.exe;C:\Users\Filip\AppData\Roaming\Python\Python37\Scripts;C:\Users\Filip\AppData\Local\Packages\PythonSoftwareFoundation.Python.3.7_qbz5n2kfra8p0\LocalCache\local-packages\Python37\Scripts;C:\Program Files\Azure Data Studio\bin;D:\Program Files\IntelliJ IDEA 2022.1\bin;;C:\Users\Filip\AppData\Roaming\npm;C:\Gradle\bin;C:\apache-maven-3.8.6\bin;
USERNAME=Filip
OS=Windows_NT
PROCESSOR_IDENTIFIER=AMD64 Family 23 Model 96 Stepping 1, AuthenticAMD
TMP=C:\Users\Filip\AppData\Local\Temp
TEMP=C:\Users\Filip\AppData\Local\Temp



---------------  S Y S T E M  ---------------

OS:
 Windows 10 , 64 bit Build 19041 (10.0.19041.2364)
OS uptime: 0 days 1:44 hours
Hyper-V role detected

CPU: total 6 (initial active 6) (6 cores per cpu, 1 threads per core) family 23 model 96 stepping 1 microcode 0x0, cx8, cmov, fxsr, mmx, 3dnowpref, sse, sse2, sse3, ssse3, sse4a, sse4.1, sse4.2, popcnt, lzcnt, tsc, tscinvbit, avx, avx2, aes, clmul, bmi1, bmi2, adx, sha, fma, vzeroupper, clflush, clflushopt, hv

Memory: 4k page, system-wide physical 15741M (4332M free)
TotalPageFile size 18173M (AvailPageFile size 3726M)
current process WorkingSet (physical memory assigned to process): 707M, peak: 707M
current process commit charge ("private bytes"): 1249M, peak: 1249M

vm_info: OpenJDK 64-Bit Server VM (17.0.4.1+9-LTS) for windows-amd64 JRE (17.0.4.1+9-LTS), built on Aug 12 2022 17:33:36 by "Administrator" with MS VC++ 15.9 (VS2017)

END.
